2024-10-07 10:34:22.645 +02:00 [INF] User profile is available. Using 'C:\Users\Bruker\AppData\Local\ASP.NET\DataProtection-Keys' as key repository and Windows DPAPI to encrypt keys at rest.
2024-10-07 10:34:22.807 +02:00 [WRN] The ASP.NET Core developer certificate is not trusted. For information about trusting the ASP.NET Core developer certificate, see https://aka.ms/aspnet/https-trust-dev-cert.
2024-10-07 10:34:22.870 +02:00 [INF] Now listening on: https://localhost:7064
2024-10-07 10:34:22.872 +02:00 [INF] Now listening on: http://localhost:5092
2024-10-07 10:34:22.879 +02:00 [INF] Application started. Press Ctrl+C to shut down.
2024-10-07 10:34:22.891 +02:00 [INF] Hosting environment: Development
2024-10-07 10:34:22.895 +02:00 [INF] Content root path: C:\Users\Bruker\Desktop\Webapplikasjoner-ITPE3200\MyShop\MyShop
2024-10-07 10:34:23.094 +02:00 [INF] Request starting HTTP/1.1 GET http://localhost:5092/ - null null
2024-10-07 10:34:23.116 +02:00 [INF] Executing endpoint 'MyShop.Controllers.HomeController.Index (MyShop)'
2024-10-07 10:34:23.125 +02:00 [INF] Route matched with {action = "Index", controller = "Home"}. Executing controller action with signature Microsoft.AspNetCore.Mvc.IActionResult Index() on controller MyShop.Controllers.HomeController (MyShop).
2024-10-07 10:34:23.133 +02:00 [INF] Executing ViewResult, running view Index.
2024-10-07 10:34:23.186 +02:00 [INF] Executed ViewResult - view Index executed in 55.3052ms.
2024-10-07 10:34:23.188 +02:00 [INF] Executed action MyShop.Controllers.HomeController.Index (MyShop) in 62.6102ms
2024-10-07 10:34:23.188 +02:00 [INF] Executed endpoint 'MyShop.Controllers.HomeController.Index (MyShop)'
2024-10-07 10:34:23.190 +02:00 [INF] Request finished HTTP/1.1 GET http://localhost:5092/ - 200 null text/html; charset=utf-8 97.3839ms
2024-10-07 10:34:38.153 +02:00 [INF] Request starting HTTP/1.1 GET http://localhost:5092/Item/Table - null null
2024-10-07 10:34:38.156 +02:00 [INF] Executing endpoint 'MyShop.Controllers.ItemController.Table (MyShop)'
2024-10-07 10:34:38.160 +02:00 [INF] Route matched with {action = "Table", controller = "Item"}. Executing controller action with signature System.Threading.Tasks.Task`1[Microsoft.AspNetCore.Mvc.IActionResult] Table() on controller MyShop.Controllers.ItemController (MyShop).
2024-10-07 10:34:38.166 +02:00 [INF] This is an information message.
2024-10-07 10:34:38.171 +02:00 [WRN] This is a warning message.
2024-10-07 10:34:38.174 +02:00 [ERR] This is an error message.
2024-10-07 10:34:38.227 +02:00 [INF] Executing ViewResult, running view Table.
2024-10-07 10:34:38.235 +02:00 [INF] Executed ViewResult - view Table executed in 8.6061ms.
2024-10-07 10:34:38.235 +02:00 [INF] Executed action MyShop.Controllers.ItemController.Table (MyShop) in 74.8713ms
2024-10-07 10:34:38.235 +02:00 [INF] Executed endpoint 'MyShop.Controllers.ItemController.Table (MyShop)'
2024-10-07 10:34:38.238 +02:00 [INF] Request finished HTTP/1.1 GET http://localhost:5092/Item/Table - 200 null text/html; charset=utf-8 85.3663ms
2024-10-07 10:34:38.250 +02:00 [INF] Request starting HTTP/1.1 GET http://localhost:5092/images/frenchfries.jpg - null null
2024-10-07 10:34:38.251 +02:00 [INF] Request starting HTTP/1.1 GET http://localhost:5092/images/chickenleg.jpg - null null
2024-10-07 10:34:38.252 +02:00 [INF] Request starting HTTP/1.1 GET http://localhost:5092/images/cider.jpg - null null
2024-10-07 10:34:38.259 +02:00 [INF] Request starting HTTP/1.1 GET http://localhost:5092/images/ribs.jpg - null null
2024-10-07 10:34:38.259 +02:00 [INF] Request starting HTTP/1.1 GET http://localhost:5092/images/coke.jpg - null null
2024-10-07 10:34:38.262 +02:00 [INF] The file /images/ribs.jpg was not modified
2024-10-07 10:34:38.262 +02:00 [INF] The file /images/chickenleg.jpg was not modified
2024-10-07 10:34:38.262 +02:00 [INF] Request finished HTTP/1.1 GET http://localhost:5092/images/chickenleg.jpg - 304 null image/jpeg 11.3802ms
2024-10-07 10:34:38.262 +02:00 [INF] Request finished HTTP/1.1 GET http://localhost:5092/images/ribs.jpg - 304 null image/jpeg 3.1143ms
2024-10-07 10:34:38.293 +02:00 [INF] Sending file. Request path: '/images/cider.jpg'. Physical path: 'C:\Users\Bruker\Desktop\Webapplikasjoner-ITPE3200\MyShop\MyShop\wwwroot\images\cider.jpg'
2024-10-07 10:34:38.293 +02:00 [INF] Sending file. Request path: '/images/frenchfries.jpg'. Physical path: 'C:\Users\Bruker\Desktop\Webapplikasjoner-ITPE3200\MyShop\MyShop\wwwroot\images\frenchfries.jpg'
2024-10-07 10:34:38.293 +02:00 [INF] Sending file. Request path: '/images/coke.jpg'. Physical path: 'C:\Users\Bruker\Desktop\Webapplikasjoner-ITPE3200\MyShop\MyShop\wwwroot\images\coke.jpg'
2024-10-07 10:34:38.294 +02:00 [INF] Request finished HTTP/1.1 GET http://localhost:5092/images/coke.jpg - 200 40331 image/jpeg 35.0534ms
2024-10-07 10:34:38.294 +02:00 [INF] Request finished HTTP/1.1 GET http://localhost:5092/images/frenchfries.jpg - 200 52799 image/jpeg 43.9619ms
2024-10-07 10:34:38.294 +02:00 [INF] Request finished HTTP/1.1 GET http://localhost:5092/images/cider.jpg - 200 28236 image/jpeg 41.8703ms
2024-10-07 10:34:39.798 +02:00 [INF] Request starting HTTP/1.1 GET http://localhost:5092/Item/Details/1 - null null
2024-10-07 10:34:39.800 +02:00 [INF] Executing endpoint 'MyShop.Controllers.ItemController.Details (MyShop)'
2024-10-07 10:34:39.811 +02:00 [INF] Route matched with {action = "Details", controller = "Item"}. Executing controller action with signature System.Threading.Tasks.Task`1[Microsoft.AspNetCore.Mvc.IActionResult] Details(Int32) on controller MyShop.Controllers.ItemController (MyShop).
2024-10-07 10:34:39.875 +02:00 [INF] Executing ViewResult, running view Details.
2024-10-07 10:34:39.878 +02:00 [INF] Executed ViewResult - view Details executed in 3.3855ms.
2024-10-07 10:34:39.878 +02:00 [INF] Executed action MyShop.Controllers.ItemController.Details (MyShop) in 66.8714ms
2024-10-07 10:34:39.879 +02:00 [INF] Executed endpoint 'MyShop.Controllers.ItemController.Details (MyShop)'
2024-10-07 10:34:39.879 +02:00 [INF] Request finished HTTP/1.1 GET http://localhost:5092/Item/Details/1 - 200 null text/html; charset=utf-8 81.0843ms
2024-10-07 10:34:41.524 +02:00 [INF] Request starting HTTP/1.1 GET http://localhost:5092/Item/Table - null null
2024-10-07 10:34:41.525 +02:00 [INF] Executing endpoint 'MyShop.Controllers.ItemController.Table (MyShop)'
2024-10-07 10:34:41.525 +02:00 [INF] Route matched with {action = "Table", controller = "Item"}. Executing controller action with signature System.Threading.Tasks.Task`1[Microsoft.AspNetCore.Mvc.IActionResult] Table() on controller MyShop.Controllers.ItemController (MyShop).
2024-10-07 10:34:41.532 +02:00 [INF] This is an information message.
2024-10-07 10:34:41.539 +02:00 [WRN] This is a warning message.
2024-10-07 10:34:41.544 +02:00 [ERR] This is an error message.
2024-10-07 10:34:41.553 +02:00 [INF] Executing ViewResult, running view Table.
2024-10-07 10:34:41.555 +02:00 [INF] Executed ViewResult - view Table executed in 2.1014ms.
2024-10-07 10:34:41.555 +02:00 [INF] Executed action MyShop.Controllers.ItemController.Table (MyShop) in 29.8789ms
2024-10-07 10:34:41.555 +02:00 [INF] Executed endpoint 'MyShop.Controllers.ItemController.Table (MyShop)'
2024-10-07 10:34:41.555 +02:00 [INF] Request finished HTTP/1.1 GET http://localhost:5092/Item/Table - 200 null text/html; charset=utf-8 31.2116ms
2024-10-07 10:34:42.946 +02:00 [INF] Request starting HTTP/1.1 GET http://localhost:5092/Item/Details/3 - null null
2024-10-07 10:34:42.946 +02:00 [INF] Executing endpoint 'MyShop.Controllers.ItemController.Details (MyShop)'
2024-10-07 10:34:42.946 +02:00 [INF] Route matched with {action = "Details", controller = "Item"}. Executing controller action with signature System.Threading.Tasks.Task`1[Microsoft.AspNetCore.Mvc.IActionResult] Details(Int32) on controller MyShop.Controllers.ItemController (MyShop).
2024-10-07 10:34:42.955 +02:00 [INF] Executing ViewResult, running view Details.
2024-10-07 10:34:42.956 +02:00 [INF] Executed ViewResult - view Details executed in 1.1167ms.
2024-10-07 10:34:42.956 +02:00 [INF] Executed action MyShop.Controllers.ItemController.Details (MyShop) in 10.0509ms
2024-10-07 10:34:42.957 +02:00 [INF] Executed endpoint 'MyShop.Controllers.ItemController.Details (MyShop)'
2024-10-07 10:34:42.957 +02:00 [INF] Request finished HTTP/1.1 GET http://localhost:5092/Item/Details/3 - 200 null text/html; charset=utf-8 10.8808ms
2024-10-07 10:34:53.592 +02:00 [INF] Request starting HTTP/1.1 GET http://localhost:5092/Item/Grid - null null
2024-10-07 10:34:53.593 +02:00 [INF] Executing endpoint 'MyShop.Controllers.ItemController.Grid (MyShop)'
2024-10-07 10:34:53.599 +02:00 [INF] Route matched with {action = "Grid", controller = "Item"}. Executing controller action with signature System.Threading.Tasks.Task`1[Microsoft.AspNetCore.Mvc.IActionResult] Grid() on controller MyShop.Controllers.ItemController (MyShop).
2024-10-07 10:34:53.613 +02:00 [INF] Executing ViewResult, running view Grid.
2024-10-07 10:34:53.628 +02:00 [INF] Executed ViewResult - view Grid executed in 16.377ms.
2024-10-07 10:34:53.628 +02:00 [INF] Executed action MyShop.Controllers.ItemController.Grid (MyShop) in 28.2955ms
2024-10-07 10:34:53.628 +02:00 [INF] Executed endpoint 'MyShop.Controllers.ItemController.Grid (MyShop)'
2024-10-07 10:34:53.629 +02:00 [INF] Request finished HTTP/1.1 GET http://localhost:5092/Item/Grid - 200 null text/html; charset=utf-8 36.279ms
2024-10-07 10:34:54.705 +02:00 [INF] Request starting HTTP/1.1 GET http://localhost:5092/Item/Details/2 - null null
2024-10-07 10:34:54.706 +02:00 [INF] Executing endpoint 'MyShop.Controllers.ItemController.Details (MyShop)'
2024-10-07 10:34:54.706 +02:00 [INF] Route matched with {action = "Details", controller = "Item"}. Executing controller action with signature System.Threading.Tasks.Task`1[Microsoft.AspNetCore.Mvc.IActionResult] Details(Int32) on controller MyShop.Controllers.ItemController (MyShop).
2024-10-07 10:34:54.712 +02:00 [INF] Executing ViewResult, running view Details.
2024-10-07 10:34:54.712 +02:00 [INF] Executed ViewResult - view Details executed in 0.5244ms.
2024-10-07 10:34:54.713 +02:00 [INF] Executed action MyShop.Controllers.ItemController.Details (MyShop) in 6.5209ms
2024-10-07 10:34:54.713 +02:00 [INF] Executed endpoint 'MyShop.Controllers.ItemController.Details (MyShop)'
2024-10-07 10:34:54.713 +02:00 [INF] Request finished HTTP/1.1 GET http://localhost:5092/Item/Details/2 - 200 null text/html; charset=utf-8 7.3236ms
2024-10-07 10:34:56.291 +02:00 [INF] Request starting HTTP/1.1 GET http://localhost:5092/Customer/Table - null null
2024-10-07 10:34:56.292 +02:00 [INF] Executing endpoint 'MyShop.Controllers.CustomerController.Table (MyShop)'
2024-10-07 10:34:56.296 +02:00 [INF] Route matched with {action = "Table", controller = "Customer"}. Executing controller action with signature System.Threading.Tasks.Task`1[Microsoft.AspNetCore.Mvc.IActionResult] Table() on controller MyShop.Controllers.CustomerController (MyShop).
2024-10-07 10:34:56.335 +02:00 [INF] Executing ViewResult, running view Table.
2024-10-07 10:34:56.371 +02:00 [INF] Executed ViewResult - view Table executed in 36.8198ms.
2024-10-07 10:34:56.371 +02:00 [INF] Executed action MyShop.Controllers.CustomerController.Table (MyShop) in 74.8081ms
2024-10-07 10:34:56.371 +02:00 [INF] Executed endpoint 'MyShop.Controllers.CustomerController.Table (MyShop)'
2024-10-07 10:34:56.371 +02:00 [INF] Request finished HTTP/1.1 GET http://localhost:5092/Customer/Table - 200 null text/html; charset=utf-8 79.9978ms
2024-10-07 10:34:57.308 +02:00 [INF] Request starting HTTP/1.1 GET http://localhost:5092/ - null null
2024-10-07 10:34:57.308 +02:00 [INF] Executing endpoint 'MyShop.Controllers.HomeController.Index (MyShop)'
2024-10-07 10:34:57.308 +02:00 [INF] Route matched with {action = "Index", controller = "Home"}. Executing controller action with signature Microsoft.AspNetCore.Mvc.IActionResult Index() on controller MyShop.Controllers.HomeController (MyShop).
2024-10-07 10:34:57.308 +02:00 [INF] Executing ViewResult, running view Index.
2024-10-07 10:34:57.309 +02:00 [INF] Executed ViewResult - view Index executed in 0.8228ms.
2024-10-07 10:34:57.309 +02:00 [INF] Executed action MyShop.Controllers.HomeController.Index (MyShop) in 1.0354ms
2024-10-07 10:34:57.309 +02:00 [INF] Executed endpoint 'MyShop.Controllers.HomeController.Index (MyShop)'
2024-10-07 10:34:57.309 +02:00 [INF] Request finished HTTP/1.1 GET http://localhost:5092/ - 200 null text/html; charset=utf-8 1.4879ms
2024-10-07 10:35:02.066 +02:00 [INF] Request starting HTTP/1.1 GET http://localhost:5092/Order/Table - null null
2024-10-07 10:35:02.066 +02:00 [INF] Executing endpoint 'MyShop.Controllers.OrderController.Table (MyShop)'
2024-10-07 10:35:02.071 +02:00 [INF] Route matched with {action = "Table", controller = "Order"}. Executing controller action with signature System.Threading.Tasks.Task`1[Microsoft.AspNetCore.Mvc.IActionResult] Table() on controller MyShop.Controllers.OrderController (MyShop).
2024-10-07 10:35:02.086 +02:00 [INF] Executing ViewResult, running view Table.
2024-10-07 10:35:02.165 +02:00 [INF] Executed ViewResult - view Table executed in 80.145ms.
2024-10-07 10:35:02.165 +02:00 [INF] Executed action MyShop.Controllers.OrderController.Table (MyShop) in 94.4973ms
2024-10-07 10:35:02.165 +02:00 [INF] Executed endpoint 'MyShop.Controllers.OrderController.Table (MyShop)'
2024-10-07 10:35:02.165 +02:00 [INF] Request finished HTTP/1.1 GET http://localhost:5092/Order/Table - 200 null text/html; charset=utf-8 99.4482ms
2024-10-07 10:35:03.515 +02:00 [INF] Request starting HTTP/1.1 GET http://localhost:5092/Item/Table - null null
2024-10-07 10:35:03.515 +02:00 [INF] Executing endpoint 'MyShop.Controllers.ItemController.Table (MyShop)'
2024-10-07 10:35:03.515 +02:00 [INF] Route matched with {action = "Table", controller = "Item"}. Executing controller action with signature System.Threading.Tasks.Task`1[Microsoft.AspNetCore.Mvc.IActionResult] Table() on controller MyShop.Controllers.ItemController (MyShop).
2024-10-07 10:35:03.519 +02:00 [INF] This is an information message.
2024-10-07 10:35:03.523 +02:00 [WRN] This is a warning message.
2024-10-07 10:35:03.527 +02:00 [ERR] This is an error message.
2024-10-07 10:35:03.532 +02:00 [INF] Executing ViewResult, running view Table.
2024-10-07 10:35:03.534 +02:00 [INF] Executed ViewResult - view Table executed in 2.017ms.
2024-10-07 10:35:03.534 +02:00 [INF] Executed action MyShop.Controllers.ItemController.Table (MyShop) in 18.8863ms
2024-10-07 10:35:03.534 +02:00 [INF] Executed endpoint 'MyShop.Controllers.ItemController.Table (MyShop)'
2024-10-07 10:35:03.534 +02:00 [INF] Request finished HTTP/1.1 GET http://localhost:5092/Item/Table - 200 null text/html; charset=utf-8 19.7083ms
2024-10-07 10:35:05.051 +02:00 [INF] Request starting HTTP/1.1 GET http://localhost:5092/Item/Details/5 - null null
2024-10-07 10:35:05.051 +02:00 [INF] Executing endpoint 'MyShop.Controllers.ItemController.Details (MyShop)'
2024-10-07 10:35:05.051 +02:00 [INF] Route matched with {action = "Details", controller = "Item"}. Executing controller action with signature System.Threading.Tasks.Task`1[Microsoft.AspNetCore.Mvc.IActionResult] Details(Int32) on controller MyShop.Controllers.ItemController (MyShop).
2024-10-07 10:35:05.056 +02:00 [INF] Executing ViewResult, running view Details.
2024-10-07 10:35:05.057 +02:00 [INF] Executed ViewResult - view Details executed in 0.7998ms.
2024-10-07 10:35:05.057 +02:00 [INF] Executed action MyShop.Controllers.ItemController.Details (MyShop) in 5.2856ms
2024-10-07 10:35:05.057 +02:00 [INF] Executed endpoint 'MyShop.Controllers.ItemController.Details (MyShop)'
2024-10-07 10:35:05.057 +02:00 [INF] Request finished HTTP/1.1 GET http://localhost:5092/Item/Details/5 - 200 null text/html; charset=utf-8 6.2047ms
2024-10-07 10:35:21.373 +02:00 [INF] Request starting HTTP/1.1 GET http://localhost:5092/Item/Table - null null
2024-10-07 10:35:21.373 +02:00 [INF] Executing endpoint 'MyShop.Controllers.ItemController.Table (MyShop)'
2024-10-07 10:35:21.373 +02:00 [INF] Route matched with {action = "Table", controller = "Item"}. Executing controller action with signature System.Threading.Tasks.Task`1[Microsoft.AspNetCore.Mvc.IActionResult] Table() on controller MyShop.Controllers.ItemController (MyShop).
2024-10-07 10:35:21.376 +02:00 [INF] This is an information message.
2024-10-07 10:35:21.379 +02:00 [WRN] This is a warning message.
2024-10-07 10:35:21.383 +02:00 [ERR] This is an error message.
2024-10-07 10:35:21.387 +02:00 [INF] Executing ViewResult, running view Table.
2024-10-07 10:35:21.387 +02:00 [INF] Executed ViewResult - view Table executed in 0.4785ms.
2024-10-07 10:35:21.387 +02:00 [INF] Executed action MyShop.Controllers.ItemController.Table (MyShop) in 13.8227ms
2024-10-07 10:35:21.387 +02:00 [INF] Executed endpoint 'MyShop.Controllers.ItemController.Table (MyShop)'
2024-10-07 10:35:21.387 +02:00 [INF] Request finished HTTP/1.1 GET http://localhost:5092/Item/Table - 200 null text/html; charset=utf-8 14.3934ms
2024-10-07 10:35:22.811 +02:00 [INF] Request starting HTTP/1.1 GET http://localhost:5092/Item/Details/1 - null null
2024-10-07 10:35:22.811 +02:00 [INF] Executing endpoint 'MyShop.Controllers.ItemController.Details (MyShop)'
2024-10-07 10:35:22.811 +02:00 [INF] Route matched with {action = "Details", controller = "Item"}. Executing controller action with signature System.Threading.Tasks.Task`1[Microsoft.AspNetCore.Mvc.IActionResult] Details(Int32) on controller MyShop.Controllers.ItemController (MyShop).
2024-10-07 10:35:22.816 +02:00 [INF] Executing ViewResult, running view Details.
2024-10-07 10:35:22.817 +02:00 [INF] Executed ViewResult - view Details executed in 0.4629ms.
2024-10-07 10:35:22.817 +02:00 [INF] Executed action MyShop.Controllers.ItemController.Details (MyShop) in 5.9173ms
2024-10-07 10:35:22.817 +02:00 [INF] Executed endpoint 'MyShop.Controllers.ItemController.Details (MyShop)'
2024-10-07 10:35:22.817 +02:00 [INF] Request finished HTTP/1.1 GET http://localhost:5092/Item/Details/1 - 200 null text/html; charset=utf-8 6.532ms
2024-10-07 10:35:25.857 +02:00 [INF] Request starting HTTP/1.1 GET http://localhost:5092/Item/Table - null null
2024-10-07 10:35:25.857 +02:00 [INF] Executing endpoint 'MyShop.Controllers.ItemController.Table (MyShop)'
2024-10-07 10:35:25.857 +02:00 [INF] Route matched with {action = "Table", controller = "Item"}. Executing controller action with signature System.Threading.Tasks.Task`1[Microsoft.AspNetCore.Mvc.IActionResult] Table() on controller MyShop.Controllers.ItemController (MyShop).
2024-10-07 10:35:25.861 +02:00 [INF] This is an information message.
2024-10-07 10:35:25.864 +02:00 [WRN] This is a warning message.
2024-10-07 10:35:25.868 +02:00 [ERR] This is an error message.
2024-10-07 10:35:25.874 +02:00 [INF] Executing ViewResult, running view Table.
2024-10-07 10:35:25.875 +02:00 [INF] Executed ViewResult - view Table executed in 1.2096ms.
2024-10-07 10:35:25.875 +02:00 [INF] Executed action MyShop.Controllers.ItemController.Table (MyShop) in 17.3236ms
2024-10-07 10:35:25.875 +02:00 [INF] Executed endpoint 'MyShop.Controllers.ItemController.Table (MyShop)'
2024-10-07 10:35:25.875 +02:00 [INF] Request finished HTTP/1.1 GET http://localhost:5092/Item/Table - 200 null text/html; charset=utf-8 17.9128ms
2024-10-07 10:35:27.407 +02:00 [INF] Request starting HTTP/1.1 GET http://localhost:5092/Item/Details/4 - null null
2024-10-07 10:35:27.407 +02:00 [INF] Executing endpoint 'MyShop.Controllers.ItemController.Details (MyShop)'
2024-10-07 10:35:27.407 +02:00 [INF] Route matched with {action = "Details", controller = "Item"}. Executing controller action with signature System.Threading.Tasks.Task`1[Microsoft.AspNetCore.Mvc.IActionResult] Details(Int32) on controller MyShop.Controllers.ItemController (MyShop).
2024-10-07 10:35:27.411 +02:00 [INF] Executing ViewResult, running view Details.
2024-10-07 10:35:27.412 +02:00 [INF] Executed ViewResult - view Details executed in 0.9532ms.
2024-10-07 10:35:27.412 +02:00 [INF] Executed action MyShop.Controllers.ItemController.Details (MyShop) in 5.4429ms
2024-10-07 10:35:27.412 +02:00 [INF] Executed endpoint 'MyShop.Controllers.ItemController.Details (MyShop)'
2024-10-07 10:35:27.413 +02:00 [INF] Request finished HTTP/1.1 GET http://localhost:5092/Item/Details/4 - 200 null text/html; charset=utf-8 6.2303ms
2024-10-07 10:35:29.821 +02:00 [INF] Request starting HTTP/1.1 GET http://localhost:5092/Item/Table - null null
2024-10-07 10:35:29.821 +02:00 [INF] Executing endpoint 'MyShop.Controllers.ItemController.Table (MyShop)'
2024-10-07 10:35:29.821 +02:00 [INF] Route matched with {action = "Table", controller = "Item"}. Executing controller action with signature System.Threading.Tasks.Task`1[Microsoft.AspNetCore.Mvc.IActionResult] Table() on controller MyShop.Controllers.ItemController (MyShop).
2024-10-07 10:35:29.824 +02:00 [INF] This is an information message.
2024-10-07 10:35:29.829 +02:00 [WRN] This is a warning message.
2024-10-07 10:35:29.834 +02:00 [ERR] This is an error message.
2024-10-07 10:35:29.839 +02:00 [INF] Executing ViewResult, running view Table.
2024-10-07 10:35:29.840 +02:00 [INF] Executed ViewResult - view Table executed in 0.7627ms.
2024-10-07 10:35:29.840 +02:00 [INF] Executed action MyShop.Controllers.ItemController.Table (MyShop) in 18.8987ms
2024-10-07 10:35:29.840 +02:00 [INF] Executed endpoint 'MyShop.Controllers.ItemController.Table (MyShop)'
2024-10-07 10:35:29.840 +02:00 [INF] Request finished HTTP/1.1 GET http://localhost:5092/Item/Table - 200 null text/html; charset=utf-8 19.3704ms
2024-10-07 10:35:30.924 +02:00 [INF] Request starting HTTP/1.1 GET http://localhost:5092/Item/Details/6 - null null
2024-10-07 10:35:30.924 +02:00 [INF] Executing endpoint 'MyShop.Controllers.ItemController.Details (MyShop)'
2024-10-07 10:35:30.924 +02:00 [INF] Route matched with {action = "Details", controller = "Item"}. Executing controller action with signature System.Threading.Tasks.Task`1[Microsoft.AspNetCore.Mvc.IActionResult] Details(Int32) on controller MyShop.Controllers.ItemController (MyShop).
2024-10-07 10:35:30.929 +02:00 [INF] Executing ViewResult, running view Details.
2024-10-07 10:35:30.930 +02:00 [INF] Executed ViewResult - view Details executed in 0.4627ms.
2024-10-07 10:35:30.930 +02:00 [INF] Executed action MyShop.Controllers.ItemController.Details (MyShop) in 5.2595ms
2024-10-07 10:35:30.930 +02:00 [INF] Executed endpoint 'MyShop.Controllers.ItemController.Details (MyShop)'
2024-10-07 10:35:30.930 +02:00 [INF] Request finished HTTP/1.1 GET http://localhost:5092/Item/Details/6 - 200 null text/html; charset=utf-8 5.7002ms
2024-10-07 10:35:32.937 +02:00 [INF] Request starting HTTP/1.1 GET http://localhost:5092/Item/Table - null null
2024-10-07 10:35:32.937 +02:00 [INF] Executing endpoint 'MyShop.Controllers.ItemController.Table (MyShop)'
2024-10-07 10:35:32.937 +02:00 [INF] Route matched with {action = "Table", controller = "Item"}. Executing controller action with signature System.Threading.Tasks.Task`1[Microsoft.AspNetCore.Mvc.IActionResult] Table() on controller MyShop.Controllers.ItemController (MyShop).
2024-10-07 10:35:32.940 +02:00 [INF] This is an information message.
2024-10-07 10:35:32.943 +02:00 [WRN] This is a warning message.
2024-10-07 10:35:32.946 +02:00 [ERR] This is an error message.
2024-10-07 10:35:32.952 +02:00 [INF] Executing ViewResult, running view Table.
2024-10-07 10:35:32.952 +02:00 [INF] Executed ViewResult - view Table executed in 0.71ms.
2024-10-07 10:35:32.953 +02:00 [INF] Executed action MyShop.Controllers.ItemController.Table (MyShop) in 15.5968ms
2024-10-07 10:35:32.953 +02:00 [INF] Executed endpoint 'MyShop.Controllers.ItemController.Table (MyShop)'
2024-10-07 10:35:32.953 +02:00 [INF] Request finished HTTP/1.1 GET http://localhost:5092/Item/Table - 200 null text/html; charset=utf-8 16.2889ms
2024-10-07 10:35:34.435 +02:00 [INF] Request starting HTTP/1.1 GET http://localhost:5092/Item/Details/5 - null null
2024-10-07 10:35:34.436 +02:00 [INF] Executing endpoint 'MyShop.Controllers.ItemController.Details (MyShop)'
2024-10-07 10:35:34.436 +02:00 [INF] Route matched with {action = "Details", controller = "Item"}. Executing controller action with signature System.Threading.Tasks.Task`1[Microsoft.AspNetCore.Mvc.IActionResult] Details(Int32) on controller MyShop.Controllers.ItemController (MyShop).
2024-10-07 10:35:34.440 +02:00 [INF] Executing ViewResult, running view Details.
2024-10-07 10:35:34.440 +02:00 [INF] Executed ViewResult - view Details executed in 0.3873ms.
2024-10-07 10:35:34.440 +02:00 [INF] Executed action MyShop.Controllers.ItemController.Details (MyShop) in 4.7777ms
2024-10-07 10:35:34.441 +02:00 [INF] Executed endpoint 'MyShop.Controllers.ItemController.Details (MyShop)'
2024-10-07 10:35:34.441 +02:00 [INF] Request finished HTTP/1.1 GET http://localhost:5092/Item/Details/5 - 200 null text/html; charset=utf-8 5.2897ms
2024-10-07 10:35:43.989 +02:00 [INF] Request starting HTTP/1.1 GET http://localhost:5092/ - null null
2024-10-07 10:35:43.989 +02:00 [INF] Executing endpoint 'MyShop.Controllers.HomeController.Index (MyShop)'
2024-10-07 10:35:43.989 +02:00 [INF] Route matched with {action = "Index", controller = "Home"}. Executing controller action with signature Microsoft.AspNetCore.Mvc.IActionResult Index() on controller MyShop.Controllers.HomeController (MyShop).
2024-10-07 10:35:43.989 +02:00 [INF] Executing ViewResult, running view Index.
2024-10-07 10:35:43.990 +02:00 [INF] Executed ViewResult - view Index executed in 0.4496ms.
2024-10-07 10:35:43.990 +02:00 [INF] Executed action MyShop.Controllers.HomeController.Index (MyShop) in 0.575ms
2024-10-07 10:35:43.990 +02:00 [INF] Executed endpoint 'MyShop.Controllers.HomeController.Index (MyShop)'
2024-10-07 10:35:43.990 +02:00 [INF] Request finished HTTP/1.1 GET http://localhost:5092/ - 200 null text/html; charset=utf-8 0.9976ms
2024-10-07 10:35:45.079 +02:00 [INF] Request starting HTTP/1.1 GET http://localhost:5092/ - null null
2024-10-07 10:35:45.079 +02:00 [INF] Executing endpoint 'MyShop.Controllers.HomeController.Index (MyShop)'
2024-10-07 10:35:45.079 +02:00 [INF] Route matched with {action = "Index", controller = "Home"}. Executing controller action with signature Microsoft.AspNetCore.Mvc.IActionResult Index() on controller MyShop.Controllers.HomeController (MyShop).
2024-10-07 10:35:45.080 +02:00 [INF] Executing ViewResult, running view Index.
2024-10-07 10:35:45.080 +02:00 [INF] Executed ViewResult - view Index executed in 0.5543ms.
2024-10-07 10:35:45.080 +02:00 [INF] Executed action MyShop.Controllers.HomeController.Index (MyShop) in 0.7568ms
2024-10-07 10:35:45.080 +02:00 [INF] Executed endpoint 'MyShop.Controllers.HomeController.Index (MyShop)'
2024-10-07 10:35:45.080 +02:00 [INF] Request finished HTTP/1.1 GET http://localhost:5092/ - 200 null text/html; charset=utf-8 1.3467ms
2024-10-07 10:35:46.015 +02:00 [INF] Request starting HTTP/1.1 GET http://localhost:5092/Item/Table - null null
2024-10-07 10:35:46.015 +02:00 [INF] Executing endpoint 'MyShop.Controllers.ItemController.Table (MyShop)'
2024-10-07 10:35:46.015 +02:00 [INF] Route matched with {action = "Table", controller = "Item"}. Executing controller action with signature System.Threading.Tasks.Task`1[Microsoft.AspNetCore.Mvc.IActionResult] Table() on controller MyShop.Controllers.ItemController (MyShop).
2024-10-07 10:35:46.021 +02:00 [INF] This is an information message.
2024-10-07 10:35:46.024 +02:00 [WRN] This is a warning message.
2024-10-07 10:35:46.028 +02:00 [ERR] This is an error message.
2024-10-07 10:35:46.033 +02:00 [INF] Executing ViewResult, running view Table.
2024-10-07 10:35:46.034 +02:00 [INF] Executed ViewResult - view Table executed in 0.799ms.
2024-10-07 10:35:46.034 +02:00 [INF] Executed action MyShop.Controllers.ItemController.Table (MyShop) in 18.6199ms
2024-10-07 10:35:46.034 +02:00 [INF] Executed endpoint 'MyShop.Controllers.ItemController.Table (MyShop)'
2024-10-07 10:35:46.034 +02:00 [INF] Request finished HTTP/1.1 GET http://localhost:5092/Item/Table - 200 null text/html; charset=utf-8 19.2136ms
2024-10-07 10:35:47.154 +02:00 [INF] Request starting HTTP/1.1 GET http://localhost:5092/Item/Details/6 - null null
2024-10-07 10:35:47.155 +02:00 [INF] Executing endpoint 'MyShop.Controllers.ItemController.Details (MyShop)'
2024-10-07 10:35:47.155 +02:00 [INF] Route matched with {action = "Details", controller = "Item"}. Executing controller action with signature System.Threading.Tasks.Task`1[Microsoft.AspNetCore.Mvc.IActionResult] Details(Int32) on controller MyShop.Controllers.ItemController (MyShop).
2024-10-07 10:35:47.160 +02:00 [INF] Executing ViewResult, running view Details.
2024-10-07 10:35:47.160 +02:00 [INF] Executed ViewResult - view Details executed in 0.4473ms.
2024-10-07 10:35:47.161 +02:00 [INF] Executed action MyShop.Controllers.ItemController.Details (MyShop) in 5.6727ms
2024-10-07 10:35:47.161 +02:00 [INF] Executed endpoint 'MyShop.Controllers.ItemController.Details (MyShop)'
2024-10-07 10:35:47.161 +02:00 [INF] Request finished HTTP/1.1 GET http://localhost:5092/Item/Details/6 - 200 null text/html; charset=utf-8 6.3956ms
