2024-10-07 14:12:26.298 +02:00 [INF] User profile is available. Using 'C:\Users\Bruker\AppData\Local\ASP.NET\DataProtection-Keys' as key repository and Windows DPAPI to encrypt keys at rest.
2024-10-07 14:12:26.406 +02:00 [WRN] The ASP.NET Core developer certificate is not trusted. For information about trusting the ASP.NET Core developer certificate, see https://aka.ms/aspnet/https-trust-dev-cert.
2024-10-07 14:12:26.447 +02:00 [INF] Now listening on: https://localhost:7064
2024-10-07 14:12:26.449 +02:00 [INF] Now listening on: http://localhost:5092
2024-10-07 14:12:26.454 +02:00 [INF] Application started. Press Ctrl+C to shut down.
2024-10-07 14:12:26.456 +02:00 [INF] Hosting environment: Development
2024-10-07 14:12:26.458 +02:00 [INF] Content root path: C:\Users\Bruker\Desktop\Webapplikasjoner-ITPE3200\MyShop\MyShop
2024-10-07 14:12:26.587 +02:00 [INF] Request starting HTTP/1.1 GET http://localhost:5092/ - null null
2024-10-07 14:12:26.604 +02:00 [INF] Executing endpoint 'MyShop.Controllers.HomeController.Index (MyShop)'
2024-10-07 14:12:26.611 +02:00 [INF] Route matched with {action = "Index", controller = "Home"}. Executing controller action with signature Microsoft.AspNetCore.Mvc.IActionResult Index() on controller MyShop.Controllers.HomeController (MyShop).
2024-10-07 14:12:26.617 +02:00 [INF] Executing ViewResult, running view Index.
2024-10-07 14:12:26.666 +02:00 [INF] Executed ViewResult - view Index executed in 49.9083ms.
2024-10-07 14:12:26.669 +02:00 [INF] Executed action MyShop.Controllers.HomeController.Index (MyShop) in 57.836ms
2024-10-07 14:12:26.669 +02:00 [INF] Executed endpoint 'MyShop.Controllers.HomeController.Index (MyShop)'
2024-10-07 14:12:26.674 +02:00 [INF] Request finished HTTP/1.1 GET http://localhost:5092/ - 200 null text/html; charset=utf-8 87.636ms
2024-10-07 14:12:35.995 +02:00 [INF] Request starting HTTP/1.1 GET http://localhost:5092/Customer/Table - null null
2024-10-07 14:12:36.000 +02:00 [INF] Executing endpoint 'MyShop.Controllers.CustomerController.Table (MyShop)'
2024-10-07 14:12:36.006 +02:00 [INF] Route matched with {action = "Table", controller = "Customer"}. Executing controller action with signature System.Threading.Tasks.Task`1[Microsoft.AspNetCore.Mvc.IActionResult] Table() on controller MyShop.Controllers.CustomerController (MyShop).
2024-10-07 14:12:36.070 +02:00 [INF] Executing ViewResult, running view Table.
2024-10-07 14:12:36.108 +02:00 [INF] Executed ViewResult - view Table executed in 38.9833ms.
2024-10-07 14:12:36.109 +02:00 [INF] Executed action MyShop.Controllers.CustomerController.Table (MyShop) in 102.9074ms
2024-10-07 14:12:36.109 +02:00 [INF] Executed endpoint 'MyShop.Controllers.CustomerController.Table (MyShop)'
2024-10-07 14:12:36.111 +02:00 [INF] Request finished HTTP/1.1 GET http://localhost:5092/Customer/Table - 200 null text/html; charset=utf-8 115.9351ms
2024-10-07 14:12:37.260 +02:00 [INF] Request starting HTTP/1.1 GET http://localhost:5092/ - null null
2024-10-07 14:12:37.262 +02:00 [INF] Executing endpoint 'MyShop.Controllers.HomeController.Index (MyShop)'
2024-10-07 14:12:37.262 +02:00 [INF] Route matched with {action = "Index", controller = "Home"}. Executing controller action with signature Microsoft.AspNetCore.Mvc.IActionResult Index() on controller MyShop.Controllers.HomeController (MyShop).
2024-10-07 14:12:37.262 +02:00 [INF] Executing ViewResult, running view Index.
2024-10-07 14:12:37.264 +02:00 [INF] Executed ViewResult - view Index executed in 1.3992ms.
2024-10-07 14:12:37.264 +02:00 [INF] Executed action MyShop.Controllers.HomeController.Index (MyShop) in 1.7472ms
2024-10-07 14:12:37.264 +02:00 [INF] Executed endpoint 'MyShop.Controllers.HomeController.Index (MyShop)'
2024-10-07 14:12:37.264 +02:00 [INF] Request finished HTTP/1.1 GET http://localhost:5092/ - 200 null text/html; charset=utf-8 4.1868ms
2024-10-07 14:12:40.270 +02:00 [INF] Request starting HTTP/1.1 GET http://localhost:5092/ - null null
2024-10-07 14:12:40.270 +02:00 [INF] Executing endpoint 'MyShop.Controllers.HomeController.Index (MyShop)'
2024-10-07 14:12:40.271 +02:00 [INF] Route matched with {action = "Index", controller = "Home"}. Executing controller action with signature Microsoft.AspNetCore.Mvc.IActionResult Index() on controller MyShop.Controllers.HomeController (MyShop).
2024-10-07 14:12:40.271 +02:00 [INF] Executing ViewResult, running view Index.
2024-10-07 14:12:40.272 +02:00 [INF] Executed ViewResult - view Index executed in 0.8211ms.
2024-10-07 14:12:40.272 +02:00 [INF] Executed action MyShop.Controllers.HomeController.Index (MyShop) in 1.0354ms
2024-10-07 14:12:40.272 +02:00 [INF] Executed endpoint 'MyShop.Controllers.HomeController.Index (MyShop)'
2024-10-07 14:12:40.273 +02:00 [INF] Request finished HTTP/1.1 GET http://localhost:5092/ - 200 null text/html; charset=utf-8 2.5289ms
2024-10-07 14:12:40.776 +02:00 [INF] Request starting HTTP/1.1 GET http://localhost:5092/Item/Table - null null
2024-10-07 14:12:40.778 +02:00 [INF] Executing endpoint 'MyShop.Controllers.ItemController.Table (MyShop)'
2024-10-07 14:12:40.783 +02:00 [INF] Route matched with {action = "Table", controller = "Item"}. Executing controller action with signature System.Threading.Tasks.Task`1[Microsoft.AspNetCore.Mvc.IActionResult] Table() on controller MyShop.Controllers.ItemController (MyShop).
2024-10-07 14:12:40.860 +02:00 [INF] Executing ViewResult, running view Table.
2024-10-07 14:12:40.876 +02:00 [INF] Executed ViewResult - view Table executed in 16.9083ms.
2024-10-07 14:12:40.876 +02:00 [INF] Executed action MyShop.Controllers.ItemController.Table (MyShop) in 93.2893ms
2024-10-07 14:12:40.877 +02:00 [INF] Executed endpoint 'MyShop.Controllers.ItemController.Table (MyShop)'
2024-10-07 14:12:40.877 +02:00 [INF] Request finished HTTP/1.1 GET http://localhost:5092/Item/Table - 200 null text/html; charset=utf-8 100.7177ms
2024-10-07 14:12:49.576 +02:00 [INF] Request starting HTTP/1.1 GET http://localhost:5092/Item/Create - null null
2024-10-07 14:12:49.578 +02:00 [INF] Executing endpoint 'MyShop.Controllers.ItemController.Create (MyShop)'
2024-10-07 14:12:49.580 +02:00 [INF] Route matched with {action = "Create", controller = "Item"}. Executing controller action with signature Microsoft.AspNetCore.Mvc.IActionResult Create() on controller MyShop.Controllers.ItemController (MyShop).
2024-10-07 14:12:49.582 +02:00 [INF] Executing ViewResult, running view Create.
2024-10-07 14:12:49.640 +02:00 [INF] Executed ViewResult - view Create executed in 59.366ms.
2024-10-07 14:12:49.641 +02:00 [INF] Executed action MyShop.Controllers.ItemController.Create (MyShop) in 60.2803ms
2024-10-07 14:12:49.641 +02:00 [INF] Executed endpoint 'MyShop.Controllers.ItemController.Create (MyShop)'
2024-10-07 14:12:49.641 +02:00 [INF] Request finished HTTP/1.1 GET http://localhost:5092/Item/Create - 200 null text/html; charset=utf-8 64.9089ms
2024-10-07 14:13:12.409 +02:00 [INF] Request starting HTTP/1.1 POST http://localhost:5092/Item/Create - application/x-www-form-urlencoded 238
2024-10-07 14:13:12.410 +02:00 [INF] Executing endpoint 'MyShop.Controllers.ItemController.Create (MyShop)'
2024-10-07 14:13:12.427 +02:00 [INF] Route matched with {action = "Create", controller = "Item"}. Executing controller action with signature System.Threading.Tasks.Task`1[Microsoft.AspNetCore.Mvc.IActionResult] Create(MyShop.Models.Item) on controller MyShop.Controllers.ItemController (MyShop).
2024-10-07 14:13:12.457 +02:00 [WRN] [ItemController] Item creation failed {"ItemId":0,"Name":"Kebab","Price":0,"Description":"This is a kebab","ImageUrl":null,"OrderItems":null,"$type":"Item"}
2024-10-07 14:13:12.458 +02:00 [INF] Executing ViewResult, running view Create.
2024-10-07 14:13:12.472 +02:00 [INF] Executed ViewResult - view Create executed in 13.6495ms.
2024-10-07 14:13:12.472 +02:00 [INF] Executed action MyShop.Controllers.ItemController.Create (MyShop) in 45.3725ms
2024-10-07 14:13:12.472 +02:00 [INF] Executed endpoint 'MyShop.Controllers.ItemController.Create (MyShop)'
2024-10-07 14:13:12.472 +02:00 [INF] Request finished HTTP/1.1 POST http://localhost:5092/Item/Create - 200 null text/html; charset=utf-8 63.8896ms
2024-10-07 14:13:32.276 +02:00 [INF] Request starting HTTP/1.1 GET http://localhost:5092/Item/Table - null null
2024-10-07 14:13:32.276 +02:00 [INF] Executing endpoint 'MyShop.Controllers.ItemController.Table (MyShop)'
2024-10-07 14:13:32.276 +02:00 [INF] Route matched with {action = "Table", controller = "Item"}. Executing controller action with signature System.Threading.Tasks.Task`1[Microsoft.AspNetCore.Mvc.IActionResult] Table() on controller MyShop.Controllers.ItemController (MyShop).
2024-10-07 14:13:32.283 +02:00 [INF] Executing ViewResult, running view Table.
2024-10-07 14:13:32.285 +02:00 [INF] Executed ViewResult - view Table executed in 1.7871ms.
2024-10-07 14:13:32.285 +02:00 [INF] Executed action MyShop.Controllers.ItemController.Table (MyShop) in 8.3469ms
2024-10-07 14:13:32.285 +02:00 [INF] Executed endpoint 'MyShop.Controllers.ItemController.Table (MyShop)'
2024-10-07 14:13:32.285 +02:00 [INF] Request finished HTTP/1.1 GET http://localhost:5092/Item/Table - 200 null text/html; charset=utf-8 9.4008ms
2024-10-07 14:13:33.838 +02:00 [INF] Request starting HTTP/1.1 GET http://localhost:5092/Item/Details/1 - null null
2024-10-07 14:13:33.838 +02:00 [INF] Executing endpoint 'MyShop.Controllers.ItemController.Details (MyShop)'
2024-10-07 14:13:33.842 +02:00 [INF] Route matched with {action = "Details", controller = "Item"}. Executing controller action with signature System.Threading.Tasks.Task`1[Microsoft.AspNetCore.Mvc.IActionResult] Details(Int32) on controller MyShop.Controllers.ItemController (MyShop).
2024-10-07 14:13:33.861 +02:00 [INF] Executing ViewResult, running view Details.
2024-10-07 14:13:33.864 +02:00 [INF] Executed ViewResult - view Details executed in 4.2636ms.
2024-10-07 14:13:33.864 +02:00 [INF] Executed action MyShop.Controllers.ItemController.Details (MyShop) in 22.5864ms
2024-10-07 14:13:33.865 +02:00 [INF] Executed endpoint 'MyShop.Controllers.ItemController.Details (MyShop)'
2024-10-07 14:13:33.865 +02:00 [INF] Request finished HTTP/1.1 GET http://localhost:5092/Item/Details/1 - 200 null text/html; charset=utf-8 26.6771ms
2024-10-07 14:13:37.971 +02:00 [INF] Request starting HTTP/1.1 GET http://localhost:5092/Item/Table - null null
2024-10-07 14:13:37.971 +02:00 [INF] Executing endpoint 'MyShop.Controllers.ItemController.Table (MyShop)'
2024-10-07 14:13:37.971 +02:00 [INF] Route matched with {action = "Table", controller = "Item"}. Executing controller action with signature System.Threading.Tasks.Task`1[Microsoft.AspNetCore.Mvc.IActionResult] Table() on controller MyShop.Controllers.ItemController (MyShop).
2024-10-07 14:13:37.976 +02:00 [INF] Executing ViewResult, running view Table.
2024-10-07 14:13:37.979 +02:00 [INF] Executed ViewResult - view Table executed in 3.0483ms.
2024-10-07 14:13:37.980 +02:00 [INF] Executed action MyShop.Controllers.ItemController.Table (MyShop) in 8.275ms
2024-10-07 14:13:37.980 +02:00 [INF] Executed endpoint 'MyShop.Controllers.ItemController.Table (MyShop)'
2024-10-07 14:13:37.980 +02:00 [INF] Request finished HTTP/1.1 GET http://localhost:5092/Item/Table - 200 null text/html; charset=utf-8 9.3266ms
2024-10-07 14:13:39.128 +02:00 [INF] Request starting HTTP/1.1 GET http://localhost:5092/Item/Create - null null
2024-10-07 14:13:39.128 +02:00 [INF] Executing endpoint 'MyShop.Controllers.ItemController.Create (MyShop)'
2024-10-07 14:13:39.128 +02:00 [INF] Route matched with {action = "Create", controller = "Item"}. Executing controller action with signature Microsoft.AspNetCore.Mvc.IActionResult Create() on controller MyShop.Controllers.ItemController (MyShop).
2024-10-07 14:13:39.129 +02:00 [INF] Executing ViewResult, running view Create.
2024-10-07 14:13:39.131 +02:00 [INF] Executed ViewResult - view Create executed in 2.0125ms.
2024-10-07 14:13:39.131 +02:00 [INF] Executed action MyShop.Controllers.ItemController.Create (MyShop) in 2.5601ms
2024-10-07 14:13:39.131 +02:00 [INF] Executed endpoint 'MyShop.Controllers.ItemController.Create (MyShop)'
2024-10-07 14:13:39.131 +02:00 [INF] Request finished HTTP/1.1 GET http://localhost:5092/Item/Create - 200 null text/html; charset=utf-8 3.1688ms
2024-10-07 14:13:41.943 +02:00 [INF] Request starting HTTP/1.1 GET http://localhost:5092/Customer/Table - null null
2024-10-07 14:13:41.944 +02:00 [INF] Executing endpoint 'MyShop.Controllers.CustomerController.Table (MyShop)'
2024-10-07 14:13:41.944 +02:00 [INF] Route matched with {action = "Table", controller = "Customer"}. Executing controller action with signature System.Threading.Tasks.Task`1[Microsoft.AspNetCore.Mvc.IActionResult] Table() on controller MyShop.Controllers.CustomerController (MyShop).
2024-10-07 14:13:41.949 +02:00 [INF] Executing ViewResult, running view Table.
2024-10-07 14:13:41.960 +02:00 [INF] Executed ViewResult - view Table executed in 11.5627ms.
2024-10-07 14:13:41.960 +02:00 [INF] Executed action MyShop.Controllers.CustomerController.Table (MyShop) in 16.3744ms
2024-10-07 14:13:41.960 +02:00 [INF] Executed endpoint 'MyShop.Controllers.CustomerController.Table (MyShop)'
2024-10-07 14:13:41.961 +02:00 [INF] Request finished HTTP/1.1 GET http://localhost:5092/Customer/Table - 200 null text/html; charset=utf-8 17.4766ms
2024-10-07 14:13:42.728 +02:00 [INF] Request starting HTTP/1.1 GET http://localhost:5092/Item/Table - null null
2024-10-07 14:13:42.729 +02:00 [INF] Executing endpoint 'MyShop.Controllers.ItemController.Table (MyShop)'
2024-10-07 14:13:42.729 +02:00 [INF] Route matched with {action = "Table", controller = "Item"}. Executing controller action with signature System.Threading.Tasks.Task`1[Microsoft.AspNetCore.Mvc.IActionResult] Table() on controller MyShop.Controllers.ItemController (MyShop).
2024-10-07 14:13:42.734 +02:00 [INF] Executing ViewResult, running view Table.
2024-10-07 14:13:42.735 +02:00 [INF] Executed ViewResult - view Table executed in 1.1465ms.
2024-10-07 14:13:42.735 +02:00 [INF] Executed action MyShop.Controllers.ItemController.Table (MyShop) in 6.4912ms
2024-10-07 14:13:42.735 +02:00 [INF] Executed endpoint 'MyShop.Controllers.ItemController.Table (MyShop)'
2024-10-07 14:13:42.736 +02:00 [INF] Request finished HTTP/1.1 GET http://localhost:5092/Item/Table - 200 null text/html; charset=utf-8 6.987ms
2024-10-07 14:13:45.721 +02:00 [INF] Request starting HTTP/1.1 GET http://localhost:5092/Item/Create - null null
2024-10-07 14:13:45.722 +02:00 [INF] Executing endpoint 'MyShop.Controllers.ItemController.Create (MyShop)'
2024-10-07 14:13:45.722 +02:00 [INF] Route matched with {action = "Create", controller = "Item"}. Executing controller action with signature Microsoft.AspNetCore.Mvc.IActionResult Create() on controller MyShop.Controllers.ItemController (MyShop).
2024-10-07 14:13:45.722 +02:00 [INF] Executing ViewResult, running view Create.
2024-10-07 14:13:45.723 +02:00 [INF] Executed ViewResult - view Create executed in 1.1967ms.
2024-10-07 14:13:45.723 +02:00 [INF] Executed action MyShop.Controllers.ItemController.Create (MyShop) in 1.4923ms
2024-10-07 14:13:45.723 +02:00 [INF] Executed endpoint 'MyShop.Controllers.ItemController.Create (MyShop)'
2024-10-07 14:13:45.723 +02:00 [INF] Request finished HTTP/1.1 GET http://localhost:5092/Item/Create - 200 null text/html; charset=utf-8 2.133ms
2024-10-07 14:14:26.750 +02:00 [INF] Request starting HTTP/1.1 GET http://localhost:5092/Item/Table - null null
2024-10-07 14:14:26.750 +02:00 [INF] Executing endpoint 'MyShop.Controllers.ItemController.Table (MyShop)'
2024-10-07 14:14:26.751 +02:00 [INF] Route matched with {action = "Table", controller = "Item"}. Executing controller action with signature System.Threading.Tasks.Task`1[Microsoft.AspNetCore.Mvc.IActionResult] Table() on controller MyShop.Controllers.ItemController (MyShop).
2024-10-07 14:14:26.760 +02:00 [INF] Executing ViewResult, running view Table.
2024-10-07 14:14:26.761 +02:00 [INF] Executed ViewResult - view Table executed in 0.9398ms.
2024-10-07 14:14:26.761 +02:00 [INF] Executed action MyShop.Controllers.ItemController.Table (MyShop) in 10.7554ms
2024-10-07 14:14:26.761 +02:00 [INF] Executed endpoint 'MyShop.Controllers.ItemController.Table (MyShop)'
2024-10-07 14:14:26.762 +02:00 [INF] Request finished HTTP/1.1 GET http://localhost:5092/Item/Table - 200 null text/html; charset=utf-8 11.7536ms
2024-10-07 14:14:30.567 +02:00 [INF] Request starting HTTP/1.1 GET http://localhost:5092/Item/Grid - null null
2024-10-07 14:14:30.567 +02:00 [INF] Executing endpoint 'MyShop.Controllers.ItemController.Grid (MyShop)'
2024-10-07 14:14:30.571 +02:00 [INF] Route matched with {action = "Grid", controller = "Item"}. Executing controller action with signature System.Threading.Tasks.Task`1[Microsoft.AspNetCore.Mvc.IActionResult] Grid() on controller MyShop.Controllers.ItemController (MyShop).
2024-10-07 14:14:30.577 +02:00 [INF] Executing ViewResult, running view Grid.
2024-10-07 14:14:30.586 +02:00 [INF] Executed ViewResult - view Grid executed in 10.2107ms.
2024-10-07 14:14:30.586 +02:00 [INF] Executed action MyShop.Controllers.ItemController.Grid (MyShop) in 15.3691ms
2024-10-07 14:14:30.586 +02:00 [INF] Executed endpoint 'MyShop.Controllers.ItemController.Grid (MyShop)'
2024-10-07 14:14:30.586 +02:00 [INF] Request finished HTTP/1.1 GET http://localhost:5092/Item/Grid - 200 null text/html; charset=utf-8 19.3214ms
2024-10-07 14:14:33.515 +02:00 [INF] Request starting HTTP/1.1 GET http://localhost:5092/Item/Table - null null
2024-10-07 14:14:33.515 +02:00 [INF] Executing endpoint 'MyShop.Controllers.ItemController.Table (MyShop)'
2024-10-07 14:14:33.515 +02:00 [INF] Route matched with {action = "Table", controller = "Item"}. Executing controller action with signature System.Threading.Tasks.Task`1[Microsoft.AspNetCore.Mvc.IActionResult] Table() on controller MyShop.Controllers.ItemController (MyShop).
2024-10-07 14:14:33.522 +02:00 [INF] Executing ViewResult, running view Table.
2024-10-07 14:14:33.529 +02:00 [INF] Executed ViewResult - view Table executed in 7.4548ms.
2024-10-07 14:14:33.529 +02:00 [INF] Executed action MyShop.Controllers.ItemController.Table (MyShop) in 14.1856ms
2024-10-07 14:14:33.529 +02:00 [INF] Executed endpoint 'MyShop.Controllers.ItemController.Table (MyShop)'
2024-10-07 14:14:33.530 +02:00 [INF] Request finished HTTP/1.1 GET http://localhost:5092/Item/Table - 200 null text/html; charset=utf-8 14.8332ms
2024-10-07 14:14:34.452 +02:00 [INF] Request starting HTTP/1.1 GET http://localhost:5092/ - null null
2024-10-07 14:14:34.453 +02:00 [INF] Executing endpoint 'MyShop.Controllers.HomeController.Index (MyShop)'
2024-10-07 14:14:34.453 +02:00 [INF] Route matched with {action = "Index", controller = "Home"}. Executing controller action with signature Microsoft.AspNetCore.Mvc.IActionResult Index() on controller MyShop.Controllers.HomeController (MyShop).
2024-10-07 14:14:34.453 +02:00 [INF] Executing ViewResult, running view Index.
2024-10-07 14:14:34.453 +02:00 [INF] Executed ViewResult - view Index executed in 0.4225ms.
2024-10-07 14:14:34.453 +02:00 [INF] Executed action MyShop.Controllers.HomeController.Index (MyShop) in 0.5769ms
2024-10-07 14:14:34.453 +02:00 [INF] Executed endpoint 'MyShop.Controllers.HomeController.Index (MyShop)'
2024-10-07 14:14:34.454 +02:00 [INF] Request finished HTTP/1.1 GET http://localhost:5092/ - 200 null text/html; charset=utf-8 1.0281ms
2024-10-07 14:14:35.604 +02:00 [INF] Request starting HTTP/1.1 GET http://localhost:5092/Order/Table - null null
2024-10-07 14:14:35.605 +02:00 [INF] Executing endpoint 'MyShop.Controllers.OrderController.Table (MyShop)'
2024-10-07 14:14:35.609 +02:00 [INF] Route matched with {action = "Table", controller = "Order"}. Executing controller action with signature System.Threading.Tasks.Task`1[Microsoft.AspNetCore.Mvc.IActionResult] Table() on controller MyShop.Controllers.OrderController (MyShop).
2024-10-07 14:14:35.622 +02:00 [INF] Executing ViewResult, running view Table.
2024-10-07 14:14:35.673 +02:00 [INF] Executed ViewResult - view Table executed in 50.9681ms.
2024-10-07 14:14:35.673 +02:00 [INF] Executed action MyShop.Controllers.OrderController.Table (MyShop) in 63.7677ms
2024-10-07 14:14:35.673 +02:00 [INF] Executed endpoint 'MyShop.Controllers.OrderController.Table (MyShop)'
2024-10-07 14:14:35.673 +02:00 [INF] Request finished HTTP/1.1 GET http://localhost:5092/Order/Table - 200 null text/html; charset=utf-8 69.0493ms
2024-10-07 14:14:38.628 +02:00 [INF] Request starting HTTP/1.1 GET http://localhost:5092/Customer/Table - null null
2024-10-07 14:14:38.628 +02:00 [INF] Executing endpoint 'MyShop.Controllers.CustomerController.Table (MyShop)'
2024-10-07 14:14:38.628 +02:00 [INF] Route matched with {action = "Table", controller = "Customer"}. Executing controller action with signature System.Threading.Tasks.Task`1[Microsoft.AspNetCore.Mvc.IActionResult] Table() on controller MyShop.Controllers.CustomerController (MyShop).
2024-10-07 14:14:38.633 +02:00 [INF] Executing ViewResult, running view Table.
2024-10-07 14:14:38.644 +02:00 [INF] Executed ViewResult - view Table executed in 10.7321ms.
2024-10-07 14:14:38.644 +02:00 [INF] Executed action MyShop.Controllers.CustomerController.Table (MyShop) in 15.5932ms
2024-10-07 14:14:38.644 +02:00 [INF] Executed endpoint 'MyShop.Controllers.CustomerController.Table (MyShop)'
2024-10-07 14:14:38.644 +02:00 [INF] Request finished HTTP/1.1 GET http://localhost:5092/Customer/Table - 200 null text/html; charset=utf-8 16.1623ms
2024-10-07 14:14:39.628 +02:00 [INF] Request starting HTTP/1.1 GET http://localhost:5092/Item/Table - null null
2024-10-07 14:14:39.628 +02:00 [INF] Executing endpoint 'MyShop.Controllers.ItemController.Table (MyShop)'
2024-10-07 14:14:39.628 +02:00 [INF] Route matched with {action = "Table", controller = "Item"}. Executing controller action with signature System.Threading.Tasks.Task`1[Microsoft.AspNetCore.Mvc.IActionResult] Table() on controller MyShop.Controllers.ItemController (MyShop).
2024-10-07 14:14:39.633 +02:00 [INF] Executing ViewResult, running view Table.
2024-10-07 14:14:39.634 +02:00 [INF] Executed ViewResult - view Table executed in 0.7558ms.
2024-10-07 14:14:39.634 +02:00 [INF] Executed action MyShop.Controllers.ItemController.Table (MyShop) in 5.6993ms
2024-10-07 14:14:39.634 +02:00 [INF] Executed endpoint 'MyShop.Controllers.ItemController.Table (MyShop)'
2024-10-07 14:14:39.635 +02:00 [INF] Request finished HTTP/1.1 GET http://localhost:5092/Item/Table - 200 null text/html; charset=utf-8 6.5146ms
