2024-10-07 14:45:02.269 +02:00 [INF] User profile is available. Using 'C:\Users\Bruker\AppData\Local\ASP.NET\DataProtection-Keys' as key repository and Windows DPAPI to encrypt keys at rest.
2024-10-07 14:45:02.358 +02:00 [WRN] The ASP.NET Core developer certificate is not trusted. For information about trusting the ASP.NET Core developer certificate, see https://aka.ms/aspnet/https-trust-dev-cert.
2024-10-07 14:45:02.390 +02:00 [INF] Now listening on: https://localhost:7064
2024-10-07 14:45:02.392 +02:00 [INF] Now listening on: http://localhost:5092
2024-10-07 14:45:02.397 +02:00 [INF] Application started. Press Ctrl+C to shut down.
2024-10-07 14:45:02.399 +02:00 [INF] Hosting environment: Development
2024-10-07 14:45:02.401 +02:00 [INF] Content root path: C:\Users\Bruker\Desktop\Webapplikasjoner-ITPE3200\MyShop\MyShop
2024-10-07 14:45:02.549 +02:00 [INF] Request starting HTTP/1.1 GET http://localhost:5092/ - null null
2024-10-07 14:45:02.566 +02:00 [INF] Executing endpoint 'MyShop.Controllers.HomeController.Index (MyShop)'
2024-10-07 14:45:02.575 +02:00 [INF] Route matched with {action = "Index", controller = "Home"}. Executing controller action with signature Microsoft.AspNetCore.Mvc.IActionResult Index() on controller MyShop.Controllers.HomeController (MyShop).
2024-10-07 14:45:02.581 +02:00 [INF] Executing ViewResult, running view Index.
2024-10-07 14:45:02.627 +02:00 [INF] Executed ViewResult - view Index executed in 47.4217ms.
2024-10-07 14:45:02.628 +02:00 [INF] Executed action MyShop.Controllers.HomeController.Index (MyShop) in 53.4473ms
2024-10-07 14:45:02.628 +02:00 [INF] Executed endpoint 'MyShop.Controllers.HomeController.Index (MyShop)'
2024-10-07 14:45:02.630 +02:00 [INF] Request finished HTTP/1.1 GET http://localhost:5092/ - 200 null text/html; charset=utf-8 82.3763ms
2024-10-07 14:45:04.726 +02:00 [INF] Request starting HTTP/1.1 GET http://localhost:5092/Item/Table - null null
2024-10-07 14:45:04.728 +02:00 [INF] Executing endpoint 'MyShop.Controllers.ItemController.Table (MyShop)'
2024-10-07 14:45:04.734 +02:00 [INF] Route matched with {action = "Table", controller = "Item"}. Executing controller action with signature System.Threading.Tasks.Task`1[Microsoft.AspNetCore.Mvc.IActionResult] Table() on controller MyShop.Controllers.ItemController (MyShop).
2024-10-07 14:45:04.808 +02:00 [INF] Executing ViewResult, running view Table.
2024-10-07 14:45:04.818 +02:00 [INF] Executed ViewResult - view Table executed in 11.1428ms.
2024-10-07 14:45:04.818 +02:00 [INF] Executed action MyShop.Controllers.ItemController.Table (MyShop) in 84.7489ms
2024-10-07 14:45:04.818 +02:00 [INF] Executed endpoint 'MyShop.Controllers.ItemController.Table (MyShop)'
2024-10-07 14:45:04.825 +02:00 [INF] Request finished HTTP/1.1 GET http://localhost:5092/Item/Table - 200 null text/html; charset=utf-8 97.7776ms
2024-10-07 14:45:07.540 +02:00 [INF] Request starting HTTP/1.1 GET http://localhost:5092/Item/Create - null null
2024-10-07 14:45:07.543 +02:00 [INF] Executing endpoint 'MyShop.Controllers.ItemController.Create (MyShop)'
2024-10-07 14:45:07.546 +02:00 [INF] Route matched with {action = "Create", controller = "Item"}. Executing controller action with signature Microsoft.AspNetCore.Mvc.IActionResult Create() on controller MyShop.Controllers.ItemController (MyShop).
2024-10-07 14:45:07.548 +02:00 [INF] Executing ViewResult, running view Create.
2024-10-07 14:45:07.599 +02:00 [INF] Executed ViewResult - view Create executed in 52.1328ms.
2024-10-07 14:45:07.599 +02:00 [INF] Executed action MyShop.Controllers.ItemController.Create (MyShop) in 53.3439ms
2024-10-07 14:45:07.599 +02:00 [INF] Executed endpoint 'MyShop.Controllers.ItemController.Create (MyShop)'
2024-10-07 14:45:07.600 +02:00 [INF] Request finished HTTP/1.1 GET http://localhost:5092/Item/Create - 200 null text/html; charset=utf-8 59.2499ms
2024-10-07 14:45:08.759 +02:00 [INF] Request starting HTTP/1.1 POST http://localhost:5092/Item/Create - application/x-www-form-urlencoded 218
2024-10-07 14:45:08.760 +02:00 [INF] Executing endpoint 'MyShop.Controllers.ItemController.Create (MyShop)'
2024-10-07 14:45:08.775 +02:00 [INF] Route matched with {action = "Create", controller = "Item"}. Executing controller action with signature System.Threading.Tasks.Task`1[Microsoft.AspNetCore.Mvc.IActionResult] Create(MyShop.Models.Item) on controller MyShop.Controllers.ItemController (MyShop).
2024-10-07 14:45:08.805 +02:00 [WRN] [ItemController] Item creation failed {"ItemId":0,"Name":null,"Price":0,"Description":null,"ImageUrl":null,"OrderItems":null,"$type":"Item"}
2024-10-07 14:45:08.808 +02:00 [INF] Executing ViewResult, running view Create.
2024-10-07 14:45:08.812 +02:00 [INF] Executed ViewResult - view Create executed in 4.5342ms.
2024-10-07 14:45:08.812 +02:00 [INF] Executed action MyShop.Controllers.ItemController.Create (MyShop) in 37.5669ms
2024-10-07 14:45:08.812 +02:00 [INF] Executed endpoint 'MyShop.Controllers.ItemController.Create (MyShop)'
2024-10-07 14:45:08.813 +02:00 [INF] Request finished HTTP/1.1 POST http://localhost:5092/Item/Create - 200 null text/html; charset=utf-8 53.8813ms
2024-10-07 14:45:40.775 +02:00 [INF] Request starting HTTP/1.1 POST http://localhost:5092/Item/Create - application/x-www-form-urlencoded 421
2024-10-07 14:45:40.778 +02:00 [INF] Executing endpoint 'MyShop.Controllers.ItemController.Create (MyShop)'
2024-10-07 14:45:40.779 +02:00 [INF] Route matched with {action = "Create", controller = "Item"}. Executing controller action with signature System.Threading.Tasks.Task`1[Microsoft.AspNetCore.Mvc.IActionResult] Create(MyShop.Models.Item) on controller MyShop.Controllers.ItemController (MyShop).
2024-10-07 14:45:40.792 +02:00 [WRN] [ItemController] Item creation failed {"ItemId":0,"Name":"..","Price":0,"Description":"loremloremloremloremloremloremloremloremloremloremloremloremloremloremloremloremloremloremloremloremloremloremloremloremloremloremloremloremloremloremloremloremloremloremloremloremloremloremloremlorem","ImageUrl":null,"OrderItems":null,"$type":"Item"}
2024-10-07 14:45:40.792 +02:00 [INF] Executing ViewResult, running view Create.
2024-10-07 14:45:40.796 +02:00 [INF] Executed ViewResult - view Create executed in 3.2318ms.
2024-10-07 14:45:40.796 +02:00 [INF] Executed action MyShop.Controllers.ItemController.Create (MyShop) in 16.76ms
2024-10-07 14:45:40.796 +02:00 [INF] Executed endpoint 'MyShop.Controllers.ItemController.Create (MyShop)'
2024-10-07 14:45:40.799 +02:00 [INF] Request finished HTTP/1.1 POST http://localhost:5092/Item/Create - 200 null text/html; charset=utf-8 26.9811ms
2024-10-07 14:45:47.905 +02:00 [INF] Request starting HTTP/1.1 POST http://localhost:5092/Item/Create - application/x-www-form-urlencoded 428
2024-10-07 14:45:47.906 +02:00 [INF] Executing endpoint 'MyShop.Controllers.ItemController.Create (MyShop)'
2024-10-07 14:45:47.907 +02:00 [INF] Route matched with {action = "Create", controller = "Item"}. Executing controller action with signature System.Threading.Tasks.Task`1[Microsoft.AspNetCore.Mvc.IActionResult] Create(MyShop.Models.Item) on controller MyShop.Controllers.ItemController (MyShop).
2024-10-07 14:45:47.912 +02:00 [WRN] [ItemController] Item creation failed {"ItemId":0,"Name":"===","Price":0,"Description":"loremloremloremloremloremloremloremloremloremloremloremloremloremloremloremloremloremloremloremloremloremloremloremloremloremloremloremloremloremloremloremloremloremloremloremloremloremloremloremlorem","ImageUrl":null,"OrderItems":null,"$type":"Item"}
2024-10-07 14:45:47.913 +02:00 [INF] Executing ViewResult, running view Create.
2024-10-07 14:45:47.914 +02:00 [INF] Executed ViewResult - view Create executed in 1.5973ms.
2024-10-07 14:45:47.914 +02:00 [INF] Executed action MyShop.Controllers.ItemController.Create (MyShop) in 7.7347ms
2024-10-07 14:45:47.915 +02:00 [INF] Executed endpoint 'MyShop.Controllers.ItemController.Create (MyShop)'
2024-10-07 14:45:47.915 +02:00 [INF] Request finished HTTP/1.1 POST http://localhost:5092/Item/Create - 200 null text/html; charset=utf-8 9.3791ms
2024-10-07 14:45:58.478 +02:00 [INF] Request starting HTTP/1.1 POST http://localhost:5092/Item/Create - application/x-www-form-urlencoded 428
2024-10-07 14:45:58.483 +02:00 [INF] Executing endpoint 'MyShop.Controllers.ItemController.Create (MyShop)'
2024-10-07 14:45:58.485 +02:00 [INF] Route matched with {action = "Create", controller = "Item"}. Executing controller action with signature System.Threading.Tasks.Task`1[Microsoft.AspNetCore.Mvc.IActionResult] Create(MyShop.Models.Item) on controller MyShop.Controllers.ItemController (MyShop).
2024-10-07 14:45:58.499 +02:00 [WRN] [ItemController] Item creation failed {"ItemId":0,"Name":"===","Price":0,"Description":"loremloremloremloremloremloremloremloremloremloremloremloremloremloremloremloremloremloremloremloremloremloremloremloremloremloremloremloremloremloremloremloremloremloremloremloremloremloremloremlorem","ImageUrl":null,"OrderItems":null,"$type":"Item"}
2024-10-07 14:45:58.500 +02:00 [INF] Executing ViewResult, running view Create.
2024-10-07 14:45:58.504 +02:00 [INF] Executed ViewResult - view Create executed in 3.9938ms.
2024-10-07 14:45:58.504 +02:00 [INF] Executed action MyShop.Controllers.ItemController.Create (MyShop) in 19.1853ms
2024-10-07 14:45:58.505 +02:00 [INF] Executed endpoint 'MyShop.Controllers.ItemController.Create (MyShop)'
2024-10-07 14:45:58.505 +02:00 [INF] Request finished HTTP/1.1 POST http://localhost:5092/Item/Create - 200 null text/html; charset=utf-8 26.6656ms
