2024-10-07 14:15:01.759 +02:00 [INF] User profile is available. Using 'C:\Users\Bruker\AppData\Local\ASP.NET\DataProtection-Keys' as key repository and Windows DPAPI to encrypt keys at rest.
2024-10-07 14:15:01.843 +02:00 [WRN] The ASP.NET Core developer certificate is not trusted. For information about trusting the ASP.NET Core developer certificate, see https://aka.ms/aspnet/https-trust-dev-cert.
2024-10-07 14:15:01.873 +02:00 [INF] Now listening on: https://localhost:7064
2024-10-07 14:15:01.875 +02:00 [INF] Now listening on: http://localhost:5092
2024-10-07 14:15:01.879 +02:00 [INF] Application started. Press Ctrl+C to shut down.
2024-10-07 14:15:01.890 +02:00 [INF] Hosting environment: Development
2024-10-07 14:15:01.892 +02:00 [INF] Content root path: C:\Users\Bruker\Desktop\Webapplikasjoner-ITPE3200\MyShop\MyShop
2024-10-07 14:15:02.026 +02:00 [INF] Request starting HTTP/1.1 GET http://localhost:5092/ - null null
2024-10-07 14:15:02.042 +02:00 [INF] Executing endpoint 'MyShop.Controllers.HomeController.Index (MyShop)'
2024-10-07 14:15:02.048 +02:00 [INF] Route matched with {action = "Index", controller = "Home"}. Executing controller action with signature Microsoft.AspNetCore.Mvc.IActionResult Index() on controller MyShop.Controllers.HomeController (MyShop).
2024-10-07 14:15:02.055 +02:00 [INF] Executing ViewResult, running view Index.
2024-10-07 14:15:02.099 +02:00 [INF] Executed ViewResult - view Index executed in 45.6503ms.
2024-10-07 14:15:02.101 +02:00 [INF] Executed action MyShop.Controllers.HomeController.Index (MyShop) in 52.5761ms
2024-10-07 14:15:02.102 +02:00 [INF] Executed endpoint 'MyShop.Controllers.HomeController.Index (MyShop)'
2024-10-07 14:15:02.104 +02:00 [INF] Request finished HTTP/1.1 GET http://localhost:5092/ - 200 null text/html; charset=utf-8 78.8916ms
2024-10-07 14:15:04.661 +02:00 [INF] Request starting HTTP/1.1 GET http://localhost:5092/Item/Table - null null
2024-10-07 14:15:04.664 +02:00 [INF] Executing endpoint 'MyShop.Controllers.ItemController.Table (MyShop)'
2024-10-07 14:15:04.670 +02:00 [INF] Route matched with {action = "Table", controller = "Item"}. Executing controller action with signature System.Threading.Tasks.Task`1[Microsoft.AspNetCore.Mvc.IActionResult] Table() on controller MyShop.Controllers.ItemController (MyShop).
2024-10-07 14:15:04.747 +02:00 [INF] Executing ViewResult, running view Table.
2024-10-07 14:15:04.757 +02:00 [INF] Executed ViewResult - view Table executed in 10.692ms.
2024-10-07 14:15:04.757 +02:00 [INF] Executed action MyShop.Controllers.ItemController.Table (MyShop) in 86.7162ms
2024-10-07 14:15:04.757 +02:00 [INF] Executed endpoint 'MyShop.Controllers.ItemController.Table (MyShop)'
2024-10-07 14:15:04.762 +02:00 [INF] Request finished HTTP/1.1 GET http://localhost:5092/Item/Table - 200 null text/html; charset=utf-8 101.6771ms
2024-10-07 14:22:22.115 +02:00 [INF] Request starting HTTP/1.1 GET http://localhost:5092/Item/Grid - null null
2024-10-07 14:22:22.129 +02:00 [INF] Executing endpoint 'MyShop.Controllers.ItemController.Grid (MyShop)'
2024-10-07 14:22:22.141 +02:00 [INF] Route matched with {action = "Grid", controller = "Item"}. Executing controller action with signature System.Threading.Tasks.Task`1[Microsoft.AspNetCore.Mvc.IActionResult] Grid() on controller MyShop.Controllers.ItemController (MyShop).
2024-10-07 14:22:22.255 +02:00 [INF] Executing ViewResult, running view Grid.
2024-10-07 14:22:22.272 +02:00 [INF] Executed ViewResult - view Grid executed in 19.6781ms.
2024-10-07 14:22:22.273 +02:00 [INF] Executed action MyShop.Controllers.ItemController.Grid (MyShop) in 130.8468ms
2024-10-07 14:22:22.273 +02:00 [INF] Executed endpoint 'MyShop.Controllers.ItemController.Grid (MyShop)'
2024-10-07 14:22:22.274 +02:00 [INF] Request finished HTTP/1.1 GET http://localhost:5092/Item/Grid - 200 null text/html; charset=utf-8 159.1526ms
2024-10-07 14:22:23.262 +02:00 [INF] Request starting HTTP/1.1 GET http://localhost:5092/Item/Table - null null
2024-10-07 14:22:23.262 +02:00 [INF] Executing endpoint 'MyShop.Controllers.ItemController.Table (MyShop)'
2024-10-07 14:22:23.263 +02:00 [INF] Route matched with {action = "Table", controller = "Item"}. Executing controller action with signature System.Threading.Tasks.Task`1[Microsoft.AspNetCore.Mvc.IActionResult] Table() on controller MyShop.Controllers.ItemController (MyShop).
2024-10-07 14:22:23.277 +02:00 [INF] Executing ViewResult, running view Table.
2024-10-07 14:22:23.281 +02:00 [INF] Executed ViewResult - view Table executed in 3.9495ms.
2024-10-07 14:22:23.282 +02:00 [INF] Executed action MyShop.Controllers.ItemController.Table (MyShop) in 19.1104ms
2024-10-07 14:22:23.282 +02:00 [INF] Executed endpoint 'MyShop.Controllers.ItemController.Table (MyShop)'
2024-10-07 14:22:23.283 +02:00 [INF] Request finished HTTP/1.1 GET http://localhost:5092/Item/Table - 200 null text/html; charset=utf-8 21.1403ms
2024-10-07 14:22:27.342 +02:00 [INF] Request starting HTTP/1.1 GET http://localhost:5092/Item/Create - null null
2024-10-07 14:22:27.342 +02:00 [INF] Executing endpoint 'MyShop.Controllers.ItemController.Create (MyShop)'
2024-10-07 14:22:27.344 +02:00 [INF] Route matched with {action = "Create", controller = "Item"}. Executing controller action with signature Microsoft.AspNetCore.Mvc.IActionResult Create() on controller MyShop.Controllers.ItemController (MyShop).
2024-10-07 14:22:27.345 +02:00 [INF] Executing ViewResult, running view Create.
2024-10-07 14:22:27.388 +02:00 [INF] Executed ViewResult - view Create executed in 43.1639ms.
2024-10-07 14:22:27.388 +02:00 [INF] Executed action MyShop.Controllers.ItemController.Create (MyShop) in 43.7919ms
2024-10-07 14:22:27.388 +02:00 [INF] Executed endpoint 'MyShop.Controllers.ItemController.Create (MyShop)'
2024-10-07 14:22:27.388 +02:00 [INF] Request finished HTTP/1.1 GET http://localhost:5092/Item/Create - 200 null text/html; charset=utf-8 46.4313ms
2024-10-07 14:22:38.995 +02:00 [INF] Request starting HTTP/1.1 POST http://localhost:5092/Item/Create - application/x-www-form-urlencoded 228
2024-10-07 14:22:38.998 +02:00 [INF] Executing endpoint 'MyShop.Controllers.ItemController.Create (MyShop)'
2024-10-07 14:22:39.031 +02:00 [INF] Route matched with {action = "Create", controller = "Item"}. Executing controller action with signature System.Threading.Tasks.Task`1[Microsoft.AspNetCore.Mvc.IActionResult] Create(MyShop.Models.Item) on controller MyShop.Controllers.ItemController (MyShop).
2024-10-07 14:22:39.098 +02:00 [WRN] [ItemController] Item creation failed {"ItemId":0,"Name":"kake","Price":0,"Description":"kakeee","ImageUrl":null,"OrderItems":null,"$type":"Item"}
2024-10-07 14:22:39.102 +02:00 [INF] Executing ViewResult, running view Create.
2024-10-07 14:22:39.108 +02:00 [INF] Executed ViewResult - view Create executed in 5.6733ms.
2024-10-07 14:22:39.108 +02:00 [INF] Executed action MyShop.Controllers.ItemController.Create (MyShop) in 77.4115ms
2024-10-07 14:22:39.108 +02:00 [INF] Executed endpoint 'MyShop.Controllers.ItemController.Create (MyShop)'
2024-10-07 14:22:39.109 +02:00 [INF] Request finished HTTP/1.1 POST http://localhost:5092/Item/Create - 200 null text/html; charset=utf-8 113.6696ms
2024-10-07 14:22:41.595 +02:00 [INF] Request starting HTTP/1.1 GET http://localhost:5092/Item/Table - null null
2024-10-07 14:22:41.595 +02:00 [INF] Executing endpoint 'MyShop.Controllers.ItemController.Table (MyShop)'
2024-10-07 14:22:41.595 +02:00 [INF] Route matched with {action = "Table", controller = "Item"}. Executing controller action with signature System.Threading.Tasks.Task`1[Microsoft.AspNetCore.Mvc.IActionResult] Table() on controller MyShop.Controllers.ItemController (MyShop).
2024-10-07 14:22:41.601 +02:00 [INF] Executing ViewResult, running view Table.
2024-10-07 14:22:41.602 +02:00 [INF] Executed ViewResult - view Table executed in 1.4732ms.
2024-10-07 14:22:41.602 +02:00 [INF] Executed action MyShop.Controllers.ItemController.Table (MyShop) in 7.2447ms
2024-10-07 14:22:41.602 +02:00 [INF] Executed endpoint 'MyShop.Controllers.ItemController.Table (MyShop)'
2024-10-07 14:22:41.603 +02:00 [INF] Request finished HTTP/1.1 GET http://localhost:5092/Item/Table - 200 null text/html; charset=utf-8 8.0944ms
2024-10-07 14:22:43.605 +02:00 [INF] Request starting HTTP/1.1 GET http://localhost:5092/Item/Update/1 - null null
2024-10-07 14:22:43.606 +02:00 [INF] Executing endpoint 'MyShop.Controllers.ItemController.Update (MyShop)'
2024-10-07 14:22:43.609 +02:00 [INF] Route matched with {action = "Update", controller = "Item"}. Executing controller action with signature System.Threading.Tasks.Task`1[Microsoft.AspNetCore.Mvc.IActionResult] Update(Int32) on controller MyShop.Controllers.ItemController (MyShop).
2024-10-07 14:22:43.642 +02:00 [INF] Executing ViewResult, running view Update.
2024-10-07 14:22:43.654 +02:00 [INF] Executed ViewResult - view Update executed in 13.4577ms.
2024-10-07 14:22:43.654 +02:00 [INF] Executed action MyShop.Controllers.ItemController.Update (MyShop) in 44.8842ms
2024-10-07 14:22:43.655 +02:00 [INF] Executed endpoint 'MyShop.Controllers.ItemController.Update (MyShop)'
2024-10-07 14:22:43.655 +02:00 [INF] Request finished HTTP/1.1 GET http://localhost:5092/Item/Update/1 - 200 null text/html; charset=utf-8 49.5957ms
2024-10-07 14:22:47.903 +02:00 [INF] Request starting HTTP/1.1 POST http://localhost:5092/Item/Update/1 - application/x-www-form-urlencoded 353
2024-10-07 14:22:47.904 +02:00 [INF] Executing endpoint 'MyShop.Controllers.ItemController.Update (MyShop)'
2024-10-07 14:22:47.909 +02:00 [INF] Route matched with {action = "Update", controller = "Item"}. Executing controller action with signature System.Threading.Tasks.Task`1[Microsoft.AspNetCore.Mvc.IActionResult] Update(MyShop.Models.Item) on controller MyShop.Controllers.ItemController (MyShop).
2024-10-07 14:22:47.918 +02:00 [WRN] [ItemController] Item update failed {"ItemId":1,"Name":"Pizza","Price":0,"Description":"Delicious Italian dish with a thin crust topped with tomato sauce, cheese, and various toppings.","ImageUrl":"/images/pizza.jpg","OrderItems":null,"$type":"Item"}
2024-10-07 14:22:47.919 +02:00 [INF] Executing ViewResult, running view Update.
2024-10-07 14:22:47.920 +02:00 [INF] Executed ViewResult - view Update executed in 1.7304ms.
2024-10-07 14:22:47.920 +02:00 [INF] Executed action MyShop.Controllers.ItemController.Update (MyShop) in 11.4738ms
2024-10-07 14:22:47.920 +02:00 [INF] Executed endpoint 'MyShop.Controllers.ItemController.Update (MyShop)'
2024-10-07 14:22:47.921 +02:00 [INF] Request finished HTTP/1.1 POST http://localhost:5092/Item/Update/1 - 200 null text/html; charset=utf-8 17.3371ms
2024-10-07 14:23:29.925 +02:00 [INF] Request starting HTTP/1.1 GET http://localhost:5092/Item/Table - null null
2024-10-07 14:23:29.925 +02:00 [INF] Executing endpoint 'MyShop.Controllers.ItemController.Table (MyShop)'
2024-10-07 14:23:29.926 +02:00 [INF] Route matched with {action = "Table", controller = "Item"}. Executing controller action with signature System.Threading.Tasks.Task`1[Microsoft.AspNetCore.Mvc.IActionResult] Table() on controller MyShop.Controllers.ItemController (MyShop).
2024-10-07 14:23:29.931 +02:00 [INF] Executing ViewResult, running view Table.
2024-10-07 14:23:29.932 +02:00 [INF] Executed ViewResult - view Table executed in 0.8735ms.
2024-10-07 14:23:29.932 +02:00 [INF] Executed action MyShop.Controllers.ItemController.Table (MyShop) in 6.0602ms
2024-10-07 14:23:29.932 +02:00 [INF] Executed endpoint 'MyShop.Controllers.ItemController.Table (MyShop)'
2024-10-07 14:23:29.932 +02:00 [INF] Request finished HTTP/1.1 GET http://localhost:5092/Item/Table - 200 null text/html; charset=utf-8 6.6713ms
2024-10-07 14:23:31.699 +02:00 [INF] Request starting HTTP/1.1 GET http://localhost:5092/Item/Update/3 - null null
2024-10-07 14:23:31.699 +02:00 [INF] Executing endpoint 'MyShop.Controllers.ItemController.Update (MyShop)'
2024-10-07 14:23:31.699 +02:00 [INF] Route matched with {action = "Update", controller = "Item"}. Executing controller action with signature System.Threading.Tasks.Task`1[Microsoft.AspNetCore.Mvc.IActionResult] Update(Int32) on controller MyShop.Controllers.ItemController (MyShop).
2024-10-07 14:23:31.708 +02:00 [INF] Executing ViewResult, running view Update.
2024-10-07 14:23:31.709 +02:00 [INF] Executed ViewResult - view Update executed in 1.341ms.
2024-10-07 14:23:31.710 +02:00 [INF] Executed action MyShop.Controllers.ItemController.Update (MyShop) in 10.5886ms
2024-10-07 14:23:31.710 +02:00 [INF] Executed endpoint 'MyShop.Controllers.ItemController.Update (MyShop)'
2024-10-07 14:23:31.710 +02:00 [INF] Request finished HTTP/1.1 GET http://localhost:5092/Item/Update/3 - 200 null text/html; charset=utf-8 11.2487ms
2024-10-07 14:23:37.746 +02:00 [INF] Request starting HTTP/1.1 POST http://localhost:5092/Item/Update/3 - application/x-www-form-urlencoded 371
2024-10-07 14:23:37.747 +02:00 [INF] Executing endpoint 'MyShop.Controllers.ItemController.Update (MyShop)'
2024-10-07 14:23:37.747 +02:00 [INF] Route matched with {action = "Update", controller = "Item"}. Executing controller action with signature System.Threading.Tasks.Task`1[Microsoft.AspNetCore.Mvc.IActionResult] Update(MyShop.Models.Item) on controller MyShop.Controllers.ItemController (MyShop).
2024-10-07 14:23:37.752 +02:00 [WRN] [ItemController] Item update failed {"ItemId":3,"Name":"French Fries","Price":0,"Description":"Crispy, golden-brown potato slices seasoned with salt and often served as a popular side dish or snack.","ImageUrl":"/images/frenchfries.jpg","OrderItems":null,"$type":"Item"}
2024-10-07 14:23:37.753 +02:00 [INF] Executing ViewResult, running view Update.
2024-10-07 14:23:37.754 +02:00 [INF] Executed ViewResult - view Update executed in 1.448ms.
2024-10-07 14:23:37.754 +02:00 [INF] Executed action MyShop.Controllers.ItemController.Update (MyShop) in 6.8577ms
2024-10-07 14:23:37.754 +02:00 [INF] Executed endpoint 'MyShop.Controllers.ItemController.Update (MyShop)'
2024-10-07 14:23:37.754 +02:00 [INF] Request finished HTTP/1.1 POST http://localhost:5092/Item/Update/3 - 200 null text/html; charset=utf-8 8.0219ms
