2024-10-07 15:27:06.576 +02:00 [INF] User profile is available. Using 'C:\Users\Bruker\AppData\Local\ASP.NET\DataProtection-Keys' as key repository and Windows DPAPI to encrypt keys at rest.
2024-10-07 15:27:06.657 +02:00 [WRN] The ASP.NET Core developer certificate is not trusted. For information about trusting the ASP.NET Core developer certificate, see https://aka.ms/aspnet/https-trust-dev-cert.
2024-10-07 15:27:06.694 +02:00 [INF] Now listening on: https://localhost:7064
2024-10-07 15:27:06.697 +02:00 [INF] Now listening on: http://localhost:5092
2024-10-07 15:27:06.700 +02:00 [INF] Application started. Press Ctrl+C to shut down.
2024-10-07 15:27:06.711 +02:00 [INF] Hosting environment: Development
2024-10-07 15:27:06.712 +02:00 [INF] Content root path: C:\Users\Bruker\Desktop\Webapplikasjoner-ITPE3200\MyShop\MyShop
2024-10-07 15:27:06.832 +02:00 [INF] Request starting HTTP/1.1 GET http://localhost:5092/ - null null
2024-10-07 15:27:06.850 +02:00 [INF] Executing endpoint 'MyShop.Controllers.HomeController.Index (MyShop)'
2024-10-07 15:27:06.857 +02:00 [INF] Route matched with {action = "Index", controller = "Home"}. Executing controller action with signature Microsoft.AspNetCore.Mvc.IActionResult Index() on controller MyShop.Controllers.HomeController (MyShop).
2024-10-07 15:27:06.863 +02:00 [INF] Executing ViewResult, running view Index.
2024-10-07 15:27:06.918 +02:00 [INF] Executed ViewResult - view Index executed in 55.0486ms.
2024-10-07 15:27:06.920 +02:00 [INF] Executed action MyShop.Controllers.HomeController.Index (MyShop) in 62.6603ms
2024-10-07 15:27:06.920 +02:00 [INF] Executed endpoint 'MyShop.Controllers.HomeController.Index (MyShop)'
2024-10-07 15:27:06.923 +02:00 [INF] Request finished HTTP/1.1 GET http://localhost:5092/ - 200 null text/html; charset=utf-8 92.1225ms
2024-10-07 15:27:06.934 +02:00 [INF] Request starting HTTP/1.1 GET http://localhost:5092/lib/jquery-validation-unobtrusive/jquery.validate.unobtrusive.js - null null
2024-10-07 15:27:06.934 +02:00 [INF] Request starting HTTP/1.1 GET http://localhost:5092/lib/jquery-validate/jquery.validate.js - null null
2024-10-07 15:27:06.938 +02:00 [INF] Request finished HTTP/1.1 GET http://localhost:5092/lib/jquery-validation-unobtrusive/jquery.validate.unobtrusive.js - 404 0 null 3.4662ms
2024-10-07 15:27:06.938 +02:00 [INF] Request finished HTTP/1.1 GET http://localhost:5092/lib/jquery-validate/jquery.validate.js - 404 0 null 3.4659ms
2024-10-07 15:27:06.943 +02:00 [INF] Request reached the end of the middleware pipeline without being handled by application code. Request path: GET http://localhost:5092/lib/jquery-validation-unobtrusive/jquery.validate.unobtrusive.js, Response status code: 404
2024-10-07 15:27:06.943 +02:00 [INF] Request reached the end of the middleware pipeline without being handled by application code. Request path: GET http://localhost:5092/lib/jquery-validate/jquery.validate.js, Response status code: 404
2024-10-07 15:27:08.992 +02:00 [INF] Request starting HTTP/1.1 GET http://localhost:5092/Item/Table - null null
2024-10-07 15:27:08.994 +02:00 [INF] Executing endpoint 'MyShop.Controllers.ItemController.Table (MyShop)'
2024-10-07 15:27:08.997 +02:00 [INF] Route matched with {action = "Table", controller = "Item"}. Executing controller action with signature System.Threading.Tasks.Task`1[Microsoft.AspNetCore.Mvc.IActionResult] Table() on controller MyShop.Controllers.ItemController (MyShop).
2024-10-07 15:27:09.052 +02:00 [INF] Executing ViewResult, running view Table.
2024-10-07 15:27:09.060 +02:00 [INF] Executed ViewResult - view Table executed in 7.8932ms.
2024-10-07 15:27:09.060 +02:00 [INF] Executed action MyShop.Controllers.ItemController.Table (MyShop) in 62.3868ms
2024-10-07 15:27:09.060 +02:00 [INF] Executed endpoint 'MyShop.Controllers.ItemController.Table (MyShop)'
2024-10-07 15:27:09.062 +02:00 [INF] Request finished HTTP/1.1 GET http://localhost:5092/Item/Table - 200 null text/html; charset=utf-8 70.3397ms
2024-10-07 15:27:09.074 +02:00 [INF] Request starting HTTP/1.1 GET http://localhost:5092/lib/jquery-validate/jquery.validate.js - null null
2024-10-07 15:27:09.074 +02:00 [INF] Request starting HTTP/1.1 GET http://localhost:5092/lib/jquery-validation-unobtrusive/jquery.validate.unobtrusive.js - null null
2024-10-07 15:27:09.075 +02:00 [INF] Request finished HTTP/1.1 GET http://localhost:5092/lib/jquery-validation-unobtrusive/jquery.validate.unobtrusive.js - 404 0 null 0.8366ms
2024-10-07 15:27:09.075 +02:00 [INF] Request finished HTTP/1.1 GET http://localhost:5092/lib/jquery-validate/jquery.validate.js - 404 0 null 0.9997ms
2024-10-07 15:27:09.075 +02:00 [INF] Request reached the end of the middleware pipeline without being handled by application code. Request path: GET http://localhost:5092/lib/jquery-validation-unobtrusive/jquery.validate.unobtrusive.js, Response status code: 404
2024-10-07 15:27:09.075 +02:00 [INF] Request reached the end of the middleware pipeline without being handled by application code. Request path: GET http://localhost:5092/lib/jquery-validate/jquery.validate.js, Response status code: 404
2024-10-07 15:27:10.310 +02:00 [INF] Request starting HTTP/1.1 GET http://localhost:5092/Item/Create - null null
2024-10-07 15:27:10.311 +02:00 [INF] Executing endpoint 'MyShop.Controllers.ItemController.Create (MyShop)'
2024-10-07 15:27:10.312 +02:00 [INF] Route matched with {action = "Create", controller = "Item"}. Executing controller action with signature Microsoft.AspNetCore.Mvc.IActionResult Create() on controller MyShop.Controllers.ItemController (MyShop).
2024-10-07 15:27:10.314 +02:00 [INF] Executing ViewResult, running view Create.
2024-10-07 15:27:10.350 +02:00 [INF] Executed ViewResult - view Create executed in 36.6192ms.
2024-10-07 15:27:10.350 +02:00 [INF] Executed action MyShop.Controllers.ItemController.Create (MyShop) in 37.4986ms
2024-10-07 15:27:10.350 +02:00 [INF] Executed endpoint 'MyShop.Controllers.ItemController.Create (MyShop)'
2024-10-07 15:27:10.350 +02:00 [INF] Request finished HTTP/1.1 GET http://localhost:5092/Item/Create - 200 null text/html; charset=utf-8 40.3704ms
2024-10-07 15:27:10.369 +02:00 [INF] Request starting HTTP/1.1 GET http://localhost:5092/lib/jquery-validate/jquery.validate.js - null null
2024-10-07 15:27:10.369 +02:00 [INF] Request starting HTTP/1.1 GET http://localhost:5092/lib/jquery-validation-unobtrusive/jquery.validate.unobtrusive.js - null null
2024-10-07 15:27:10.370 +02:00 [INF] Request finished HTTP/1.1 GET http://localhost:5092/lib/jquery-validate/jquery.validate.js - 404 0 null 0.8334ms
2024-10-07 15:27:10.370 +02:00 [INF] Request finished HTTP/1.1 GET http://localhost:5092/lib/jquery-validation-unobtrusive/jquery.validate.unobtrusive.js - 404 0 null 0.8187ms
2024-10-07 15:27:10.370 +02:00 [INF] Request reached the end of the middleware pipeline without being handled by application code. Request path: GET http://localhost:5092/lib/jquery-validate/jquery.validate.js, Response status code: 404
2024-10-07 15:27:10.370 +02:00 [INF] Request reached the end of the middleware pipeline without being handled by application code. Request path: GET http://localhost:5092/lib/jquery-validation-unobtrusive/jquery.validate.unobtrusive.js, Response status code: 404
2024-10-07 15:27:11.610 +02:00 [INF] Request starting HTTP/1.1 POST http://localhost:5092/Item/Create - application/x-www-form-urlencoded 218
2024-10-07 15:27:11.610 +02:00 [INF] Executing endpoint 'MyShop.Controllers.ItemController.Create (MyShop)'
2024-10-07 15:27:11.619 +02:00 [INF] Route matched with {action = "Create", controller = "Item"}. Executing controller action with signature System.Threading.Tasks.Task`1[Microsoft.AspNetCore.Mvc.IActionResult] Create(MyShop.Models.Item) on controller MyShop.Controllers.ItemController (MyShop).
2024-10-07 15:27:11.640 +02:00 [WRN] [ItemController] Item creation failed {"ItemId":0,"Name":null,"Price":0,"Description":null,"ImageUrl":null,"OrderItems":null,"$type":"Item"}
2024-10-07 15:27:11.642 +02:00 [INF] Executing ViewResult, running view Create.
2024-10-07 15:27:11.645 +02:00 [INF] Executed ViewResult - view Create executed in 2.759ms.
2024-10-07 15:27:11.645 +02:00 [INF] Executed action MyShop.Controllers.ItemController.Create (MyShop) in 25.4148ms
2024-10-07 15:27:11.645 +02:00 [INF] Executed endpoint 'MyShop.Controllers.ItemController.Create (MyShop)'
2024-10-07 15:27:11.645 +02:00 [INF] Request finished HTTP/1.1 POST http://localhost:5092/Item/Create - 200 null text/html; charset=utf-8 35.3148ms
2024-10-07 15:27:11.658 +02:00 [INF] Request starting HTTP/1.1 GET http://localhost:5092/lib/jquery-validate/jquery.validate.js - null null
2024-10-07 15:27:11.658 +02:00 [INF] Request starting HTTP/1.1 GET http://localhost:5092/lib/jquery-validation-unobtrusive/jquery.validate.unobtrusive.js - null null
2024-10-07 15:27:11.658 +02:00 [INF] Request finished HTTP/1.1 GET http://localhost:5092/lib/jquery-validate/jquery.validate.js - 404 0 null 0.3447ms
2024-10-07 15:27:11.658 +02:00 [INF] Request finished HTTP/1.1 GET http://localhost:5092/lib/jquery-validation-unobtrusive/jquery.validate.unobtrusive.js - 404 0 null 0.3488ms
2024-10-07 15:27:11.658 +02:00 [INF] Request reached the end of the middleware pipeline without being handled by application code. Request path: GET http://localhost:5092/lib/jquery-validate/jquery.validate.js, Response status code: 404
2024-10-07 15:27:11.658 +02:00 [INF] Request reached the end of the middleware pipeline without being handled by application code. Request path: GET http://localhost:5092/lib/jquery-validation-unobtrusive/jquery.validate.unobtrusive.js, Response status code: 404
