2024-10-14 15:06:06.051 +02:00 [INF] User profile is available. Using 'C:\Users\Bruker\AppData\Local\ASP.NET\DataProtection-Keys' as key repository and Windows DPAPI to encrypt keys at rest.
2024-10-14 15:06:06.131 +02:00 [INF] Now listening on: http://localhost:5092
2024-10-14 15:06:06.133 +02:00 [INF] Application started. Press Ctrl+C to shut down.
2024-10-14 15:06:06.134 +02:00 [INF] Hosting environment: Development
2024-10-14 15:06:06.134 +02:00 [INF] Content root path: C:\Users\Bruker\Desktop\Webapplikasjoner-ITPE3200\MyShop\MyShop
2024-10-14 15:06:15.221 +02:00 [INF] Request starting HTTP/1.1 GET http://localhost:5092/ - null null
2024-10-14 15:06:15.241 +02:00 [INF] Executing endpoint 'MyShop.Controllers.HomeController.Index (MyShop)'
2024-10-14 15:06:15.246 +02:00 [INF] Route matched with {action = "Index", controller = "Home", page = "", area = ""}. Executing controller action with signature Microsoft.AspNetCore.Mvc.IActionResult Index() on controller MyShop.Controllers.HomeController (MyShop).
2024-10-14 15:06:15.249 +02:00 [INF] Executing ViewResult, running view Index.
2024-10-14 15:06:15.291 +02:00 [INF] Executed ViewResult - view Index executed in 41.989ms.
2024-10-14 15:06:15.292 +02:00 [INF] Executed action MyShop.Controllers.HomeController.Index (MyShop) in 45.8034ms
2024-10-14 15:06:15.292 +02:00 [INF] Executed endpoint 'MyShop.Controllers.HomeController.Index (MyShop)'
2024-10-14 15:06:15.294 +02:00 [INF] Request finished HTTP/1.1 GET http://localhost:5092/ - 200 null text/html; charset=utf-8 74.6469ms
2024-10-14 15:06:15.311 +02:00 [INF] Request starting HTTP/1.1 GET http://localhost:5092/lib/jquery-validation-unobtrusive/jquery.validate.unobtrusive.js - null null
2024-10-14 15:06:15.311 +02:00 [INF] Request starting HTTP/1.1 GET http://localhost:5092/lib/jquery-validate/jquery.validate.js - null null
2024-10-14 15:06:15.314 +02:00 [INF] Request finished HTTP/1.1 GET http://localhost:5092/lib/jquery-validation-unobtrusive/jquery.validate.unobtrusive.js - 404 0 null 2.5096ms
2024-10-14 15:06:15.314 +02:00 [INF] Request finished HTTP/1.1 GET http://localhost:5092/lib/jquery-validate/jquery.validate.js - 404 0 null 2.508ms
2024-10-14 15:06:15.314 +02:00 [INF] Request reached the end of the middleware pipeline without being handled by application code. Request path: GET http://localhost:5092/lib/jquery-validation-unobtrusive/jquery.validate.unobtrusive.js, Response status code: 404
2024-10-14 15:06:15.314 +02:00 [INF] Request reached the end of the middleware pipeline without being handled by application code. Request path: GET http://localhost:5092/lib/jquery-validate/jquery.validate.js, Response status code: 404
2024-10-14 15:06:17.506 +02:00 [INF] Request starting HTTP/1.1 GET http://localhost:5092/Item/Table - null null
2024-10-14 15:06:17.510 +02:00 [INF] Executing endpoint 'MyShop.Controllers.ItemController.Table (MyShop)'
2024-10-14 15:06:17.515 +02:00 [INF] Route matched with {action = "Table", controller = "Item", page = "", area = ""}. Executing controller action with signature System.Threading.Tasks.Task`1[Microsoft.AspNetCore.Mvc.IActionResult] Table() on controller MyShop.Controllers.ItemController (MyShop).
2024-10-14 15:06:17.567 +02:00 [INF] Executing ViewResult, running view Table.
2024-10-14 15:06:17.584 +02:00 [INF] Executed ViewResult - view Table executed in 17.7685ms.
2024-10-14 15:06:17.584 +02:00 [INF] Executed action MyShop.Controllers.ItemController.Table (MyShop) in 68.702ms
2024-10-14 15:06:17.584 +02:00 [INF] Executed endpoint 'MyShop.Controllers.ItemController.Table (MyShop)'
2024-10-14 15:06:17.587 +02:00 [INF] Request finished HTTP/1.1 GET http://localhost:5092/Item/Table - 200 null text/html; charset=utf-8 80.882ms
2024-10-14 15:06:17.600 +02:00 [INF] Request starting HTTP/1.1 GET http://localhost:5092/lib/jquery-validate/jquery.validate.js - null null
2024-10-14 15:06:17.600 +02:00 [INF] Request starting HTTP/1.1 GET http://localhost:5092/lib/jquery-validation-unobtrusive/jquery.validate.unobtrusive.js - null null
2024-10-14 15:06:17.601 +02:00 [INF] Request finished HTTP/1.1 GET http://localhost:5092/lib/jquery-validate/jquery.validate.js - 404 0 null 1.1112ms
2024-10-14 15:06:17.601 +02:00 [INF] Request finished HTTP/1.1 GET http://localhost:5092/lib/jquery-validation-unobtrusive/jquery.validate.unobtrusive.js - 404 0 null 1.1078ms
2024-10-14 15:06:17.601 +02:00 [INF] Request reached the end of the middleware pipeline without being handled by application code. Request path: GET http://localhost:5092/lib/jquery-validate/jquery.validate.js, Response status code: 404
2024-10-14 15:06:17.601 +02:00 [INF] Request reached the end of the middleware pipeline without being handled by application code. Request path: GET http://localhost:5092/lib/jquery-validation-unobtrusive/jquery.validate.unobtrusive.js, Response status code: 404
2024-10-14 15:06:19.700 +02:00 [INF] Request starting HTTP/1.1 GET http://localhost:5092/Item/Create - null null
2024-10-14 15:06:19.701 +02:00 [INF] Executing endpoint 'MyShop.Controllers.ItemController.Create (MyShop)'
2024-10-14 15:06:19.704 +02:00 [INF] Route matched with {action = "Create", controller = "Item", page = "", area = ""}. Executing controller action with signature Microsoft.AspNetCore.Mvc.IActionResult Create() on controller MyShop.Controllers.ItemController (MyShop).
2024-10-14 15:06:19.705 +02:00 [INF] Executing ViewResult, running view Create.
2024-10-14 15:06:19.737 +02:00 [INF] Executed ViewResult - view Create executed in 32.6482ms.
2024-10-14 15:06:19.738 +02:00 [INF] Executed action MyShop.Controllers.ItemController.Create (MyShop) in 33.3897ms
2024-10-14 15:06:19.738 +02:00 [INF] Executed endpoint 'MyShop.Controllers.ItemController.Create (MyShop)'
2024-10-14 15:06:19.738 +02:00 [INF] Request finished HTTP/1.1 GET http://localhost:5092/Item/Create - 200 null text/html; charset=utf-8 37.726ms
2024-10-14 15:06:19.750 +02:00 [INF] Request starting HTTP/1.1 GET http://localhost:5092/lib/jquery-validate/jquery.validate.js - null null
2024-10-14 15:06:19.751 +02:00 [INF] Request finished HTTP/1.1 GET http://localhost:5092/lib/jquery-validate/jquery.validate.js - 404 0 null 0.6461ms
2024-10-14 15:06:19.751 +02:00 [INF] Request reached the end of the middleware pipeline without being handled by application code. Request path: GET http://localhost:5092/lib/jquery-validate/jquery.validate.js, Response status code: 404
2024-10-14 15:06:19.752 +02:00 [INF] Request starting HTTP/1.1 GET http://localhost:5092/lib/jquery-validation-unobtrusive/jquery.validate.unobtrusive.js - null null
2024-10-14 15:06:19.753 +02:00 [INF] Request finished HTTP/1.1 GET http://localhost:5092/lib/jquery-validation-unobtrusive/jquery.validate.unobtrusive.js - 404 0 null 0.5312ms
2024-10-14 15:06:19.753 +02:00 [INF] Request reached the end of the middleware pipeline without being handled by application code. Request path: GET http://localhost:5092/lib/jquery-validation-unobtrusive/jquery.validate.unobtrusive.js, Response status code: 404
2024-10-14 15:06:22.092 +02:00 [INF] Request starting HTTP/1.1 GET http://localhost:5092/Item/Table - null null
2024-10-14 15:06:22.092 +02:00 [INF] Executing endpoint 'MyShop.Controllers.ItemController.Table (MyShop)'
2024-10-14 15:06:22.092 +02:00 [INF] Route matched with {action = "Table", controller = "Item", page = "", area = ""}. Executing controller action with signature System.Threading.Tasks.Task`1[Microsoft.AspNetCore.Mvc.IActionResult] Table() on controller MyShop.Controllers.ItemController (MyShop).
2024-10-14 15:06:22.132 +02:00 [INF] Executing ViewResult, running view Table.
2024-10-14 15:06:22.133 +02:00 [INF] Executed ViewResult - view Table executed in 1.1556ms.
2024-10-14 15:06:22.133 +02:00 [INF] Executed action MyShop.Controllers.ItemController.Table (MyShop) in 40.3232ms
2024-10-14 15:06:22.133 +02:00 [INF] Executed endpoint 'MyShop.Controllers.ItemController.Table (MyShop)'
2024-10-14 15:06:22.133 +02:00 [INF] Request finished HTTP/1.1 GET http://localhost:5092/Item/Table - 200 null text/html; charset=utf-8 41.5925ms
2024-10-14 15:06:22.141 +02:00 [INF] Request starting HTTP/1.1 GET http://localhost:5092/lib/jquery-validation-unobtrusive/jquery.validate.unobtrusive.js - null null
2024-10-14 15:06:22.141 +02:00 [INF] Request starting HTTP/1.1 GET http://localhost:5092/lib/jquery-validate/jquery.validate.js - null null
2024-10-14 15:06:22.142 +02:00 [INF] Request finished HTTP/1.1 GET http://localhost:5092/lib/jquery-validation-unobtrusive/jquery.validate.unobtrusive.js - 404 0 null 0.6486ms
2024-10-14 15:06:22.142 +02:00 [INF] Request reached the end of the middleware pipeline without being handled by application code. Request path: GET http://localhost:5092/lib/jquery-validation-unobtrusive/jquery.validate.unobtrusive.js, Response status code: 404
2024-10-14 15:06:22.142 +02:00 [INF] Request finished HTTP/1.1 GET http://localhost:5092/lib/jquery-validate/jquery.validate.js - 404 0 null 0.6381ms
2024-10-14 15:06:22.142 +02:00 [INF] Request reached the end of the middleware pipeline without being handled by application code. Request path: GET http://localhost:5092/lib/jquery-validate/jquery.validate.js, Response status code: 404
2024-10-14 15:06:24.252 +02:00 [INF] Request starting HTTP/1.1 GET http://localhost:5092/Item/Update/1 - null null
2024-10-14 15:06:24.253 +02:00 [INF] Executing endpoint 'MyShop.Controllers.ItemController.Update (MyShop)'
2024-10-14 15:06:24.262 +02:00 [INF] Route matched with {action = "Update", controller = "Item", page = "", area = ""}. Executing controller action with signature System.Threading.Tasks.Task`1[Microsoft.AspNetCore.Mvc.IActionResult] Update(Int32) on controller MyShop.Controllers.ItemController (MyShop).
2024-10-14 15:06:24.283 +02:00 [INF] Executing ViewResult, running view Update.
2024-10-14 15:06:24.299 +02:00 [INF] Executed ViewResult - view Update executed in 16.4371ms.
2024-10-14 15:06:24.299 +02:00 [INF] Executed action MyShop.Controllers.ItemController.Update (MyShop) in 37.1355ms
2024-10-14 15:06:24.299 +02:00 [INF] Executed endpoint 'MyShop.Controllers.ItemController.Update (MyShop)'
2024-10-14 15:06:24.300 +02:00 [INF] Request finished HTTP/1.1 GET http://localhost:5092/Item/Update/1 - 200 null text/html; charset=utf-8 47.2509ms
2024-10-14 15:06:24.314 +02:00 [INF] Request starting HTTP/1.1 GET http://localhost:5092/lib/jquery-validate/jquery.validate.js - null null
2024-10-14 15:06:24.315 +02:00 [INF] Request finished HTTP/1.1 GET http://localhost:5092/lib/jquery-validate/jquery.validate.js - 404 0 null 0.7219ms
2024-10-14 15:06:24.315 +02:00 [INF] Request reached the end of the middleware pipeline without being handled by application code. Request path: GET http://localhost:5092/lib/jquery-validate/jquery.validate.js, Response status code: 404
2024-10-14 15:06:24.318 +02:00 [INF] Request starting HTTP/1.1 GET http://localhost:5092/lib/jquery-validation-unobtrusive/jquery.validate.unobtrusive.js - null null
2024-10-14 15:06:24.319 +02:00 [INF] Request finished HTTP/1.1 GET http://localhost:5092/lib/jquery-validation-unobtrusive/jquery.validate.unobtrusive.js - 404 0 null 0.6753ms
2024-10-14 15:06:24.319 +02:00 [INF] Request reached the end of the middleware pipeline without being handled by application code. Request path: GET http://localhost:5092/lib/jquery-validation-unobtrusive/jquery.validate.unobtrusive.js, Response status code: 404
2024-10-14 15:06:26.208 +02:00 [INF] Request starting HTTP/1.1 POST http://localhost:5092/Item/Update/1 - application/x-www-form-urlencoded 361
2024-10-14 15:06:26.208 +02:00 [INF] Executing endpoint 'MyShop.Controllers.ItemController.Update (MyShop)'
2024-10-14 15:06:26.216 +02:00 [INF] Route matched with {action = "Update", controller = "Item", page = "", area = ""}. Executing controller action with signature System.Threading.Tasks.Task`1[Microsoft.AspNetCore.Mvc.IActionResult] Update(MyShop.Models.Item) on controller MyShop.Controllers.ItemController (MyShop).
2024-10-14 15:06:26.241 +02:00 [INF] Executing RedirectResult, redirecting to /Item/Table.
2024-10-14 15:06:26.241 +02:00 [INF] Executed action MyShop.Controllers.ItemController.Update (MyShop) in 25.051ms
2024-10-14 15:06:26.241 +02:00 [INF] Executed endpoint 'MyShop.Controllers.ItemController.Update (MyShop)'
2024-10-14 15:06:26.241 +02:00 [INF] Request finished HTTP/1.1 POST http://localhost:5092/Item/Update/1 - 302 0 null 33.4402ms
2024-10-14 15:06:26.244 +02:00 [INF] Request starting HTTP/1.1 GET http://localhost:5092/Item/Table - null null
2024-10-14 15:06:26.245 +02:00 [INF] Executing endpoint 'MyShop.Controllers.ItemController.Table (MyShop)'
2024-10-14 15:06:26.245 +02:00 [INF] Route matched with {action = "Table", controller = "Item", page = "", area = ""}. Executing controller action with signature System.Threading.Tasks.Task`1[Microsoft.AspNetCore.Mvc.IActionResult] Table() on controller MyShop.Controllers.ItemController (MyShop).
2024-10-14 15:06:26.247 +02:00 [INF] Executing ViewResult, running view Table.
2024-10-14 15:06:26.249 +02:00 [INF] Executed ViewResult - view Table executed in 2.4048ms.
2024-10-14 15:06:26.249 +02:00 [INF] Executed action MyShop.Controllers.ItemController.Table (MyShop) in 4.0357ms
2024-10-14 15:06:26.249 +02:00 [INF] Executed endpoint 'MyShop.Controllers.ItemController.Table (MyShop)'
2024-10-14 15:06:26.249 +02:00 [INF] Request finished HTTP/1.1 GET http://localhost:5092/Item/Table - 200 null text/html; charset=utf-8 4.8594ms
2024-10-14 15:06:26.263 +02:00 [INF] Request starting HTTP/1.1 GET http://localhost:5092/lib/jquery-validate/jquery.validate.js - null null
2024-10-14 15:06:26.263 +02:00 [INF] Request starting HTTP/1.1 GET http://localhost:5092/lib/jquery-validation-unobtrusive/jquery.validate.unobtrusive.js - null null
2024-10-14 15:06:26.264 +02:00 [INF] Request finished HTTP/1.1 GET http://localhost:5092/lib/jquery-validation-unobtrusive/jquery.validate.unobtrusive.js - 404 0 null 0.7091ms
2024-10-14 15:06:26.264 +02:00 [INF] Request reached the end of the middleware pipeline without being handled by application code. Request path: GET http://localhost:5092/lib/jquery-validation-unobtrusive/jquery.validate.unobtrusive.js, Response status code: 404
2024-10-14 15:06:26.264 +02:00 [INF] Request finished HTTP/1.1 GET http://localhost:5092/lib/jquery-validate/jquery.validate.js - 404 0 null 0.7192ms
2024-10-14 15:06:26.264 +02:00 [INF] Request reached the end of the middleware pipeline without being handled by application code. Request path: GET http://localhost:5092/lib/jquery-validate/jquery.validate.js, Response status code: 404
2024-10-14 15:06:27.604 +02:00 [INF] Request starting HTTP/1.1 GET http://localhost:5092/Item/Delete/1 - null null
2024-10-14 15:06:27.605 +02:00 [INF] Executing endpoint 'MyShop.Controllers.ItemController.Delete (MyShop)'
2024-10-14 15:06:27.608 +02:00 [INF] Route matched with {action = "Delete", controller = "Item", page = "", area = ""}. Executing controller action with signature System.Threading.Tasks.Task`1[Microsoft.AspNetCore.Mvc.IActionResult] Delete(Int32) on controller MyShop.Controllers.ItemController (MyShop).
2024-10-14 15:06:27.612 +02:00 [INF] Executing ViewResult, running view Delete.
2024-10-14 15:06:27.614 +02:00 [INF] Executed ViewResult - view Delete executed in 2.6951ms.
2024-10-14 15:06:27.614 +02:00 [INF] Executed action MyShop.Controllers.ItemController.Delete (MyShop) in 5.8039ms
2024-10-14 15:06:27.614 +02:00 [INF] Executed endpoint 'MyShop.Controllers.ItemController.Delete (MyShop)'
2024-10-14 15:06:27.614 +02:00 [INF] Request finished HTTP/1.1 GET http://localhost:5092/Item/Delete/1 - 200 null text/html; charset=utf-8 9.9053ms
2024-10-14 15:06:27.630 +02:00 [INF] Request starting HTTP/1.1 GET http://localhost:5092/lib/jquery-validate/jquery.validate.js - null null
2024-10-14 15:06:27.630 +02:00 [INF] Request starting HTTP/1.1 GET http://localhost:5092/lib/jquery-validation-unobtrusive/jquery.validate.unobtrusive.js - null null
2024-10-14 15:06:27.631 +02:00 [INF] Request finished HTTP/1.1 GET http://localhost:5092/lib/jquery-validation-unobtrusive/jquery.validate.unobtrusive.js - 404 0 null 0.6313ms
2024-10-14 15:06:27.631 +02:00 [INF] Request finished HTTP/1.1 GET http://localhost:5092/lib/jquery-validate/jquery.validate.js - 404 0 null 0.6313ms
2024-10-14 15:06:27.631 +02:00 [INF] Request reached the end of the middleware pipeline without being handled by application code. Request path: GET http://localhost:5092/lib/jquery-validation-unobtrusive/jquery.validate.unobtrusive.js, Response status code: 404
2024-10-14 15:06:27.631 +02:00 [INF] Request reached the end of the middleware pipeline without being handled by application code. Request path: GET http://localhost:5092/lib/jquery-validate/jquery.validate.js, Response status code: 404
2024-10-14 15:06:31.861 +02:00 [INF] Request starting HTTP/1.1 GET http://localhost:5092/Item/Table - null null
2024-10-14 15:06:31.861 +02:00 [INF] Executing endpoint 'MyShop.Controllers.ItemController.Table (MyShop)'
2024-10-14 15:06:31.861 +02:00 [INF] Route matched with {action = "Table", controller = "Item", page = "", area = ""}. Executing controller action with signature System.Threading.Tasks.Task`1[Microsoft.AspNetCore.Mvc.IActionResult] Table() on controller MyShop.Controllers.ItemController (MyShop).
2024-10-14 15:06:31.863 +02:00 [INF] Executing ViewResult, running view Table.
2024-10-14 15:06:31.866 +02:00 [INF] Executed ViewResult - view Table executed in 2.455ms.
2024-10-14 15:06:31.866 +02:00 [INF] Executed action MyShop.Controllers.ItemController.Table (MyShop) in 4.5267ms
2024-10-14 15:06:31.866 +02:00 [INF] Executed endpoint 'MyShop.Controllers.ItemController.Table (MyShop)'
2024-10-14 15:06:31.866 +02:00 [INF] Request finished HTTP/1.1 GET http://localhost:5092/Item/Table - 200 null text/html; charset=utf-8 5.6288ms
2024-10-14 15:06:31.879 +02:00 [INF] Request starting HTTP/1.1 GET http://localhost:5092/lib/jquery-validate/jquery.validate.js - null null
2024-10-14 15:06:31.879 +02:00 [INF] Request starting HTTP/1.1 GET http://localhost:5092/lib/jquery-validation-unobtrusive/jquery.validate.unobtrusive.js - null null
2024-10-14 15:06:31.881 +02:00 [INF] Request finished HTTP/1.1 GET http://localhost:5092/lib/jquery-validation-unobtrusive/jquery.validate.unobtrusive.js - 404 0 null 2.0092ms
2024-10-14 15:06:31.881 +02:00 [INF] Request finished HTTP/1.1 GET http://localhost:5092/lib/jquery-validate/jquery.validate.js - 404 0 null 2.0092ms
2024-10-14 15:06:31.881 +02:00 [INF] Request reached the end of the middleware pipeline without being handled by application code. Request path: GET http://localhost:5092/lib/jquery-validation-unobtrusive/jquery.validate.unobtrusive.js, Response status code: 404
2024-10-14 15:06:31.881 +02:00 [INF] Request reached the end of the middleware pipeline without being handled by application code. Request path: GET http://localhost:5092/lib/jquery-validate/jquery.validate.js, Response status code: 404
2024-10-14 15:06:35.644 +02:00 [INF] Request starting HTTP/1.1 GET http://localhost:5092/Item/Delete/1 - null null
2024-10-14 15:06:35.645 +02:00 [INF] Executing endpoint 'MyShop.Controllers.ItemController.Delete (MyShop)'
2024-10-14 15:06:35.645 +02:00 [INF] Route matched with {action = "Delete", controller = "Item", page = "", area = ""}. Executing controller action with signature System.Threading.Tasks.Task`1[Microsoft.AspNetCore.Mvc.IActionResult] Delete(Int32) on controller MyShop.Controllers.ItemController (MyShop).
2024-10-14 15:06:35.647 +02:00 [INF] Executing ViewResult, running view Delete.
2024-10-14 15:06:35.648 +02:00 [INF] Executed ViewResult - view Delete executed in 1.2057ms.
2024-10-14 15:06:35.648 +02:00 [INF] Executed action MyShop.Controllers.ItemController.Delete (MyShop) in 3.4712ms
2024-10-14 15:06:35.649 +02:00 [INF] Executed endpoint 'MyShop.Controllers.ItemController.Delete (MyShop)'
2024-10-14 15:06:35.649 +02:00 [INF] Request finished HTTP/1.1 GET http://localhost:5092/Item/Delete/1 - 200 null text/html; charset=utf-8 4.3089ms
2024-10-14 15:06:35.665 +02:00 [INF] Request starting HTTP/1.1 GET http://localhost:5092/lib/jquery-validation-unobtrusive/jquery.validate.unobtrusive.js - null null
2024-10-14 15:06:35.665 +02:00 [INF] Request starting HTTP/1.1 GET http://localhost:5092/lib/jquery-validate/jquery.validate.js - null null
2024-10-14 15:06:35.665 +02:00 [INF] Request finished HTTP/1.1 GET http://localhost:5092/lib/jquery-validation-unobtrusive/jquery.validate.unobtrusive.js - 404 0 null 0.5403ms
2024-10-14 15:06:35.665 +02:00 [INF] Request reached the end of the middleware pipeline without being handled by application code. Request path: GET http://localhost:5092/lib/jquery-validation-unobtrusive/jquery.validate.unobtrusive.js, Response status code: 404
2024-10-14 15:06:35.665 +02:00 [INF] Request finished HTTP/1.1 GET http://localhost:5092/lib/jquery-validate/jquery.validate.js - 404 0 null 0.5424ms
2024-10-14 15:06:35.666 +02:00 [INF] Request reached the end of the middleware pipeline without being handled by application code. Request path: GET http://localhost:5092/lib/jquery-validate/jquery.validate.js, Response status code: 404
2024-10-14 15:06:36.639 +02:00 [INF] Request starting HTTP/1.1 POST http://localhost:5092/Item/DeleteConfirmed/1 - application/x-www-form-urlencoded 182
2024-10-14 15:06:36.640 +02:00 [INF] Executing endpoint 'MyShop.Controllers.ItemController.DeleteConfirmed (MyShop)'
2024-10-14 15:06:36.643 +02:00 [INF] Route matched with {action = "DeleteConfirmed", controller = "Item", page = "", area = ""}. Executing controller action with signature System.Threading.Tasks.Task`1[Microsoft.AspNetCore.Mvc.IActionResult] DeleteConfirmed(Int32) on controller MyShop.Controllers.ItemController (MyShop).
2024-10-14 15:06:36.655 +02:00 [INF] Executing RedirectResult, redirecting to /Item/Table.
2024-10-14 15:06:36.656 +02:00 [INF] Executed action MyShop.Controllers.ItemController.DeleteConfirmed (MyShop) in 12.2288ms
2024-10-14 15:06:36.656 +02:00 [INF] Executed endpoint 'MyShop.Controllers.ItemController.DeleteConfirmed (MyShop)'
2024-10-14 15:06:36.656 +02:00 [INF] Request finished HTTP/1.1 POST http://localhost:5092/Item/DeleteConfirmed/1 - 302 0 null 16.6887ms
2024-10-14 15:06:36.659 +02:00 [INF] Request starting HTTP/1.1 GET http://localhost:5092/Item/Table - null null
2024-10-14 15:06:36.659 +02:00 [INF] Executing endpoint 'MyShop.Controllers.ItemController.Table (MyShop)'
2024-10-14 15:06:36.660 +02:00 [INF] Route matched with {action = "Table", controller = "Item", page = "", area = ""}. Executing controller action with signature System.Threading.Tasks.Task`1[Microsoft.AspNetCore.Mvc.IActionResult] Table() on controller MyShop.Controllers.ItemController (MyShop).
2024-10-14 15:06:36.661 +02:00 [INF] Executing ViewResult, running view Table.
2024-10-14 15:06:36.662 +02:00 [INF] Executed ViewResult - view Table executed in 0.9092ms.
2024-10-14 15:06:36.662 +02:00 [INF] Executed action MyShop.Controllers.ItemController.Table (MyShop) in 2.3565ms
2024-10-14 15:06:36.662 +02:00 [INF] Executed endpoint 'MyShop.Controllers.ItemController.Table (MyShop)'
2024-10-14 15:06:36.662 +02:00 [INF] Request finished HTTP/1.1 GET http://localhost:5092/Item/Table - 200 null text/html; charset=utf-8 3.118ms
2024-10-14 15:06:36.675 +02:00 [INF] Request starting HTTP/1.1 GET http://localhost:5092/lib/jquery-validate/jquery.validate.js - null null
2024-10-14 15:06:36.675 +02:00 [INF] Request starting HTTP/1.1 GET http://localhost:5092/lib/jquery-validation-unobtrusive/jquery.validate.unobtrusive.js - null null
2024-10-14 15:06:36.676 +02:00 [INF] Request finished HTTP/1.1 GET http://localhost:5092/lib/jquery-validate/jquery.validate.js - 404 0 null 0.4832ms
2024-10-14 15:06:36.676 +02:00 [INF] Request finished HTTP/1.1 GET http://localhost:5092/lib/jquery-validation-unobtrusive/jquery.validate.unobtrusive.js - 404 0 null 0.4889ms
2024-10-14 15:06:36.676 +02:00 [INF] Request reached the end of the middleware pipeline without being handled by application code. Request path: GET http://localhost:5092/lib/jquery-validate/jquery.validate.js, Response status code: 404
2024-10-14 15:06:36.676 +02:00 [INF] Request reached the end of the middleware pipeline without being handled by application code. Request path: GET http://localhost:5092/lib/jquery-validation-unobtrusive/jquery.validate.unobtrusive.js, Response status code: 404
2024-10-14 15:06:49.158 +02:00 [INF] Request starting HTTP/1.1 GET http://localhost:5092/Item/Create - null null
2024-10-14 15:06:49.158 +02:00 [INF] Executing endpoint 'MyShop.Controllers.ItemController.Create (MyShop)'
2024-10-14 15:06:49.158 +02:00 [INF] Route matched with {action = "Create", controller = "Item", page = "", area = ""}. Executing controller action with signature Microsoft.AspNetCore.Mvc.IActionResult Create() on controller MyShop.Controllers.ItemController (MyShop).
2024-10-14 15:06:49.159 +02:00 [INF] Executing ViewResult, running view Create.
2024-10-14 15:06:49.160 +02:00 [INF] Executed ViewResult - view Create executed in 1.653ms.
2024-10-14 15:06:49.160 +02:00 [INF] Executed action MyShop.Controllers.ItemController.Create (MyShop) in 1.9544ms
2024-10-14 15:06:49.160 +02:00 [INF] Executed endpoint 'MyShop.Controllers.ItemController.Create (MyShop)'
2024-10-14 15:06:49.160 +02:00 [INF] Request finished HTTP/1.1 GET http://localhost:5092/Item/Create - 200 null text/html; charset=utf-8 2.7507ms
2024-10-14 15:06:49.175 +02:00 [INF] Request starting HTTP/1.1 GET http://localhost:5092/lib/jquery-validate/jquery.validate.js - null null
2024-10-14 15:06:49.175 +02:00 [INF] Request starting HTTP/1.1 GET http://localhost:5092/lib/jquery-validation-unobtrusive/jquery.validate.unobtrusive.js - null null
2024-10-14 15:06:49.175 +02:00 [INF] Request finished HTTP/1.1 GET http://localhost:5092/lib/jquery-validate/jquery.validate.js - 404 0 null 0.479ms
2024-10-14 15:06:49.175 +02:00 [INF] Request reached the end of the middleware pipeline without being handled by application code. Request path: GET http://localhost:5092/lib/jquery-validate/jquery.validate.js, Response status code: 404
2024-10-14 15:06:49.175 +02:00 [INF] Request finished HTTP/1.1 GET http://localhost:5092/lib/jquery-validation-unobtrusive/jquery.validate.unobtrusive.js - 404 0 null 0.5819ms
2024-10-14 15:06:49.176 +02:00 [INF] Request reached the end of the middleware pipeline without being handled by application code. Request path: GET http://localhost:5092/lib/jquery-validation-unobtrusive/jquery.validate.unobtrusive.js, Response status code: 404
2024-10-14 15:06:57.846 +02:00 [INF] Request starting HTTP/1.1 POST http://localhost:5092/Item/Create - application/x-www-form-urlencoded 262
2024-10-14 15:06:57.847 +02:00 [INF] Executing endpoint 'MyShop.Controllers.ItemController.Create (MyShop)'
2024-10-14 15:06:57.849 +02:00 [INF] Route matched with {action = "Create", controller = "Item", page = "", area = ""}. Executing controller action with signature System.Threading.Tasks.Task`1[Microsoft.AspNetCore.Mvc.IActionResult] Create(MyShop.Models.Item) on controller MyShop.Controllers.ItemController (MyShop).
2024-10-14 15:06:57.855 +02:00 [INF] Executing RedirectResult, redirecting to /Item/Table.
2024-10-14 15:06:57.855 +02:00 [INF] Executed action MyShop.Controllers.ItemController.Create (MyShop) in 6.4611ms
2024-10-14 15:06:57.855 +02:00 [INF] Executed endpoint 'MyShop.Controllers.ItemController.Create (MyShop)'
2024-10-14 15:06:57.855 +02:00 [INF] Request finished HTTP/1.1 POST http://localhost:5092/Item/Create - 302 0 null 8.9155ms
2024-10-14 15:06:57.857 +02:00 [INF] Request starting HTTP/1.1 GET http://localhost:5092/Item/Table - null null
2024-10-14 15:06:57.858 +02:00 [INF] Executing endpoint 'MyShop.Controllers.ItemController.Table (MyShop)'
2024-10-14 15:06:57.858 +02:00 [INF] Route matched with {action = "Table", controller = "Item", page = "", area = ""}. Executing controller action with signature System.Threading.Tasks.Task`1[Microsoft.AspNetCore.Mvc.IActionResult] Table() on controller MyShop.Controllers.ItemController (MyShop).
2024-10-14 15:06:57.859 +02:00 [INF] Executing ViewResult, running view Table.
2024-10-14 15:06:57.859 +02:00 [INF] Executed ViewResult - view Table executed in 0.504ms.
2024-10-14 15:06:57.859 +02:00 [INF] Executed action MyShop.Controllers.ItemController.Table (MyShop) in 1.4988ms
2024-10-14 15:06:57.859 +02:00 [INF] Executed endpoint 'MyShop.Controllers.ItemController.Table (MyShop)'
2024-10-14 15:06:57.859 +02:00 [INF] Request finished HTTP/1.1 GET http://localhost:5092/Item/Table - 200 null text/html; charset=utf-8 1.8581ms
2024-10-14 15:06:57.872 +02:00 [INF] Request starting HTTP/1.1 GET http://localhost:5092/lib/jquery-validate/jquery.validate.js - null null
2024-10-14 15:06:57.872 +02:00 [INF] Request starting HTTP/1.1 GET http://localhost:5092/lib/jquery-validation-unobtrusive/jquery.validate.unobtrusive.js - null null
2024-10-14 15:06:57.873 +02:00 [INF] Request finished HTTP/1.1 GET http://localhost:5092/lib/jquery-validate/jquery.validate.js - 404 0 null 0.4867ms
2024-10-14 15:06:57.873 +02:00 [INF] Request finished HTTP/1.1 GET http://localhost:5092/lib/jquery-validation-unobtrusive/jquery.validate.unobtrusive.js - 404 0 null 0.4412ms
2024-10-14 15:06:57.873 +02:00 [INF] Request reached the end of the middleware pipeline without being handled by application code. Request path: GET http://localhost:5092/lib/jquery-validate/jquery.validate.js, Response status code: 404
2024-10-14 15:06:57.873 +02:00 [INF] Request reached the end of the middleware pipeline without being handled by application code. Request path: GET http://localhost:5092/lib/jquery-validation-unobtrusive/jquery.validate.unobtrusive.js, Response status code: 404
2024-10-14 15:07:05.576 +02:00 [INF] Request starting HTTP/1.1 GET http://localhost:5092/ - null null
2024-10-14 15:07:05.577 +02:00 [INF] Executing endpoint 'MyShop.Controllers.HomeController.Index (MyShop)'
2024-10-14 15:07:05.577 +02:00 [INF] Route matched with {action = "Index", controller = "Home", page = "", area = ""}. Executing controller action with signature Microsoft.AspNetCore.Mvc.IActionResult Index() on controller MyShop.Controllers.HomeController (MyShop).
2024-10-14 15:07:05.577 +02:00 [INF] Executing ViewResult, running view Index.
2024-10-14 15:07:05.578 +02:00 [INF] Executed ViewResult - view Index executed in 0.7018ms.
2024-10-14 15:07:05.578 +02:00 [INF] Executed action MyShop.Controllers.HomeController.Index (MyShop) in 0.9365ms
2024-10-14 15:07:05.578 +02:00 [INF] Executed endpoint 'MyShop.Controllers.HomeController.Index (MyShop)'
2024-10-14 15:07:05.578 +02:00 [INF] Request finished HTTP/1.1 GET http://localhost:5092/ - 200 null text/html; charset=utf-8 1.3226ms
2024-10-14 15:07:05.595 +02:00 [INF] Request starting HTTP/1.1 GET http://localhost:5092/lib/jquery-validate/jquery.validate.js - null null
2024-10-14 15:07:05.596 +02:00 [INF] Request starting HTTP/1.1 GET http://localhost:5092/lib/jquery-validation-unobtrusive/jquery.validate.unobtrusive.js - null null
2024-10-14 15:07:05.596 +02:00 [INF] Request finished HTTP/1.1 GET http://localhost:5092/lib/jquery-validate/jquery.validate.js - 404 0 null 0.4511ms
2024-10-14 15:07:05.596 +02:00 [INF] Request reached the end of the middleware pipeline without being handled by application code. Request path: GET http://localhost:5092/lib/jquery-validate/jquery.validate.js, Response status code: 404
2024-10-14 15:07:05.596 +02:00 [INF] Request finished HTTP/1.1 GET http://localhost:5092/lib/jquery-validation-unobtrusive/jquery.validate.unobtrusive.js - 404 0 null 0.2305ms
2024-10-14 15:07:05.596 +02:00 [INF] Request reached the end of the middleware pipeline without being handled by application code. Request path: GET http://localhost:5092/lib/jquery-validation-unobtrusive/jquery.validate.unobtrusive.js, Response status code: 404
2024-10-14 15:08:39.864 +02:00 [INF] Application is shutting down...
