2024-10-07 15:19:54.383 +02:00 [INF] User profile is available. Using 'C:\Users\Bruker\AppData\Local\ASP.NET\DataProtection-Keys' as key repository and Windows DPAPI to encrypt keys at rest.
2024-10-07 15:19:54.485 +02:00 [WRN] The ASP.NET Core developer certificate is not trusted. For information about trusting the ASP.NET Core developer certificate, see https://aka.ms/aspnet/https-trust-dev-cert.
2024-10-07 15:19:54.523 +02:00 [INF] Now listening on: https://localhost:7064
2024-10-07 15:19:54.524 +02:00 [INF] Now listening on: http://localhost:5092
2024-10-07 15:19:54.529 +02:00 [INF] Application started. Press Ctrl+C to shut down.
2024-10-07 15:19:54.539 +02:00 [INF] Hosting environment: Development
2024-10-07 15:19:54.540 +02:00 [INF] Content root path: C:\Users\Bruker\Desktop\Webapplikasjoner-ITPE3200\MyShop\MyShop
2024-10-07 15:19:54.718 +02:00 [INF] Request starting HTTP/1.1 GET http://localhost:5092/ - null null
2024-10-07 15:19:54.739 +02:00 [INF] Executing endpoint 'MyShop.Controllers.HomeController.Index (MyShop)'
2024-10-07 15:19:54.747 +02:00 [INF] Route matched with {action = "Index", controller = "Home"}. Executing controller action with signature Microsoft.AspNetCore.Mvc.IActionResult Index() on controller MyShop.Controllers.HomeController (MyShop).
2024-10-07 15:19:54.754 +02:00 [INF] Executing ViewResult, running view Index.
2024-10-07 15:19:54.805 +02:00 [INF] Executed ViewResult - view Index executed in 51.4253ms.
2024-10-07 15:19:54.806 +02:00 [INF] Executed action MyShop.Controllers.HomeController.Index (MyShop) in 58.1967ms
2024-10-07 15:19:54.806 +02:00 [INF] Executed endpoint 'MyShop.Controllers.HomeController.Index (MyShop)'
2024-10-07 15:19:54.809 +02:00 [INF] Request finished HTTP/1.1 GET http://localhost:5092/ - 200 null text/html; charset=utf-8 93.048ms
2024-10-07 15:19:57.211 +02:00 [INF] Request starting HTTP/1.1 GET http://localhost:5092/Item/Table - null null
2024-10-07 15:19:57.214 +02:00 [INF] Executing endpoint 'MyShop.Controllers.ItemController.Table (MyShop)'
2024-10-07 15:19:57.219 +02:00 [INF] Route matched with {action = "Table", controller = "Item"}. Executing controller action with signature System.Threading.Tasks.Task`1[Microsoft.AspNetCore.Mvc.IActionResult] Table() on controller MyShop.Controllers.ItemController (MyShop).
2024-10-07 15:19:57.296 +02:00 [INF] Executing ViewResult, running view Table.
2024-10-07 15:19:57.311 +02:00 [INF] Executed ViewResult - view Table executed in 15.9926ms.
2024-10-07 15:19:57.311 +02:00 [INF] Executed action MyShop.Controllers.ItemController.Table (MyShop) in 91.6094ms
2024-10-07 15:19:57.311 +02:00 [INF] Executed endpoint 'MyShop.Controllers.ItemController.Table (MyShop)'
2024-10-07 15:19:57.316 +02:00 [INF] Request finished HTTP/1.1 GET http://localhost:5092/Item/Table - 200 null text/html; charset=utf-8 104.7332ms
2024-10-07 15:19:59.033 +02:00 [INF] Request starting HTTP/1.1 GET http://localhost:5092/Item/Create - null null
2024-10-07 15:19:59.036 +02:00 [INF] Executing endpoint 'MyShop.Controllers.ItemController.Create (MyShop)'
2024-10-07 15:19:59.038 +02:00 [INF] Route matched with {action = "Create", controller = "Item"}. Executing controller action with signature Microsoft.AspNetCore.Mvc.IActionResult Create() on controller MyShop.Controllers.ItemController (MyShop).
2024-10-07 15:19:59.040 +02:00 [INF] Executing ViewResult, running view Create.
2024-10-07 15:19:59.083 +02:00 [INF] Executed ViewResult - view Create executed in 44.3168ms.
2024-10-07 15:19:59.083 +02:00 [INF] Executed action MyShop.Controllers.ItemController.Create (MyShop) in 45.2758ms
2024-10-07 15:19:59.083 +02:00 [INF] Executed endpoint 'MyShop.Controllers.ItemController.Create (MyShop)'
2024-10-07 15:19:59.083 +02:00 [INF] Request finished HTTP/1.1 GET http://localhost:5092/Item/Create - 200 null text/html; charset=utf-8 50.6281ms
2024-10-07 15:20:00.257 +02:00 [INF] Request starting HTTP/1.1 POST http://localhost:5092/Item/Create - application/x-www-form-urlencoded 218
2024-10-07 15:20:00.259 +02:00 [INF] Executing endpoint 'MyShop.Controllers.ItemController.Create (MyShop)'
2024-10-07 15:20:00.279 +02:00 [INF] Route matched with {action = "Create", controller = "Item"}. Executing controller action with signature System.Threading.Tasks.Task`1[Microsoft.AspNetCore.Mvc.IActionResult] Create(MyShop.Models.Item) on controller MyShop.Controllers.ItemController (MyShop).
