2024-10-14 15:13:51.974 +02:00 [INF] User profile is available. Using 'C:\Users\Bruker\AppData\Local\ASP.NET\DataProtection-Keys' as key repository and Windows DPAPI to encrypt keys at rest.
2024-10-14 15:13:52.051 +02:00 [INF] Now listening on: http://localhost:5092
2024-10-14 15:13:52.053 +02:00 [INF] Application started. Press Ctrl+C to shut down.
2024-10-14 15:13:52.053 +02:00 [INF] Hosting environment: Development
2024-10-14 15:13:52.053 +02:00 [INF] Content root path: C:\Users\Bruker\Desktop\Webapplikasjoner-ITPE3200\MyShop\MyShop
2024-10-14 15:13:55.953 +02:00 [INF] Request starting HTTP/1.1 GET http://localhost:5092/ - null null
2024-10-14 15:13:55.983 +02:00 [INF] Executing endpoint 'MyShop.Controllers.HomeController.Index (MyShop)'
2024-10-14 15:13:55.987 +02:00 [INF] Route matched with {action = "Index", controller = "Home", page = "", area = ""}. Executing controller action with signature Microsoft.AspNetCore.Mvc.IActionResult Index() on controller MyShop.Controllers.HomeController (MyShop).
2024-10-14 15:13:55.991 +02:00 [INF] Executing ViewResult, running view Index.
2024-10-14 15:13:56.038 +02:00 [INF] Executed ViewResult - view Index executed in 47.0329ms.
2024-10-14 15:13:56.039 +02:00 [INF] Executed action MyShop.Controllers.HomeController.Index (MyShop) in 51.544ms
2024-10-14 15:13:56.039 +02:00 [INF] Executed endpoint 'MyShop.Controllers.HomeController.Index (MyShop)'
2024-10-14 15:13:56.043 +02:00 [INF] Request finished HTTP/1.1 GET http://localhost:5092/ - 200 null text/html; charset=utf-8 90.3896ms
2024-10-14 15:13:56.054 +02:00 [INF] Request starting HTTP/1.1 GET http://localhost:5092/lib/jquery-validate/jquery.validate.js - null null
2024-10-14 15:13:56.054 +02:00 [INF] Request starting HTTP/1.1 GET http://localhost:5092/lib/jquery-validation-unobtrusive/jquery.validate.unobtrusive.js - null null
2024-10-14 15:13:56.057 +02:00 [INF] Request finished HTTP/1.1 GET http://localhost:5092/lib/jquery-validation-unobtrusive/jquery.validate.unobtrusive.js - 404 0 null 3.1293ms
2024-10-14 15:13:56.057 +02:00 [INF] Request finished HTTP/1.1 GET http://localhost:5092/lib/jquery-validate/jquery.validate.js - 404 0 null 3.1293ms
2024-10-14 15:13:56.058 +02:00 [INF] Request reached the end of the middleware pipeline without being handled by application code. Request path: GET http://localhost:5092/lib/jquery-validate/jquery.validate.js, Response status code: 404
2024-10-14 15:13:56.058 +02:00 [INF] Request reached the end of the middleware pipeline without being handled by application code. Request path: GET http://localhost:5092/lib/jquery-validation-unobtrusive/jquery.validate.unobtrusive.js, Response status code: 404
2024-10-14 15:13:57.705 +02:00 [INF] Request starting HTTP/1.1 GET http://localhost:5092/Item/Table - null null
2024-10-14 15:13:57.707 +02:00 [INF] Executing endpoint 'MyShop.Controllers.ItemController.Table (MyShop)'
2024-10-14 15:13:57.710 +02:00 [INF] Route matched with {action = "Table", controller = "Item", page = "", area = ""}. Executing controller action with signature System.Threading.Tasks.Task`1[Microsoft.AspNetCore.Mvc.IActionResult] Table() on controller MyShop.Controllers.ItemController (MyShop).
2024-10-14 15:13:57.742 +02:00 [INF] Executing ViewResult, running view Table.
2024-10-14 15:13:57.752 +02:00 [INF] Executed ViewResult - view Table executed in 11.0112ms.
2024-10-14 15:13:57.752 +02:00 [INF] Executed action MyShop.Controllers.ItemController.Table (MyShop) in 41.7665ms
2024-10-14 15:13:57.752 +02:00 [INF] Executed endpoint 'MyShop.Controllers.ItemController.Table (MyShop)'
2024-10-14 15:13:57.754 +02:00 [INF] Request finished HTTP/1.1 GET http://localhost:5092/Item/Table - 200 null text/html; charset=utf-8 49.4218ms
2024-10-14 15:13:57.769 +02:00 [INF] Request starting HTTP/1.1 GET http://localhost:5092/lib/jquery-validate/jquery.validate.js - null null
2024-10-14 15:13:57.769 +02:00 [INF] Request starting HTTP/1.1 GET http://localhost:5092/lib/jquery-validation-unobtrusive/jquery.validate.unobtrusive.js - null null
2024-10-14 15:13:57.770 +02:00 [INF] Request finished HTTP/1.1 GET http://localhost:5092/lib/jquery-validate/jquery.validate.js - 404 0 null 0.736ms
2024-10-14 15:13:57.770 +02:00 [INF] Request finished HTTP/1.1 GET http://localhost:5092/lib/jquery-validation-unobtrusive/jquery.validate.unobtrusive.js - 404 0 null 0.7412ms
2024-10-14 15:13:57.770 +02:00 [INF] Request reached the end of the middleware pipeline without being handled by application code. Request path: GET http://localhost:5092/lib/jquery-validate/jquery.validate.js, Response status code: 404
2024-10-14 15:13:57.770 +02:00 [INF] Request reached the end of the middleware pipeline without being handled by application code. Request path: GET http://localhost:5092/lib/jquery-validation-unobtrusive/jquery.validate.unobtrusive.js, Response status code: 404
2024-10-14 15:14:00.352 +02:00 [INF] Request starting HTTP/1.1 GET http://localhost:5092/Item/Delete/1 - null null
2024-10-14 15:14:00.353 +02:00 [INF] Executing endpoint 'MyShop.Controllers.ItemController.Delete (MyShop)'
2024-10-14 15:14:00.358 +02:00 [INF] Route matched with {action = "Delete", controller = "Item", page = "", area = ""}. Executing controller action with signature System.Threading.Tasks.Task`1[Microsoft.AspNetCore.Mvc.IActionResult] Delete(Int32) on controller MyShop.Controllers.ItemController (MyShop).
2024-10-14 15:14:00.397 +02:00 [INF] Executing ViewResult, running view Delete.
2024-10-14 15:14:00.406 +02:00 [INF] Executed ViewResult - view Delete executed in 9.4992ms.
2024-10-14 15:14:00.406 +02:00 [INF] Executed action MyShop.Controllers.ItemController.Delete (MyShop) in 48.5342ms
2024-10-14 15:14:00.406 +02:00 [INF] Executed endpoint 'MyShop.Controllers.ItemController.Delete (MyShop)'
2024-10-14 15:14:00.407 +02:00 [INF] Request finished HTTP/1.1 GET http://localhost:5092/Item/Delete/1 - 200 null text/html; charset=utf-8 55.0109ms
2024-10-14 15:14:00.419 +02:00 [INF] Request starting HTTP/1.1 GET http://localhost:5092/lib/jquery-validate/jquery.validate.js - null null
2024-10-14 15:14:00.420 +02:00 [INF] Request finished HTTP/1.1 GET http://localhost:5092/lib/jquery-validate/jquery.validate.js - 404 0 null 0.82ms
2024-10-14 15:14:00.420 +02:00 [INF] Request reached the end of the middleware pipeline without being handled by application code. Request path: GET http://localhost:5092/lib/jquery-validate/jquery.validate.js, Response status code: 404
2024-10-14 15:14:00.422 +02:00 [INF] Request starting HTTP/1.1 GET http://localhost:5092/lib/jquery-validation-unobtrusive/jquery.validate.unobtrusive.js - null null
2024-10-14 15:14:00.423 +02:00 [INF] Request finished HTTP/1.1 GET http://localhost:5092/lib/jquery-validation-unobtrusive/jquery.validate.unobtrusive.js - 404 0 null 0.4437ms
2024-10-14 15:14:00.423 +02:00 [INF] Request reached the end of the middleware pipeline without being handled by application code. Request path: GET http://localhost:5092/lib/jquery-validation-unobtrusive/jquery.validate.unobtrusive.js, Response status code: 404
2024-10-14 15:14:01.789 +02:00 [INF] Request starting HTTP/1.1 POST http://localhost:5092/Item/DeleteConfirmed/1 - application/x-www-form-urlencoded 182
2024-10-14 15:14:01.789 +02:00 [INF] Executing endpoint 'MyShop.Controllers.ItemController.DeleteConfirmed (MyShop)'
2024-10-14 15:14:01.793 +02:00 [INF] Route matched with {action = "DeleteConfirmed", controller = "Item", page = "", area = ""}. Executing controller action with signature System.Threading.Tasks.Task`1[Microsoft.AspNetCore.Mvc.IActionResult] DeleteConfirmed(Int32) on controller MyShop.Controllers.ItemController (MyShop).
2024-10-14 15:14:01.821 +02:00 [INF] Executing RedirectResult, redirecting to /Item/Table.
2024-10-14 15:14:01.821 +02:00 [INF] Executed action MyShop.Controllers.ItemController.DeleteConfirmed (MyShop) in 28.1453ms
2024-10-14 15:14:01.822 +02:00 [INF] Executed endpoint 'MyShop.Controllers.ItemController.DeleteConfirmed (MyShop)'
2024-10-14 15:14:01.822 +02:00 [INF] Request finished HTTP/1.1 POST http://localhost:5092/Item/DeleteConfirmed/1 - 302 0 null 32.9375ms
2024-10-14 15:14:01.825 +02:00 [INF] Request starting HTTP/1.1 GET http://localhost:5092/Item/Table - null null
2024-10-14 15:14:01.826 +02:00 [INF] Executing endpoint 'MyShop.Controllers.ItemController.Table (MyShop)'
2024-10-14 15:14:01.826 +02:00 [INF] Route matched with {action = "Table", controller = "Item", page = "", area = ""}. Executing controller action with signature System.Threading.Tasks.Task`1[Microsoft.AspNetCore.Mvc.IActionResult] Table() on controller MyShop.Controllers.ItemController (MyShop).
2024-10-14 15:14:01.827 +02:00 [INF] Executing ViewResult, running view Table.
2024-10-14 15:14:01.830 +02:00 [INF] Executed ViewResult - view Table executed in 2.676ms.
2024-10-14 15:14:01.830 +02:00 [INF] Executed action MyShop.Controllers.ItemController.Table (MyShop) in 4.723ms
2024-10-14 15:14:01.831 +02:00 [INF] Executed endpoint 'MyShop.Controllers.ItemController.Table (MyShop)'
2024-10-14 15:14:01.831 +02:00 [INF] Request finished HTTP/1.1 GET http://localhost:5092/Item/Table - 200 null text/html; charset=utf-8 5.9338ms
2024-10-14 15:14:01.845 +02:00 [INF] Request starting HTTP/1.1 GET http://localhost:5092/lib/jquery-validation-unobtrusive/jquery.validate.unobtrusive.js - null null
2024-10-14 15:14:01.845 +02:00 [INF] Request starting HTTP/1.1 GET http://localhost:5092/lib/jquery-validate/jquery.validate.js - null null
2024-10-14 15:14:01.846 +02:00 [INF] Request finished HTTP/1.1 GET http://localhost:5092/lib/jquery-validation-unobtrusive/jquery.validate.unobtrusive.js - 404 0 null 0.6852ms
2024-10-14 15:14:01.846 +02:00 [INF] Request finished HTTP/1.1 GET http://localhost:5092/lib/jquery-validate/jquery.validate.js - 404 0 null 0.6998ms
2024-10-14 15:14:01.846 +02:00 [INF] Request reached the end of the middleware pipeline without being handled by application code. Request path: GET http://localhost:5092/lib/jquery-validation-unobtrusive/jquery.validate.unobtrusive.js, Response status code: 404
2024-10-14 15:14:01.846 +02:00 [INF] Request reached the end of the middleware pipeline without being handled by application code. Request path: GET http://localhost:5092/lib/jquery-validate/jquery.validate.js, Response status code: 404
2024-10-14 15:14:03.531 +02:00 [INF] Request starting HTTP/1.1 GET http://localhost:5092/Item/Delete/2 - null null
2024-10-14 15:14:03.531 +02:00 [INF] Executing endpoint 'MyShop.Controllers.ItemController.Delete (MyShop)'
2024-10-14 15:14:03.531 +02:00 [INF] Route matched with {action = "Delete", controller = "Item", page = "", area = ""}. Executing controller action with signature System.Threading.Tasks.Task`1[Microsoft.AspNetCore.Mvc.IActionResult] Delete(Int32) on controller MyShop.Controllers.ItemController (MyShop).
2024-10-14 15:14:03.535 +02:00 [INF] Executing ViewResult, running view Delete.
2024-10-14 15:14:03.537 +02:00 [INF] Executed ViewResult - view Delete executed in 1.7944ms.
2024-10-14 15:14:03.537 +02:00 [INF] Executed action MyShop.Controllers.ItemController.Delete (MyShop) in 5.332ms
2024-10-14 15:14:03.537 +02:00 [INF] Executed endpoint 'MyShop.Controllers.ItemController.Delete (MyShop)'
2024-10-14 15:14:03.537 +02:00 [INF] Request finished HTTP/1.1 GET http://localhost:5092/Item/Delete/2 - 200 null text/html; charset=utf-8 6.1642ms
2024-10-14 15:14:03.553 +02:00 [INF] Request starting HTTP/1.1 GET http://localhost:5092/lib/jquery-validation-unobtrusive/jquery.validate.unobtrusive.js - null null
2024-10-14 15:14:03.553 +02:00 [INF] Request starting HTTP/1.1 GET http://localhost:5092/lib/jquery-validate/jquery.validate.js - null null
2024-10-14 15:14:03.554 +02:00 [INF] Request finished HTTP/1.1 GET http://localhost:5092/lib/jquery-validate/jquery.validate.js - 404 0 null 0.8743ms
2024-10-14 15:14:03.554 +02:00 [INF] Request finished HTTP/1.1 GET http://localhost:5092/lib/jquery-validation-unobtrusive/jquery.validate.unobtrusive.js - 404 0 null 0.8777ms
2024-10-14 15:14:03.554 +02:00 [INF] Request reached the end of the middleware pipeline without being handled by application code. Request path: GET http://localhost:5092/lib/jquery-validate/jquery.validate.js, Response status code: 404
2024-10-14 15:14:03.554 +02:00 [INF] Request reached the end of the middleware pipeline without being handled by application code. Request path: GET http://localhost:5092/lib/jquery-validation-unobtrusive/jquery.validate.unobtrusive.js, Response status code: 404
2024-10-14 15:14:04.789 +02:00 [INF] Request starting HTTP/1.1 POST http://localhost:5092/Item/DeleteConfirmed/2 - application/x-www-form-urlencoded 182
2024-10-14 15:14:04.789 +02:00 [INF] Executing endpoint 'MyShop.Controllers.ItemController.DeleteConfirmed (MyShop)'
2024-10-14 15:14:04.789 +02:00 [INF] Route matched with {action = "DeleteConfirmed", controller = "Item", page = "", area = ""}. Executing controller action with signature System.Threading.Tasks.Task`1[Microsoft.AspNetCore.Mvc.IActionResult] DeleteConfirmed(Int32) on controller MyShop.Controllers.ItemController (MyShop).
2024-10-14 15:14:04.794 +02:00 [INF] Executing RedirectResult, redirecting to /Item/Table.
2024-10-14 15:14:04.794 +02:00 [INF] Executed action MyShop.Controllers.ItemController.DeleteConfirmed (MyShop) in 4.5879ms
2024-10-14 15:14:04.794 +02:00 [INF] Executed endpoint 'MyShop.Controllers.ItemController.DeleteConfirmed (MyShop)'
2024-10-14 15:14:04.794 +02:00 [INF] Request finished HTTP/1.1 POST http://localhost:5092/Item/DeleteConfirmed/2 - 302 0 null 5.2022ms
2024-10-14 15:14:04.797 +02:00 [INF] Request starting HTTP/1.1 GET http://localhost:5092/Item/Table - null null
2024-10-14 15:14:04.797 +02:00 [INF] Executing endpoint 'MyShop.Controllers.ItemController.Table (MyShop)'
2024-10-14 15:14:04.798 +02:00 [INF] Route matched with {action = "Table", controller = "Item", page = "", area = ""}. Executing controller action with signature System.Threading.Tasks.Task`1[Microsoft.AspNetCore.Mvc.IActionResult] Table() on controller MyShop.Controllers.ItemController (MyShop).
2024-10-14 15:14:04.799 +02:00 [INF] Executing ViewResult, running view Table.
2024-10-14 15:14:04.801 +02:00 [INF] Executed ViewResult - view Table executed in 1.9363ms.
2024-10-14 15:14:04.801 +02:00 [INF] Executed action MyShop.Controllers.ItemController.Table (MyShop) in 3.7558ms
2024-10-14 15:14:04.801 +02:00 [INF] Executed endpoint 'MyShop.Controllers.ItemController.Table (MyShop)'
2024-10-14 15:14:04.802 +02:00 [INF] Request finished HTTP/1.1 GET http://localhost:5092/Item/Table - 200 null text/html; charset=utf-8 4.6326ms
2024-10-14 15:14:04.814 +02:00 [INF] Request starting HTTP/1.1 GET http://localhost:5092/lib/jquery-validate/jquery.validate.js - null null
2024-10-14 15:14:04.814 +02:00 [INF] Request starting HTTP/1.1 GET http://localhost:5092/lib/jquery-validation-unobtrusive/jquery.validate.unobtrusive.js - null null
2024-10-14 15:14:04.815 +02:00 [INF] Request finished HTTP/1.1 GET http://localhost:5092/lib/jquery-validate/jquery.validate.js - 404 0 null 0.6246ms
2024-10-14 15:14:04.815 +02:00 [INF] Request reached the end of the middleware pipeline without being handled by application code. Request path: GET http://localhost:5092/lib/jquery-validate/jquery.validate.js, Response status code: 404
2024-10-14 15:14:04.815 +02:00 [INF] Request finished HTTP/1.1 GET http://localhost:5092/lib/jquery-validation-unobtrusive/jquery.validate.unobtrusive.js - 404 0 null 0.8514ms
2024-10-14 15:14:04.815 +02:00 [INF] Request reached the end of the middleware pipeline without being handled by application code. Request path: GET http://localhost:5092/lib/jquery-validation-unobtrusive/jquery.validate.unobtrusive.js, Response status code: 404
2024-10-14 15:14:12.140 +02:00 [INF] Application is shutting down...
