2024-10-14 15:11:52.006 +02:00 [INF] User profile is available. Using 'C:\Users\Bruker\AppData\Local\ASP.NET\DataProtection-Keys' as key repository and Windows DPAPI to encrypt keys at rest.
2024-10-14 15:11:52.124 +02:00 [INF] Now listening on: http://localhost:5092
2024-10-14 15:11:52.126 +02:00 [INF] Application started. Press Ctrl+C to shut down.
2024-10-14 15:11:52.127 +02:00 [INF] Hosting environment: Development
2024-10-14 15:11:52.127 +02:00 [INF] Content root path: C:\Users\Bruker\Desktop\Webapplikasjoner-ITPE3200\MyShop\MyShop
2024-10-14 15:11:55.638 +02:00 [INF] Request starting HTTP/1.1 GET http://localhost:5092/ - null null
2024-10-14 15:11:55.659 +02:00 [INF] Executing endpoint 'MyShop.Controllers.HomeController.Index (MyShop)'
2024-10-14 15:11:55.664 +02:00 [INF] Route matched with {action = "Index", controller = "Home", page = "", area = ""}. Executing controller action with signature Microsoft.AspNetCore.Mvc.IActionResult Index() on controller MyShop.Controllers.HomeController (MyShop).
2024-10-14 15:11:55.668 +02:00 [INF] Executing ViewResult, running view Index.
2024-10-14 15:11:55.711 +02:00 [INF] Executed ViewResult - view Index executed in 43.6495ms.
2024-10-14 15:11:55.712 +02:00 [INF] Executed action MyShop.Controllers.HomeController.Index (MyShop) in 47.7058ms
2024-10-14 15:11:55.712 +02:00 [INF] Executed endpoint 'MyShop.Controllers.HomeController.Index (MyShop)'
2024-10-14 15:11:55.716 +02:00 [INF] Request finished HTTP/1.1 GET http://localhost:5092/ - 200 null text/html; charset=utf-8 78.413ms
2024-10-14 15:11:55.730 +02:00 [INF] Request starting HTTP/1.1 GET http://localhost:5092/lib/jquery-validate/jquery.validate.js - null null
2024-10-14 15:11:55.730 +02:00 [INF] Request starting HTTP/1.1 GET http://localhost:5092/lib/jquery-validation-unobtrusive/jquery.validate.unobtrusive.js - null null
2024-10-14 15:11:55.733 +02:00 [INF] Request finished HTTP/1.1 GET http://localhost:5092/lib/jquery-validate/jquery.validate.js - 404 0 null 2.631ms
2024-10-14 15:11:55.733 +02:00 [INF] Request finished HTTP/1.1 GET http://localhost:5092/lib/jquery-validation-unobtrusive/jquery.validate.unobtrusive.js - 404 0 null 2.6312ms
2024-10-14 15:11:55.733 +02:00 [INF] Request reached the end of the middleware pipeline without being handled by application code. Request path: GET http://localhost:5092/lib/jquery-validate/jquery.validate.js, Response status code: 404
2024-10-14 15:11:55.733 +02:00 [INF] Request reached the end of the middleware pipeline without being handled by application code. Request path: GET http://localhost:5092/lib/jquery-validation-unobtrusive/jquery.validate.unobtrusive.js, Response status code: 404
2024-10-14 15:11:57.591 +02:00 [INF] Request starting HTTP/1.1 GET http://localhost:5092/Item/Table - null null
2024-10-14 15:11:57.593 +02:00 [INF] Executing endpoint 'MyShop.Controllers.ItemController.Table (MyShop)'
2024-10-14 15:11:57.596 +02:00 [INF] Route matched with {action = "Table", controller = "Item", page = "", area = ""}. Executing controller action with signature System.Threading.Tasks.Task`1[Microsoft.AspNetCore.Mvc.IActionResult] Table() on controller MyShop.Controllers.ItemController (MyShop).
2024-10-14 15:11:57.627 +02:00 [INF] Executing ViewResult, running view Table.
2024-10-14 15:11:57.637 +02:00 [INF] Executed ViewResult - view Table executed in 10.8643ms.
2024-10-14 15:11:57.637 +02:00 [INF] Executed action MyShop.Controllers.ItemController.Table (MyShop) in 41.0597ms
2024-10-14 15:11:57.637 +02:00 [INF] Executed endpoint 'MyShop.Controllers.ItemController.Table (MyShop)'
2024-10-14 15:11:57.639 +02:00 [INF] Request finished HTTP/1.1 GET http://localhost:5092/Item/Table - 200 null text/html; charset=utf-8 48.559ms
2024-10-14 15:11:57.654 +02:00 [INF] Request starting HTTP/1.1 GET http://localhost:5092/lib/jquery-validate/jquery.validate.js - null null
2024-10-14 15:11:57.655 +02:00 [INF] Request finished HTTP/1.1 GET http://localhost:5092/lib/jquery-validate/jquery.validate.js - 404 0 null 0.8974ms
2024-10-14 15:11:57.655 +02:00 [INF] Request reached the end of the middleware pipeline without being handled by application code. Request path: GET http://localhost:5092/lib/jquery-validate/jquery.validate.js, Response status code: 404
2024-10-14 15:11:57.657 +02:00 [INF] Request starting HTTP/1.1 GET http://localhost:5092/lib/jquery-validation-unobtrusive/jquery.validate.unobtrusive.js - null null
2024-10-14 15:11:57.657 +02:00 [INF] Request finished HTTP/1.1 GET http://localhost:5092/lib/jquery-validation-unobtrusive/jquery.validate.unobtrusive.js - 404 0 null 0.4736ms
2024-10-14 15:11:57.657 +02:00 [INF] Request reached the end of the middleware pipeline without being handled by application code. Request path: GET http://localhost:5092/lib/jquery-validation-unobtrusive/jquery.validate.unobtrusive.js, Response status code: 404
2024-10-14 15:11:59.566 +02:00 [INF] Request starting HTTP/1.1 GET http://localhost:5092/Item/Delete/1 - null null
2024-10-14 15:11:59.567 +02:00 [INF] Executing endpoint 'MyShop.Controllers.ItemController.Delete (MyShop)'
2024-10-14 15:11:59.572 +02:00 [INF] Route matched with {action = "Delete", controller = "Item", page = "", area = ""}. Executing controller action with signature System.Threading.Tasks.Task`1[Microsoft.AspNetCore.Mvc.IActionResult] Delete(Int32) on controller MyShop.Controllers.ItemController (MyShop).
2024-10-14 15:11:59.612 +02:00 [INF] Executing ViewResult, running view Delete.
2024-10-14 15:11:59.621 +02:00 [INF] Executed ViewResult - view Delete executed in 9.8479ms.
2024-10-14 15:11:59.622 +02:00 [INF] Executed action MyShop.Controllers.ItemController.Delete (MyShop) in 49.6371ms
2024-10-14 15:11:59.622 +02:00 [INF] Executed endpoint 'MyShop.Controllers.ItemController.Delete (MyShop)'
2024-10-14 15:11:59.622 +02:00 [INF] Request finished HTTP/1.1 GET http://localhost:5092/Item/Delete/1 - 200 null text/html; charset=utf-8 56.1875ms
2024-10-14 15:11:59.638 +02:00 [INF] Request starting HTTP/1.1 GET http://localhost:5092/lib/jquery-validation-unobtrusive/jquery.validate.unobtrusive.js - null null
2024-10-14 15:11:59.638 +02:00 [INF] Request starting HTTP/1.1 GET http://localhost:5092/lib/jquery-validate/jquery.validate.js - null null
2024-10-14 15:11:59.639 +02:00 [INF] Request finished HTTP/1.1 GET http://localhost:5092/lib/jquery-validate/jquery.validate.js - 404 0 null 0.5544ms
2024-10-14 15:11:59.639 +02:00 [INF] Request finished HTTP/1.1 GET http://localhost:5092/lib/jquery-validation-unobtrusive/jquery.validate.unobtrusive.js - 404 0 null 0.5545ms
2024-10-14 15:11:59.639 +02:00 [INF] Request reached the end of the middleware pipeline without being handled by application code. Request path: GET http://localhost:5092/lib/jquery-validate/jquery.validate.js, Response status code: 404
2024-10-14 15:11:59.639 +02:00 [INF] Request reached the end of the middleware pipeline without being handled by application code. Request path: GET http://localhost:5092/lib/jquery-validation-unobtrusive/jquery.validate.unobtrusive.js, Response status code: 404
2024-10-14 15:12:02.008 +02:00 [INF] Request starting HTTP/1.1 POST http://localhost:5092/Item/DeleteConfirmed/1 - application/x-www-form-urlencoded 182
2024-10-14 15:12:02.009 +02:00 [INF] Executing endpoint 'MyShop.Controllers.ItemController.DeleteConfirmed (MyShop)'
2024-10-14 15:12:02.011 +02:00 [INF] Route matched with {action = "DeleteConfirmed", controller = "Item", page = "", area = ""}. Executing controller action with signature System.Threading.Tasks.Task`1[Microsoft.AspNetCore.Mvc.IActionResult] DeleteConfirmed(Int32) on controller MyShop.Controllers.ItemController (MyShop).
2024-10-14 15:12:02.034 +02:00 [INF] Executing RedirectResult, redirecting to /Item/Table.
2024-10-14 15:12:02.034 +02:00 [INF] Executed action MyShop.Controllers.ItemController.DeleteConfirmed (MyShop) in 22.7179ms
2024-10-14 15:12:02.034 +02:00 [INF] Executed endpoint 'MyShop.Controllers.ItemController.DeleteConfirmed (MyShop)'
2024-10-14 15:12:02.034 +02:00 [INF] Request finished HTTP/1.1 POST http://localhost:5092/Item/DeleteConfirmed/1 - 302 0 null 25.8032ms
2024-10-14 15:12:02.037 +02:00 [INF] Request starting HTTP/1.1 GET http://localhost:5092/Item/Table - null null
2024-10-14 15:12:02.038 +02:00 [INF] Executing endpoint 'MyShop.Controllers.ItemController.Table (MyShop)'
2024-10-14 15:12:02.038 +02:00 [INF] Route matched with {action = "Table", controller = "Item", page = "", area = ""}. Executing controller action with signature System.Threading.Tasks.Task`1[Microsoft.AspNetCore.Mvc.IActionResult] Table() on controller MyShop.Controllers.ItemController (MyShop).
2024-10-14 15:12:02.039 +02:00 [INF] Executing ViewResult, running view Table.
2024-10-14 15:12:02.041 +02:00 [INF] Executed ViewResult - view Table executed in 1.5152ms.
2024-10-14 15:12:02.041 +02:00 [INF] Executed action MyShop.Controllers.ItemController.Table (MyShop) in 2.9428ms
2024-10-14 15:12:02.041 +02:00 [INF] Executed endpoint 'MyShop.Controllers.ItemController.Table (MyShop)'
2024-10-14 15:12:02.041 +02:00 [INF] Request finished HTTP/1.1 GET http://localhost:5092/Item/Table - 200 null text/html; charset=utf-8 3.6314ms
2024-10-14 15:12:02.050 +02:00 [INF] Request starting HTTP/1.1 GET http://localhost:5092/lib/jquery-validate/jquery.validate.js - null null
2024-10-14 15:12:02.050 +02:00 [INF] Request starting HTTP/1.1 GET http://localhost:5092/lib/jquery-validation-unobtrusive/jquery.validate.unobtrusive.js - null null
2024-10-14 15:12:02.051 +02:00 [INF] Request finished HTTP/1.1 GET http://localhost:5092/lib/jquery-validate/jquery.validate.js - 404 0 null 0.6882ms
2024-10-14 15:12:02.051 +02:00 [INF] Request finished HTTP/1.1 GET http://localhost:5092/lib/jquery-validation-unobtrusive/jquery.validate.unobtrusive.js - 404 0 null 0.6284ms
2024-10-14 15:12:02.051 +02:00 [INF] Request reached the end of the middleware pipeline without being handled by application code. Request path: GET http://localhost:5092/lib/jquery-validate/jquery.validate.js, Response status code: 404
2024-10-14 15:12:02.051 +02:00 [INF] Request reached the end of the middleware pipeline without being handled by application code. Request path: GET http://localhost:5092/lib/jquery-validation-unobtrusive/jquery.validate.unobtrusive.js, Response status code: 404
2024-10-14 15:12:33.513 +02:00 [INF] Application is shutting down...
