2024-10-14 15:04:37.034 +02:00 [INF] User profile is available. Using 'C:\Users\Bruker\AppData\Local\ASP.NET\DataProtection-Keys' as key repository and Windows DPAPI to encrypt keys at rest.
2024-10-14 15:04:37.118 +02:00 [INF] Now listening on: http://localhost:5092
2024-10-14 15:04:37.120 +02:00 [INF] Application started. Press Ctrl+C to shut down.
2024-10-14 15:04:37.120 +02:00 [INF] Hosting environment: Development
2024-10-14 15:04:37.120 +02:00 [INF] Content root path: C:\Users\Bruker\Desktop\Webapplikasjoner-ITPE3200\MyShop\MyShop
2024-10-14 15:04:37.201 +02:00 [INF] Request starting HTTP/1.1 GET http://localhost:5092/Order/Table - null null
2024-10-14 15:04:37.222 +02:00 [INF] Executing endpoint 'MyShop.Controllers.OrderController.Table (MyShop)'
2024-10-14 15:04:37.229 +02:00 [INF] Route matched with {action = "Table", controller = "Order", page = "", area = ""}. Executing controller action with signature System.Threading.Tasks.Task`1[Microsoft.AspNetCore.Mvc.IActionResult] Table() on controller MyShop.Controllers.OrderController (MyShop).
2024-10-14 15:04:37.261 +02:00 [INF] Executing ViewResult, running view Table.
2024-10-14 15:04:37.338 +02:00 [INF] Executed ViewResult - view Table executed in 76.7987ms.
2024-10-14 15:04:37.339 +02:00 [INF] Executed action MyShop.Controllers.OrderController.Table (MyShop) in 109.5658ms
2024-10-14 15:04:37.339 +02:00 [INF] Executed endpoint 'MyShop.Controllers.OrderController.Table (MyShop)'
2024-10-14 15:04:37.343 +02:00 [INF] Request finished HTTP/1.1 GET http://localhost:5092/Order/Table - 200 null text/html; charset=utf-8 143.2786ms
2024-10-14 15:04:37.350 +02:00 [INF] Request starting HTTP/1.1 GET http://localhost:5092/lib/jquery-validate/jquery.validate.js - null null
2024-10-14 15:04:37.350 +02:00 [INF] Request starting HTTP/1.1 GET http://localhost:5092/lib/jquery-validation-unobtrusive/jquery.validate.unobtrusive.js - null null
2024-10-14 15:04:37.352 +02:00 [INF] Request finished HTTP/1.1 GET http://localhost:5092/lib/jquery-validation-unobtrusive/jquery.validate.unobtrusive.js - 404 0 null 2.5116ms
2024-10-14 15:04:37.352 +02:00 [INF] Request finished HTTP/1.1 GET http://localhost:5092/lib/jquery-validate/jquery.validate.js - 404 0 null 2.5116ms
2024-10-14 15:04:37.353 +02:00 [INF] Request reached the end of the middleware pipeline without being handled by application code. Request path: GET http://localhost:5092/lib/jquery-validate/jquery.validate.js, Response status code: 404
2024-10-14 15:04:37.353 +02:00 [INF] Request reached the end of the middleware pipeline without being handled by application code. Request path: GET http://localhost:5092/lib/jquery-validation-unobtrusive/jquery.validate.unobtrusive.js, Response status code: 404
2024-10-14 15:04:38.527 +02:00 [INF] Request starting HTTP/1.1 GET http://localhost:5092/ - null null
2024-10-14 15:04:38.529 +02:00 [INF] Executing endpoint 'MyShop.Controllers.HomeController.Index (MyShop)'
2024-10-14 15:04:38.531 +02:00 [INF] Route matched with {action = "Index", controller = "Home", page = "", area = ""}. Executing controller action with signature Microsoft.AspNetCore.Mvc.IActionResult Index() on controller MyShop.Controllers.HomeController (MyShop).
2024-10-14 15:04:38.531 +02:00 [INF] Executing ViewResult, running view Index.
2024-10-14 15:04:38.538 +02:00 [INF] Executed ViewResult - view Index executed in 7.0807ms.
2024-10-14 15:04:38.538 +02:00 [INF] Executed action MyShop.Controllers.HomeController.Index (MyShop) in 7.5459ms
2024-10-14 15:04:38.538 +02:00 [INF] Executed endpoint 'MyShop.Controllers.HomeController.Index (MyShop)'
2024-10-14 15:04:38.538 +02:00 [INF] Request finished HTTP/1.1 GET http://localhost:5092/ - 200 null text/html; charset=utf-8 11.3564ms
2024-10-14 15:04:38.554 +02:00 [INF] Request starting HTTP/1.1 GET http://localhost:5092/lib/jquery-validate/jquery.validate.js - null null
2024-10-14 15:04:38.554 +02:00 [INF] Request starting HTTP/1.1 GET http://localhost:5092/lib/jquery-validation-unobtrusive/jquery.validate.unobtrusive.js - null null
2024-10-14 15:04:38.555 +02:00 [INF] Request finished HTTP/1.1 GET http://localhost:5092/lib/jquery-validation-unobtrusive/jquery.validate.unobtrusive.js - 404 0 null 0.6933ms
2024-10-14 15:04:38.555 +02:00 [INF] Request finished HTTP/1.1 GET http://localhost:5092/lib/jquery-validate/jquery.validate.js - 404 0 null 0.6932ms
2024-10-14 15:04:38.555 +02:00 [INF] Request reached the end of the middleware pipeline without being handled by application code. Request path: GET http://localhost:5092/lib/jquery-validation-unobtrusive/jquery.validate.unobtrusive.js, Response status code: 404
2024-10-14 15:04:38.555 +02:00 [INF] Request reached the end of the middleware pipeline without being handled by application code. Request path: GET http://localhost:5092/lib/jquery-validate/jquery.validate.js, Response status code: 404
2024-10-14 15:04:42.283 +02:00 [INF] Request starting HTTP/1.1 GET http://localhost:5092/Item/Table - null null
2024-10-14 15:04:42.284 +02:00 [INF] Executing endpoint 'MyShop.Controllers.ItemController.Table (MyShop)'
2024-10-14 15:04:42.286 +02:00 [INF] Route matched with {action = "Table", controller = "Item", page = "", area = ""}. Executing controller action with signature System.Threading.Tasks.Task`1[Microsoft.AspNetCore.Mvc.IActionResult] Table() on controller MyShop.Controllers.ItemController (MyShop).
2024-10-14 15:04:42.320 +02:00 [INF] Executing ViewResult, running view Table.
2024-10-14 15:04:42.332 +02:00 [INF] Executed ViewResult - view Table executed in 11.7374ms.
2024-10-14 15:04:42.332 +02:00 [INF] Executed action MyShop.Controllers.ItemController.Table (MyShop) in 45.5293ms
2024-10-14 15:04:42.332 +02:00 [INF] Executed endpoint 'MyShop.Controllers.ItemController.Table (MyShop)'
2024-10-14 15:04:42.332 +02:00 [INF] Request finished HTTP/1.1 GET http://localhost:5092/Item/Table - 200 null text/html; charset=utf-8 49.0744ms
2024-10-14 15:04:42.346 +02:00 [INF] Request starting HTTP/1.1 GET http://localhost:5092/lib/jquery-validate/jquery.validate.js - null null
2024-10-14 15:04:42.347 +02:00 [INF] Request finished HTTP/1.1 GET http://localhost:5092/lib/jquery-validate/jquery.validate.js - 404 0 null 0.8272ms
2024-10-14 15:04:42.347 +02:00 [INF] Request reached the end of the middleware pipeline without being handled by application code. Request path: GET http://localhost:5092/lib/jquery-validate/jquery.validate.js, Response status code: 404
2024-10-14 15:04:42.349 +02:00 [INF] Request starting HTTP/1.1 GET http://localhost:5092/lib/jquery-validation-unobtrusive/jquery.validate.unobtrusive.js - null null
2024-10-14 15:04:42.350 +02:00 [INF] Request finished HTTP/1.1 GET http://localhost:5092/lib/jquery-validation-unobtrusive/jquery.validate.unobtrusive.js - 404 0 null 0.9839ms
2024-10-14 15:04:42.350 +02:00 [INF] Request reached the end of the middleware pipeline without being handled by application code. Request path: GET http://localhost:5092/lib/jquery-validation-unobtrusive/jquery.validate.unobtrusive.js, Response status code: 404
2024-10-14 15:04:44.885 +02:00 [INF] Request starting HTTP/1.1 GET http://localhost:5092/Item/Create - null null
2024-10-14 15:04:44.886 +02:00 [INF] Executing endpoint 'MyShop.Controllers.ItemController.Create (MyShop)'
2024-10-14 15:04:44.888 +02:00 [INF] Route matched with {action = "Create", controller = "Item", page = "", area = ""}. Executing controller action with signature Microsoft.AspNetCore.Mvc.IActionResult Create() on controller MyShop.Controllers.ItemController (MyShop).
2024-10-14 15:04:44.889 +02:00 [INF] Executing ViewResult, running view Create.
2024-10-14 15:04:44.923 +02:00 [INF] Executed ViewResult - view Create executed in 34.5778ms.
2024-10-14 15:04:44.923 +02:00 [INF] Executed action MyShop.Controllers.ItemController.Create (MyShop) in 35.4017ms
2024-10-14 15:04:44.923 +02:00 [INF] Executed endpoint 'MyShop.Controllers.ItemController.Create (MyShop)'
2024-10-14 15:04:44.923 +02:00 [INF] Request finished HTTP/1.1 GET http://localhost:5092/Item/Create - 200 null text/html; charset=utf-8 38.6595ms
2024-10-14 15:04:44.937 +02:00 [INF] Request starting HTTP/1.1 GET http://localhost:5092/lib/jquery-validate/jquery.validate.js - null null
2024-10-14 15:04:44.938 +02:00 [INF] Request finished HTTP/1.1 GET http://localhost:5092/lib/jquery-validate/jquery.validate.js - 404 0 null 0.744ms
2024-10-14 15:04:44.938 +02:00 [INF] Request reached the end of the middleware pipeline without being handled by application code. Request path: GET http://localhost:5092/lib/jquery-validate/jquery.validate.js, Response status code: 404
2024-10-14 15:04:44.940 +02:00 [INF] Request starting HTTP/1.1 GET http://localhost:5092/lib/jquery-validation-unobtrusive/jquery.validate.unobtrusive.js - null null
2024-10-14 15:04:44.940 +02:00 [INF] Request finished HTTP/1.1 GET http://localhost:5092/lib/jquery-validation-unobtrusive/jquery.validate.unobtrusive.js - 404 0 null 0.4111ms
2024-10-14 15:04:44.940 +02:00 [INF] Request reached the end of the middleware pipeline without being handled by application code. Request path: GET http://localhost:5092/lib/jquery-validation-unobtrusive/jquery.validate.unobtrusive.js, Response status code: 404
2024-10-14 15:04:46.484 +02:00 [INF] Request starting HTTP/1.1 POST http://localhost:5092/Item/Create - application/x-www-form-urlencoded 218
2024-10-14 15:04:46.484 +02:00 [INF] Executing endpoint 'MyShop.Controllers.ItemController.Create (MyShop)'
2024-10-14 15:04:46.498 +02:00 [INF] Route matched with {action = "Create", controller = "Item", page = "", area = ""}. Executing controller action with signature System.Threading.Tasks.Task`1[Microsoft.AspNetCore.Mvc.IActionResult] Create(MyShop.Models.Item) on controller MyShop.Controllers.ItemController (MyShop).
2024-10-14 15:04:46.527 +02:00 [WRN] [ItemController] Item creation failed {"ItemId":0,"Name":null,"Price":0,"Description":null,"ImageUrl":null,"OrderItems":null,"$type":"Item"}
2024-10-14 15:04:46.529 +02:00 [INF] Executing ViewResult, running view Create.
2024-10-14 15:04:46.534 +02:00 [INF] Executed ViewResult - view Create executed in 4.7366ms.
2024-10-14 15:04:46.534 +02:00 [INF] Executed action MyShop.Controllers.ItemController.Create (MyShop) in 35.9547ms
2024-10-14 15:04:46.534 +02:00 [INF] Executed endpoint 'MyShop.Controllers.ItemController.Create (MyShop)'
2024-10-14 15:04:46.534 +02:00 [INF] Request finished HTTP/1.1 POST http://localhost:5092/Item/Create - 200 null text/html; charset=utf-8 50.4088ms
2024-10-14 15:04:46.544 +02:00 [INF] Request starting HTTP/1.1 GET http://localhost:5092/lib/jquery-validate/jquery.validate.js - null null
2024-10-14 15:04:46.544 +02:00 [INF] Request starting HTTP/1.1 GET http://localhost:5092/lib/jquery-validation-unobtrusive/jquery.validate.unobtrusive.js - null null
2024-10-14 15:04:46.545 +02:00 [INF] Request finished HTTP/1.1 GET http://localhost:5092/lib/jquery-validate/jquery.validate.js - 404 0 null 1.0455ms
2024-10-14 15:04:46.546 +02:00 [INF] Request finished HTTP/1.1 GET http://localhost:5092/lib/jquery-validation-unobtrusive/jquery.validate.unobtrusive.js - 404 0 null 1.0337ms
2024-10-14 15:04:46.546 +02:00 [INF] Request reached the end of the middleware pipeline without being handled by application code. Request path: GET http://localhost:5092/lib/jquery-validation-unobtrusive/jquery.validate.unobtrusive.js, Response status code: 404
2024-10-14 15:04:46.546 +02:00 [INF] Request reached the end of the middleware pipeline without being handled by application code. Request path: GET http://localhost:5092/lib/jquery-validate/jquery.validate.js, Response status code: 404
2024-10-14 15:04:55.197 +02:00 [INF] Request starting HTTP/1.1 POST http://localhost:5092/Item/Create - application/x-www-form-urlencoded 222
2024-10-14 15:04:55.197 +02:00 [INF] Executing endpoint 'MyShop.Controllers.ItemController.Create (MyShop)'
2024-10-14 15:04:55.197 +02:00 [INF] Route matched with {action = "Create", controller = "Item", page = "", area = ""}. Executing controller action with signature System.Threading.Tasks.Task`1[Microsoft.AspNetCore.Mvc.IActionResult] Create(MyShop.Models.Item) on controller MyShop.Controllers.ItemController (MyShop).
2024-10-14 15:04:55.202 +02:00 [WRN] [ItemController] Item creation failed {"ItemId":0,"Name":"e","Price":0,"Description":"e","ImageUrl":"e","OrderItems":null,"$type":"Item"}
2024-10-14 15:04:55.202 +02:00 [INF] Executing ViewResult, running view Create.
2024-10-14 15:04:55.204 +02:00 [INF] Executed ViewResult - view Create executed in 1.8446ms.
2024-10-14 15:04:55.204 +02:00 [INF] Executed action MyShop.Controllers.ItemController.Create (MyShop) in 6.5122ms
2024-10-14 15:04:55.204 +02:00 [INF] Executed endpoint 'MyShop.Controllers.ItemController.Create (MyShop)'
2024-10-14 15:04:55.204 +02:00 [INF] Request finished HTTP/1.1 POST http://localhost:5092/Item/Create - 200 null text/html; charset=utf-8 7.3622ms
2024-10-14 15:04:55.216 +02:00 [INF] Request starting HTTP/1.1 GET http://localhost:5092/lib/jquery-validation-unobtrusive/jquery.validate.unobtrusive.js - null null
2024-10-14 15:04:55.216 +02:00 [INF] Request starting HTTP/1.1 GET http://localhost:5092/lib/jquery-validate/jquery.validate.js - null null
2024-10-14 15:04:55.217 +02:00 [INF] Request finished HTTP/1.1 GET http://localhost:5092/lib/jquery-validation-unobtrusive/jquery.validate.unobtrusive.js - 404 0 null 0.5941ms
2024-10-14 15:04:55.217 +02:00 [INF] Request finished HTTP/1.1 GET http://localhost:5092/lib/jquery-validate/jquery.validate.js - 404 0 null 0.6065ms
2024-10-14 15:04:55.217 +02:00 [INF] Request reached the end of the middleware pipeline without being handled by application code. Request path: GET http://localhost:5092/lib/jquery-validation-unobtrusive/jquery.validate.unobtrusive.js, Response status code: 404
2024-10-14 15:04:55.217 +02:00 [INF] Request reached the end of the middleware pipeline without being handled by application code. Request path: GET http://localhost:5092/lib/jquery-validate/jquery.validate.js, Response status code: 404
2024-10-14 15:04:58.878 +02:00 [INF] Request starting HTTP/1.1 GET http://localhost:5092/Order/Table - null null
2024-10-14 15:04:58.880 +02:00 [INF] Executing endpoint 'MyShop.Controllers.OrderController.Table (MyShop)'
2024-10-14 15:04:58.880 +02:00 [INF] Route matched with {action = "Table", controller = "Order", page = "", area = ""}. Executing controller action with signature System.Threading.Tasks.Task`1[Microsoft.AspNetCore.Mvc.IActionResult] Table() on controller MyShop.Controllers.OrderController (MyShop).
2024-10-14 15:04:58.883 +02:00 [INF] Executing ViewResult, running view Table.
2024-10-14 15:04:58.894 +02:00 [INF] Executed ViewResult - view Table executed in 10.7431ms.
2024-10-14 15:04:58.894 +02:00 [INF] Executed action MyShop.Controllers.OrderController.Table (MyShop) in 14.0919ms
2024-10-14 15:04:58.894 +02:00 [INF] Executed endpoint 'MyShop.Controllers.OrderController.Table (MyShop)'
2024-10-14 15:04:58.895 +02:00 [INF] Request finished HTTP/1.1 GET http://localhost:5092/Order/Table - 200 null text/html; charset=utf-8 16.0573ms
2024-10-14 15:04:58.906 +02:00 [INF] Request starting HTTP/1.1 GET http://localhost:5092/lib/jquery-validate/jquery.validate.js - null null
2024-10-14 15:04:58.906 +02:00 [INF] Request starting HTTP/1.1 GET http://localhost:5092/lib/jquery-validation-unobtrusive/jquery.validate.unobtrusive.js - null null
2024-10-14 15:04:58.907 +02:00 [INF] Request finished HTTP/1.1 GET http://localhost:5092/lib/jquery-validation-unobtrusive/jquery.validate.unobtrusive.js - 404 0 null 0.7747ms
2024-10-14 15:04:58.907 +02:00 [INF] Request reached the end of the middleware pipeline without being handled by application code. Request path: GET http://localhost:5092/lib/jquery-validation-unobtrusive/jquery.validate.unobtrusive.js, Response status code: 404
2024-10-14 15:04:58.907 +02:00 [INF] Request finished HTTP/1.1 GET http://localhost:5092/lib/jquery-validate/jquery.validate.js - 404 0 null 0.7797ms
2024-10-14 15:04:58.907 +02:00 [INF] Request reached the end of the middleware pipeline without being handled by application code. Request path: GET http://localhost:5092/lib/jquery-validate/jquery.validate.js, Response status code: 404
2024-10-14 15:05:01.096 +02:00 [INF] Request starting HTTP/1.1 GET http://localhost:5092/Order/CreateOrderItem - null null
2024-10-14 15:05:01.096 +02:00 [INF] Executing endpoint 'MyShop.Controllers.OrderController.CreateOrderItem (MyShop)'
2024-10-14 15:05:01.099 +02:00 [INF] Route matched with {action = "CreateOrderItem", controller = "Order", page = "", area = ""}. Executing controller action with signature System.Threading.Tasks.Task`1[Microsoft.AspNetCore.Mvc.IActionResult] CreateOrderItem() on controller MyShop.Controllers.OrderController (MyShop).
2024-10-14 15:05:01.105 +02:00 [INF] Executing ViewResult, running view CreateOrderItem.
2024-10-14 15:05:01.125 +02:00 [INF] Executed ViewResult - view CreateOrderItem executed in 19.7997ms.
2024-10-14 15:05:01.125 +02:00 [INF] Executed action MyShop.Controllers.OrderController.CreateOrderItem (MyShop) in 25.4789ms
2024-10-14 15:05:01.125 +02:00 [INF] Executed endpoint 'MyShop.Controllers.OrderController.CreateOrderItem (MyShop)'
2024-10-14 15:05:01.125 +02:00 [INF] Request finished HTTP/1.1 GET http://localhost:5092/Order/CreateOrderItem - 200 null text/html; charset=utf-8 29.544ms
2024-10-14 15:05:01.147 +02:00 [INF] Request starting HTTP/1.1 GET http://localhost:5092/lib/jquery-validate/jquery.validate.js - null null
2024-10-14 15:05:01.147 +02:00 [INF] Request starting HTTP/1.1 GET http://localhost:5092/lib/jquery-validation-unobtrusive/jquery.validate.unobtrusive.js - null null
2024-10-14 15:05:01.147 +02:00 [INF] Request finished HTTP/1.1 GET http://localhost:5092/lib/jquery-validate/jquery.validate.js - 404 0 null 0.5774ms
2024-10-14 15:05:01.147 +02:00 [INF] Request reached the end of the middleware pipeline without being handled by application code. Request path: GET http://localhost:5092/lib/jquery-validate/jquery.validate.js, Response status code: 404
2024-10-14 15:05:01.147 +02:00 [INF] Request finished HTTP/1.1 GET http://localhost:5092/lib/jquery-validation-unobtrusive/jquery.validate.unobtrusive.js - 404 0 null 0.5697ms
2024-10-14 15:05:01.147 +02:00 [INF] Request reached the end of the middleware pipeline without being handled by application code. Request path: GET http://localhost:5092/lib/jquery-validation-unobtrusive/jquery.validate.unobtrusive.js, Response status code: 404
2024-10-14 15:05:02.418 +02:00 [INF] Request starting HTTP/1.1 POST http://localhost:5092/Order/CreateOrderItem - application/x-www-form-urlencoded 271
2024-10-14 15:05:02.419 +02:00 [INF] Executing endpoint 'MyShop.Controllers.OrderController.CreateOrderItem (MyShop)'
2024-10-14 15:05:02.422 +02:00 [INF] Route matched with {action = "CreateOrderItem", controller = "Order", page = "", area = ""}. Executing controller action with signature System.Threading.Tasks.Task`1[Microsoft.AspNetCore.Mvc.IActionResult] CreateOrderItem(MyShop.Models.OrderItem) on controller MyShop.Controllers.OrderController (MyShop).
2024-10-14 15:05:02.447 +02:00 [INF] Executing BadRequestObjectResult, writing value of type 'System.String'.
2024-10-14 15:05:02.448 +02:00 [INF] Executed action MyShop.Controllers.OrderController.CreateOrderItem (MyShop) in 25.5901ms
2024-10-14 15:05:02.448 +02:00 [INF] Executed endpoint 'MyShop.Controllers.OrderController.CreateOrderItem (MyShop)'
2024-10-14 15:05:02.448 +02:00 [INF] Request finished HTTP/1.1 POST http://localhost:5092/Order/CreateOrderItem - 400 null text/plain; charset=utf-8 30.0206ms
2024-10-14 15:05:06.648 +02:00 [INF] Request starting HTTP/1.1 GET http://localhost:5092/Order/CreateOrderItem - null null
2024-10-14 15:05:06.649 +02:00 [INF] Executing endpoint 'MyShop.Controllers.OrderController.CreateOrderItem (MyShop)'
2024-10-14 15:05:06.649 +02:00 [INF] Route matched with {action = "CreateOrderItem", controller = "Order", page = "", area = ""}. Executing controller action with signature System.Threading.Tasks.Task`1[Microsoft.AspNetCore.Mvc.IActionResult] CreateOrderItem() on controller MyShop.Controllers.OrderController (MyShop).
2024-10-14 15:05:06.653 +02:00 [INF] Executing ViewResult, running view CreateOrderItem.
2024-10-14 15:05:06.655 +02:00 [INF] Executed ViewResult - view CreateOrderItem executed in 1.9937ms.
2024-10-14 15:05:06.655 +02:00 [INF] Executed action MyShop.Controllers.OrderController.CreateOrderItem (MyShop) in 6.0274ms
2024-10-14 15:05:06.655 +02:00 [INF] Executed endpoint 'MyShop.Controllers.OrderController.CreateOrderItem (MyShop)'
2024-10-14 15:05:06.655 +02:00 [INF] Request finished HTTP/1.1 GET http://localhost:5092/Order/CreateOrderItem - 200 null text/html; charset=utf-8 7.0273ms
2024-10-14 15:05:10.801 +02:00 [INF] Request starting HTTP/1.1 POST http://localhost:5092/Order/CreateOrderItem - application/x-www-form-urlencoded 273
2024-10-14 15:05:10.801 +02:00 [INF] Executing endpoint 'MyShop.Controllers.OrderController.CreateOrderItem (MyShop)'
2024-10-14 15:05:10.802 +02:00 [INF] Route matched with {action = "CreateOrderItem", controller = "Order", page = "", area = ""}. Executing controller action with signature System.Threading.Tasks.Task`1[Microsoft.AspNetCore.Mvc.IActionResult] CreateOrderItem(MyShop.Models.OrderItem) on controller MyShop.Controllers.OrderController (MyShop).
2024-10-14 15:05:10.830 +02:00 [INF] Executing RedirectResult, redirecting to /Order/Table.
2024-10-14 15:05:10.830 +02:00 [INF] Executed action MyShop.Controllers.OrderController.CreateOrderItem (MyShop) in 28.0931ms
2024-10-14 15:05:10.830 +02:00 [INF] Executed endpoint 'MyShop.Controllers.OrderController.CreateOrderItem (MyShop)'
2024-10-14 15:05:10.830 +02:00 [INF] Request finished HTTP/1.1 POST http://localhost:5092/Order/CreateOrderItem - 302 0 null 28.9503ms
2024-10-14 15:05:10.833 +02:00 [INF] Request starting HTTP/1.1 GET http://localhost:5092/Order/Table - null null
2024-10-14 15:05:10.833 +02:00 [INF] Executing endpoint 'MyShop.Controllers.OrderController.Table (MyShop)'
2024-10-14 15:05:10.833 +02:00 [INF] Route matched with {action = "Table", controller = "Order", page = "", area = ""}. Executing controller action with signature System.Threading.Tasks.Task`1[Microsoft.AspNetCore.Mvc.IActionResult] Table() on controller MyShop.Controllers.OrderController (MyShop).
2024-10-14 15:05:10.835 +02:00 [INF] Executing ViewResult, running view Table.
2024-10-14 15:05:10.842 +02:00 [INF] Executed ViewResult - view Table executed in 6.9067ms.
2024-10-14 15:05:10.842 +02:00 [INF] Executed action MyShop.Controllers.OrderController.Table (MyShop) in 8.8294ms
2024-10-14 15:05:10.842 +02:00 [INF] Executed endpoint 'MyShop.Controllers.OrderController.Table (MyShop)'
2024-10-14 15:05:10.842 +02:00 [INF] Request finished HTTP/1.1 GET http://localhost:5092/Order/Table - 200 null text/html; charset=utf-8 9.5477ms
2024-10-14 15:05:10.853 +02:00 [INF] Request starting HTTP/1.1 GET http://localhost:5092/lib/jquery-validate/jquery.validate.js - null null
2024-10-14 15:05:10.853 +02:00 [INF] Request starting HTTP/1.1 GET http://localhost:5092/lib/jquery-validation-unobtrusive/jquery.validate.unobtrusive.js - null null
2024-10-14 15:05:10.854 +02:00 [INF] Request finished HTTP/1.1 GET http://localhost:5092/lib/jquery-validate/jquery.validate.js - 404 0 null 0.554ms
2024-10-14 15:05:10.854 +02:00 [INF] Request finished HTTP/1.1 GET http://localhost:5092/lib/jquery-validation-unobtrusive/jquery.validate.unobtrusive.js - 404 0 null 0.5606ms
2024-10-14 15:05:10.854 +02:00 [INF] Request reached the end of the middleware pipeline without being handled by application code. Request path: GET http://localhost:5092/lib/jquery-validate/jquery.validate.js, Response status code: 404
2024-10-14 15:05:10.854 +02:00 [INF] Request reached the end of the middleware pipeline without being handled by application code. Request path: GET http://localhost:5092/lib/jquery-validation-unobtrusive/jquery.validate.unobtrusive.js, Response status code: 404
2024-10-14 15:05:59.285 +02:00 [INF] Application is shutting down...
