2024-10-14 15:10:31.617 +02:00 [INF] User profile is available. Using 'C:\Users\Bruker\AppData\Local\ASP.NET\DataProtection-Keys' as key repository and Windows DPAPI to encrypt keys at rest.
2024-10-14 15:10:31.713 +02:00 [INF] Now listening on: http://localhost:5092
2024-10-14 15:10:31.715 +02:00 [INF] Application started. Press Ctrl+C to shut down.
2024-10-14 15:10:31.716 +02:00 [INF] Hosting environment: Development
2024-10-14 15:10:31.716 +02:00 [INF] Content root path: C:\Users\Bruker\Desktop\Webapplikasjoner-ITPE3200\MyShop\MyShop
2024-10-14 15:10:31.776 +02:00 [INF] Request starting HTTP/1.1 GET http://localhost:5092/ - null null
2024-10-14 15:10:31.799 +02:00 [INF] Executing endpoint 'MyShop.Controllers.HomeController.Index (MyShop)'
2024-10-14 15:10:31.804 +02:00 [INF] Route matched with {action = "Index", controller = "Home", page = "", area = ""}. Executing controller action with signature Microsoft.AspNetCore.Mvc.IActionResult Index() on controller MyShop.Controllers.HomeController (MyShop).
2024-10-14 15:10:31.808 +02:00 [INF] Executing ViewResult, running view Index.
2024-10-14 15:10:31.854 +02:00 [INF] Executed ViewResult - view Index executed in 46.1112ms.
2024-10-14 15:10:31.855 +02:00 [INF] Executed action MyShop.Controllers.HomeController.Index (MyShop) in 50.6713ms
2024-10-14 15:10:31.855 +02:00 [INF] Executed endpoint 'MyShop.Controllers.HomeController.Index (MyShop)'
2024-10-14 15:10:31.858 +02:00 [INF] Request finished HTTP/1.1 GET http://localhost:5092/ - 200 null text/html; charset=utf-8 83.558ms
2024-10-14 15:10:31.868 +02:00 [INF] Request starting HTTP/1.1 GET http://localhost:5092/lib/jquery-validate/jquery.validate.js - null null
2024-10-14 15:10:31.868 +02:00 [INF] Request starting HTTP/1.1 GET http://localhost:5092/lib/jquery-validation-unobtrusive/jquery.validate.unobtrusive.js - null null
2024-10-14 15:10:31.871 +02:00 [INF] Request finished HTTP/1.1 GET http://localhost:5092/lib/jquery-validate/jquery.validate.js - 404 0 null 2.7114ms
2024-10-14 15:10:31.871 +02:00 [INF] Request finished HTTP/1.1 GET http://localhost:5092/lib/jquery-validation-unobtrusive/jquery.validate.unobtrusive.js - 404 0 null 2.7116ms
2024-10-14 15:10:31.872 +02:00 [INF] Request reached the end of the middleware pipeline without being handled by application code. Request path: GET http://localhost:5092/lib/jquery-validation-unobtrusive/jquery.validate.unobtrusive.js, Response status code: 404
2024-10-14 15:10:31.872 +02:00 [INF] Request reached the end of the middleware pipeline without being handled by application code. Request path: GET http://localhost:5092/lib/jquery-validate/jquery.validate.js, Response status code: 404
2024-10-14 15:10:33.703 +02:00 [INF] Request starting HTTP/1.1 GET http://localhost:5092/Item/Table - null null
2024-10-14 15:10:33.705 +02:00 [INF] Executing endpoint 'MyShop.Controllers.ItemController.Table (MyShop)'
2024-10-14 15:10:33.708 +02:00 [INF] Route matched with {action = "Table", controller = "Item", page = "", area = ""}. Executing controller action with signature System.Threading.Tasks.Task`1[Microsoft.AspNetCore.Mvc.IActionResult] Table() on controller MyShop.Controllers.ItemController (MyShop).
2024-10-14 15:10:33.739 +02:00 [INF] Executing ViewResult, running view Table.
2024-10-14 15:10:33.747 +02:00 [INF] Executed ViewResult - view Table executed in 8.6304ms.
2024-10-14 15:10:33.748 +02:00 [INF] Executed action MyShop.Controllers.ItemController.Table (MyShop) in 39.697ms
2024-10-14 15:10:33.748 +02:00 [INF] Executed endpoint 'MyShop.Controllers.ItemController.Table (MyShop)'
2024-10-14 15:10:33.750 +02:00 [INF] Request finished HTTP/1.1 GET http://localhost:5092/Item/Table - 200 null text/html; charset=utf-8 46.9999ms
2024-10-14 15:10:33.766 +02:00 [INF] Request starting HTTP/1.1 GET http://localhost:5092/lib/jquery-validate/jquery.validate.js - null null
2024-10-14 15:10:33.766 +02:00 [INF] Request starting HTTP/1.1 GET http://localhost:5092/lib/jquery-validation-unobtrusive/jquery.validate.unobtrusive.js - null null
2024-10-14 15:10:33.766 +02:00 [INF] Request finished HTTP/1.1 GET http://localhost:5092/lib/jquery-validate/jquery.validate.js - 404 0 null 0.7686ms
2024-10-14 15:10:33.766 +02:00 [INF] Request finished HTTP/1.1 GET http://localhost:5092/lib/jquery-validation-unobtrusive/jquery.validate.unobtrusive.js - 404 0 null 0.6087ms
2024-10-14 15:10:33.767 +02:00 [INF] Request reached the end of the middleware pipeline without being handled by application code. Request path: GET http://localhost:5092/lib/jquery-validate/jquery.validate.js, Response status code: 404
2024-10-14 15:10:33.767 +02:00 [INF] Request reached the end of the middleware pipeline without being handled by application code. Request path: GET http://localhost:5092/lib/jquery-validation-unobtrusive/jquery.validate.unobtrusive.js, Response status code: 404
2024-10-14 15:10:34.966 +02:00 [INF] Request starting HTTP/1.1 GET http://localhost:5092/Item/Update/1 - null null
2024-10-14 15:10:34.967 +02:00 [INF] Executing endpoint 'MyShop.Controllers.ItemController.Update (MyShop)'
2024-10-14 15:10:34.973 +02:00 [INF] Route matched with {action = "Update", controller = "Item", page = "", area = ""}. Executing controller action with signature System.Threading.Tasks.Task`1[Microsoft.AspNetCore.Mvc.IActionResult] Update(Int32) on controller MyShop.Controllers.ItemController (MyShop).
2024-10-14 15:10:35.015 +02:00 [INF] Executing ViewResult, running view Update.
2024-10-14 15:10:35.045 +02:00 [INF] Executed ViewResult - view Update executed in 31.0382ms.
2024-10-14 15:10:35.046 +02:00 [INF] Executed action MyShop.Controllers.ItemController.Update (MyShop) in 72.9347ms
2024-10-14 15:10:35.046 +02:00 [INF] Executed endpoint 'MyShop.Controllers.ItemController.Update (MyShop)'
2024-10-14 15:10:35.046 +02:00 [INF] Request finished HTTP/1.1 GET http://localhost:5092/Item/Update/1 - 200 null text/html; charset=utf-8 79.5872ms
2024-10-14 15:10:35.061 +02:00 [INF] Request starting HTTP/1.1 GET http://localhost:5092/lib/jquery-validation-unobtrusive/jquery.validate.unobtrusive.js - null null
2024-10-14 15:10:35.061 +02:00 [INF] Request starting HTTP/1.1 GET http://localhost:5092/lib/jquery-validate/jquery.validate.js - null null
2024-10-14 15:10:35.061 +02:00 [INF] Request finished HTTP/1.1 GET http://localhost:5092/lib/jquery-validate/jquery.validate.js - 404 0 null 0.625ms
2024-10-14 15:10:35.061 +02:00 [INF] Request finished HTTP/1.1 GET http://localhost:5092/lib/jquery-validation-unobtrusive/jquery.validate.unobtrusive.js - 404 0 null 0.6291ms
2024-10-14 15:10:35.061 +02:00 [INF] Request reached the end of the middleware pipeline without being handled by application code. Request path: GET http://localhost:5092/lib/jquery-validate/jquery.validate.js, Response status code: 404
2024-10-14 15:10:35.061 +02:00 [INF] Request reached the end of the middleware pipeline without being handled by application code. Request path: GET http://localhost:5092/lib/jquery-validation-unobtrusive/jquery.validate.unobtrusive.js, Response status code: 404
2024-10-14 15:10:36.757 +02:00 [INF] Request starting HTTP/1.1 POST http://localhost:5092/Item/Update/1 - application/x-www-form-urlencoded 361
2024-10-14 15:10:36.757 +02:00 [INF] Executing endpoint 'MyShop.Controllers.ItemController.Update (MyShop)'
2024-10-14 15:10:36.763 +02:00 [INF] Route matched with {action = "Update", controller = "Item", page = "", area = ""}. Executing controller action with signature System.Threading.Tasks.Task`1[Microsoft.AspNetCore.Mvc.IActionResult] Update(MyShop.Models.Item) on controller MyShop.Controllers.ItemController (MyShop).
2024-10-14 15:10:36.780 +02:00 [INF] Executing RedirectResult, redirecting to /Item/Table.
2024-10-14 15:10:36.780 +02:00 [INF] Executed action MyShop.Controllers.ItemController.Update (MyShop) in 16.7925ms
2024-10-14 15:10:36.780 +02:00 [INF] Executed endpoint 'MyShop.Controllers.ItemController.Update (MyShop)'
2024-10-14 15:10:36.780 +02:00 [INF] Request finished HTTP/1.1 POST http://localhost:5092/Item/Update/1 - 302 0 null 23.4878ms
2024-10-14 15:10:36.783 +02:00 [INF] Request starting HTTP/1.1 GET http://localhost:5092/Item/Table - null null
2024-10-14 15:10:36.783 +02:00 [INF] Executing endpoint 'MyShop.Controllers.ItemController.Table (MyShop)'
2024-10-14 15:10:36.783 +02:00 [INF] Route matched with {action = "Table", controller = "Item", page = "", area = ""}. Executing controller action with signature System.Threading.Tasks.Task`1[Microsoft.AspNetCore.Mvc.IActionResult] Table() on controller MyShop.Controllers.ItemController (MyShop).
2024-10-14 15:10:36.785 +02:00 [INF] Executing ViewResult, running view Table.
2024-10-14 15:10:36.786 +02:00 [INF] Executed ViewResult - view Table executed in 1.6585ms.
2024-10-14 15:10:36.786 +02:00 [INF] Executed action MyShop.Controllers.ItemController.Table (MyShop) in 3.0581ms
2024-10-14 15:10:36.786 +02:00 [INF] Executed endpoint 'MyShop.Controllers.ItemController.Table (MyShop)'
2024-10-14 15:10:36.787 +02:00 [INF] Request finished HTTP/1.1 GET http://localhost:5092/Item/Table - 200 null text/html; charset=utf-8 3.7124ms
2024-10-14 15:10:36.799 +02:00 [INF] Request starting HTTP/1.1 GET http://localhost:5092/lib/jquery-validation-unobtrusive/jquery.validate.unobtrusive.js - null null
2024-10-14 15:10:36.799 +02:00 [INF] Request starting HTTP/1.1 GET http://localhost:5092/lib/jquery-validate/jquery.validate.js - null null
2024-10-14 15:10:36.799 +02:00 [INF] Request finished HTTP/1.1 GET http://localhost:5092/lib/jquery-validation-unobtrusive/jquery.validate.unobtrusive.js - 404 0 null 0.5619ms
2024-10-14 15:10:36.799 +02:00 [INF] Request reached the end of the middleware pipeline without being handled by application code. Request path: GET http://localhost:5092/lib/jquery-validation-unobtrusive/jquery.validate.unobtrusive.js, Response status code: 404
2024-10-14 15:10:36.799 +02:00 [INF] Request finished HTTP/1.1 GET http://localhost:5092/lib/jquery-validate/jquery.validate.js - 404 0 null 0.5619ms
2024-10-14 15:10:36.799 +02:00 [INF] Request reached the end of the middleware pipeline without being handled by application code. Request path: GET http://localhost:5092/lib/jquery-validate/jquery.validate.js, Response status code: 404
2024-10-14 15:10:41.406 +02:00 [INF] Request starting HTTP/1.1 GET http://localhost:5092/Item/Delete/1 - null null
2024-10-14 15:10:41.407 +02:00 [INF] Executing endpoint 'MyShop.Controllers.ItemController.Delete (MyShop)'
2024-10-14 15:10:41.410 +02:00 [INF] Route matched with {action = "Delete", controller = "Item", page = "", area = ""}. Executing controller action with signature System.Threading.Tasks.Task`1[Microsoft.AspNetCore.Mvc.IActionResult] Delete(Int32) on controller MyShop.Controllers.ItemController (MyShop).
2024-10-14 15:10:41.413 +02:00 [INF] Executing ViewResult, running view Delete.
2024-10-14 15:10:41.416 +02:00 [INF] Executed ViewResult - view Delete executed in 3.39ms.
2024-10-14 15:10:41.416 +02:00 [INF] Executed action MyShop.Controllers.ItemController.Delete (MyShop) in 6.7924ms
2024-10-14 15:10:41.416 +02:00 [INF] Executed endpoint 'MyShop.Controllers.ItemController.Delete (MyShop)'
2024-10-14 15:10:41.417 +02:00 [INF] Request finished HTTP/1.1 GET http://localhost:5092/Item/Delete/1 - 200 null text/html; charset=utf-8 10.297ms
2024-10-14 15:10:41.435 +02:00 [INF] Request starting HTTP/1.1 GET http://localhost:5092/lib/jquery-validate/jquery.validate.js - null null
2024-10-14 15:10:41.435 +02:00 [INF] Request starting HTTP/1.1 GET http://localhost:5092/lib/jquery-validation-unobtrusive/jquery.validate.unobtrusive.js - null null
2024-10-14 15:10:41.435 +02:00 [INF] Request finished HTTP/1.1 GET http://localhost:5092/lib/jquery-validation-unobtrusive/jquery.validate.unobtrusive.js - 404 0 null 0.5455ms
2024-10-14 15:10:41.435 +02:00 [INF] Request reached the end of the middleware pipeline without being handled by application code. Request path: GET http://localhost:5092/lib/jquery-validation-unobtrusive/jquery.validate.unobtrusive.js, Response status code: 404
2024-10-14 15:10:41.435 +02:00 [INF] Request finished HTTP/1.1 GET http://localhost:5092/lib/jquery-validate/jquery.validate.js - 404 0 null 0.6731ms
2024-10-14 15:10:41.435 +02:00 [INF] Request reached the end of the middleware pipeline without being handled by application code. Request path: GET http://localhost:5092/lib/jquery-validate/jquery.validate.js, Response status code: 404
2024-10-14 15:10:42.591 +02:00 [INF] Request starting HTTP/1.1 POST http://localhost:5092/Item/DeleteConfirmed/1 - application/x-www-form-urlencoded 182
2024-10-14 15:10:42.591 +02:00 [INF] Executing endpoint 'MyShop.Controllers.ItemController.DeleteConfirmed (MyShop)'
2024-10-14 15:10:42.593 +02:00 [INF] Route matched with {action = "DeleteConfirmed", controller = "Item", page = "", area = ""}. Executing controller action with signature System.Threading.Tasks.Task`1[Microsoft.AspNetCore.Mvc.IActionResult] DeleteConfirmed(Int32) on controller MyShop.Controllers.ItemController (MyShop).
2024-10-14 15:10:42.603 +02:00 [INF] Executing RedirectResult, redirecting to /Item/Table.
2024-10-14 15:10:42.604 +02:00 [INF] Executed action MyShop.Controllers.ItemController.DeleteConfirmed (MyShop) in 10.2471ms
2024-10-14 15:10:42.604 +02:00 [INF] Executed endpoint 'MyShop.Controllers.ItemController.DeleteConfirmed (MyShop)'
2024-10-14 15:10:42.604 +02:00 [INF] Request finished HTTP/1.1 POST http://localhost:5092/Item/DeleteConfirmed/1 - 302 0 null 13.2954ms
2024-10-14 15:10:42.607 +02:00 [INF] Request starting HTTP/1.1 GET http://localhost:5092/Item/Table - null null
2024-10-14 15:10:42.607 +02:00 [INF] Executing endpoint 'MyShop.Controllers.ItemController.Table (MyShop)'
2024-10-14 15:10:42.607 +02:00 [INF] Route matched with {action = "Table", controller = "Item", page = "", area = ""}. Executing controller action with signature System.Threading.Tasks.Task`1[Microsoft.AspNetCore.Mvc.IActionResult] Table() on controller MyShop.Controllers.ItemController (MyShop).
2024-10-14 15:10:42.608 +02:00 [INF] Executing ViewResult, running view Table.
2024-10-14 15:10:42.610 +02:00 [INF] Executed ViewResult - view Table executed in 1.516ms.
2024-10-14 15:10:42.610 +02:00 [INF] Executed action MyShop.Controllers.ItemController.Table (MyShop) in 2.9673ms
2024-10-14 15:10:42.610 +02:00 [INF] Executed endpoint 'MyShop.Controllers.ItemController.Table (MyShop)'
2024-10-14 15:10:42.610 +02:00 [INF] Request finished HTTP/1.1 GET http://localhost:5092/Item/Table - 200 null text/html; charset=utf-8 3.5057ms
2024-10-14 15:10:42.621 +02:00 [INF] Request starting HTTP/1.1 GET http://localhost:5092/lib/jquery-validation-unobtrusive/jquery.validate.unobtrusive.js - null null
2024-10-14 15:10:42.621 +02:00 [INF] Request starting HTTP/1.1 GET http://localhost:5092/lib/jquery-validate/jquery.validate.js - null null
2024-10-14 15:10:42.622 +02:00 [INF] Request finished HTTP/1.1 GET http://localhost:5092/lib/jquery-validation-unobtrusive/jquery.validate.unobtrusive.js - 404 0 null 0.4965ms
2024-10-14 15:10:42.622 +02:00 [INF] Request finished HTTP/1.1 GET http://localhost:5092/lib/jquery-validate/jquery.validate.js - 404 0 null 0.4949ms
2024-10-14 15:10:42.622 +02:00 [INF] Request reached the end of the middleware pipeline without being handled by application code. Request path: GET http://localhost:5092/lib/jquery-validation-unobtrusive/jquery.validate.unobtrusive.js, Response status code: 404
2024-10-14 15:10:42.622 +02:00 [INF] Request reached the end of the middleware pipeline without being handled by application code. Request path: GET http://localhost:5092/lib/jquery-validate/jquery.validate.js, Response status code: 404
2024-10-14 15:10:49.769 +02:00 [INF] Request starting HTTP/1.1 GET http://localhost:5092/Item/Delete/2 - null null
2024-10-14 15:10:49.769 +02:00 [INF] Executing endpoint 'MyShop.Controllers.ItemController.Delete (MyShop)'
2024-10-14 15:10:49.770 +02:00 [INF] Route matched with {action = "Delete", controller = "Item", page = "", area = ""}. Executing controller action with signature System.Threading.Tasks.Task`1[Microsoft.AspNetCore.Mvc.IActionResult] Delete(Int32) on controller MyShop.Controllers.ItemController (MyShop).
2024-10-14 15:10:49.771 +02:00 [INF] Executing ViewResult, running view Delete.
2024-10-14 15:10:49.772 +02:00 [INF] Executed ViewResult - view Delete executed in 1.0334ms.
2024-10-14 15:10:49.772 +02:00 [INF] Executed action MyShop.Controllers.ItemController.Delete (MyShop) in 2.4622ms
2024-10-14 15:10:49.772 +02:00 [INF] Executed endpoint 'MyShop.Controllers.ItemController.Delete (MyShop)'
2024-10-14 15:10:49.772 +02:00 [INF] Request finished HTTP/1.1 GET http://localhost:5092/Item/Delete/2 - 200 null text/html; charset=utf-8 3.0278ms
2024-10-14 15:10:49.788 +02:00 [INF] Request starting HTTP/1.1 GET http://localhost:5092/lib/jquery-validate/jquery.validate.js - null null
2024-10-14 15:10:49.788 +02:00 [INF] Request starting HTTP/1.1 GET http://localhost:5092/lib/jquery-validation-unobtrusive/jquery.validate.unobtrusive.js - null null
2024-10-14 15:10:49.789 +02:00 [INF] Request finished HTTP/1.1 GET http://localhost:5092/lib/jquery-validate/jquery.validate.js - 404 0 null 0.4449ms
2024-10-14 15:10:49.789 +02:00 [INF] Request finished HTTP/1.1 GET http://localhost:5092/lib/jquery-validation-unobtrusive/jquery.validate.unobtrusive.js - 404 0 null 0.385ms
2024-10-14 15:10:49.789 +02:00 [INF] Request reached the end of the middleware pipeline without being handled by application code. Request path: GET http://localhost:5092/lib/jquery-validate/jquery.validate.js, Response status code: 404
2024-10-14 15:10:49.789 +02:00 [INF] Request reached the end of the middleware pipeline without being handled by application code. Request path: GET http://localhost:5092/lib/jquery-validation-unobtrusive/jquery.validate.unobtrusive.js, Response status code: 404
2024-10-14 15:10:51.443 +02:00 [INF] Request starting HTTP/1.1 POST http://localhost:5092/Item/DeleteConfirmed/2 - application/x-www-form-urlencoded 182
2024-10-14 15:10:51.443 +02:00 [INF] Executing endpoint 'MyShop.Controllers.ItemController.DeleteConfirmed (MyShop)'
2024-10-14 15:10:51.443 +02:00 [INF] Route matched with {action = "DeleteConfirmed", controller = "Item", page = "", area = ""}. Executing controller action with signature System.Threading.Tasks.Task`1[Microsoft.AspNetCore.Mvc.IActionResult] DeleteConfirmed(Int32) on controller MyShop.Controllers.ItemController (MyShop).
2024-10-14 15:10:51.449 +02:00 [INF] Executing RedirectResult, redirecting to /Item/Table.
2024-10-14 15:10:51.449 +02:00 [INF] Executed action MyShop.Controllers.ItemController.DeleteConfirmed (MyShop) in 5.3524ms
2024-10-14 15:10:51.449 +02:00 [INF] Executed endpoint 'MyShop.Controllers.ItemController.DeleteConfirmed (MyShop)'
2024-10-14 15:10:51.449 +02:00 [INF] Request finished HTTP/1.1 POST http://localhost:5092/Item/DeleteConfirmed/2 - 302 0 null 5.9791ms
2024-10-14 15:10:51.452 +02:00 [INF] Request starting HTTP/1.1 GET http://localhost:5092/Item/Table - null null
2024-10-14 15:10:51.452 +02:00 [INF] Executing endpoint 'MyShop.Controllers.ItemController.Table (MyShop)'
2024-10-14 15:10:51.452 +02:00 [INF] Route matched with {action = "Table", controller = "Item", page = "", area = ""}. Executing controller action with signature System.Threading.Tasks.Task`1[Microsoft.AspNetCore.Mvc.IActionResult] Table() on controller MyShop.Controllers.ItemController (MyShop).
2024-10-14 15:10:51.454 +02:00 [INF] Executing ViewResult, running view Table.
2024-10-14 15:10:51.455 +02:00 [INF] Executed ViewResult - view Table executed in 0.9206ms.
2024-10-14 15:10:51.455 +02:00 [INF] Executed action MyShop.Controllers.ItemController.Table (MyShop) in 2.6791ms
2024-10-14 15:10:51.455 +02:00 [INF] Executed endpoint 'MyShop.Controllers.ItemController.Table (MyShop)'
2024-10-14 15:10:51.455 +02:00 [INF] Request finished HTTP/1.1 GET http://localhost:5092/Item/Table - 200 null text/html; charset=utf-8 3.5899ms
2024-10-14 15:10:51.468 +02:00 [INF] Request starting HTTP/1.1 GET http://localhost:5092/lib/jquery-validate/jquery.validate.js - null null
2024-10-14 15:10:51.468 +02:00 [INF] Request starting HTTP/1.1 GET http://localhost:5092/lib/jquery-validation-unobtrusive/jquery.validate.unobtrusive.js - null null
2024-10-14 15:10:51.468 +02:00 [INF] Request finished HTTP/1.1 GET http://localhost:5092/lib/jquery-validate/jquery.validate.js - 404 0 null 0.4365ms
2024-10-14 15:10:51.468 +02:00 [INF] Request reached the end of the middleware pipeline without being handled by application code. Request path: GET http://localhost:5092/lib/jquery-validate/jquery.validate.js, Response status code: 404
2024-10-14 15:10:51.469 +02:00 [INF] Request finished HTTP/1.1 GET http://localhost:5092/lib/jquery-validation-unobtrusive/jquery.validate.unobtrusive.js - 404 0 null 0.559ms
2024-10-14 15:10:51.469 +02:00 [INF] Request reached the end of the middleware pipeline without being handled by application code. Request path: GET http://localhost:5092/lib/jquery-validation-unobtrusive/jquery.validate.unobtrusive.js, Response status code: 404
2024-10-14 15:10:52.762 +02:00 [INF] Request starting HTTP/1.1 GET http://localhost:5092/Identity/Account/Login - null null
2024-10-14 15:10:52.763 +02:00 [INF] Executing endpoint '/Account/Login'
2024-10-14 15:10:52.769 +02:00 [INF] Route matched with {page = "/Account/Login", area = "Identity", action = "", controller = ""}. Executing page /Account/Login
2024-10-14 15:10:52.773 +02:00 [INF] Executing handler method MyShop.Areas.Identity.Pages.Account.LoginModel.OnGetAsync - ModelState is "Valid"
2024-10-14 15:10:52.776 +02:00 [INF] AuthenticationScheme: Identity.External signed out.
2024-10-14 15:10:52.776 +02:00 [INF] Executed handler method OnGetAsync, returned result .
2024-10-14 15:10:52.777 +02:00 [INF] Executing an implicit handler method - ModelState is "Valid"
2024-10-14 15:10:52.777 +02:00 [INF] Executed an implicit handler method, returned result Microsoft.AspNetCore.Mvc.RazorPages.PageResult.
2024-10-14 15:10:52.791 +02:00 [INF] Executed page /Account/Login in 21.7618ms
2024-10-14 15:10:52.791 +02:00 [INF] Executed endpoint '/Account/Login'
2024-10-14 15:10:52.791 +02:00 [INF] Request finished HTTP/1.1 GET http://localhost:5092/Identity/Account/Login - 200 null text/html; charset=utf-8 28.6338ms
2024-10-14 15:10:52.806 +02:00 [INF] Request starting HTTP/1.1 GET http://localhost:5092/lib/jquery-validate/jquery.validate.js - null null
2024-10-14 15:10:52.807 +02:00 [INF] Request finished HTTP/1.1 GET http://localhost:5092/lib/jquery-validate/jquery.validate.js - 404 0 null 0.833ms
2024-10-14 15:10:52.807 +02:00 [INF] Request reached the end of the middleware pipeline without being handled by application code. Request path: GET http://localhost:5092/lib/jquery-validate/jquery.validate.js, Response status code: 404
2024-10-14 15:10:52.808 +02:00 [INF] Request starting HTTP/1.1 GET http://localhost:5092/lib/jquery-validation-unobtrusive/jquery.validate.unobtrusive.js - null null
2024-10-14 15:10:52.808 +02:00 [INF] Request finished HTTP/1.1 GET http://localhost:5092/lib/jquery-validation-unobtrusive/jquery.validate.unobtrusive.js - 404 0 null 0.2989ms
2024-10-14 15:10:52.808 +02:00 [INF] Request reached the end of the middleware pipeline without being handled by application code. Request path: GET http://localhost:5092/lib/jquery-validation-unobtrusive/jquery.validate.unobtrusive.js, Response status code: 404
2024-10-14 15:10:52.808 +02:00 [INF] Request starting HTTP/1.1 GET http://localhost:5092/lib/jquery-validation/dist/jquery.validate.min.js - null null
2024-10-14 15:10:52.808 +02:00 [INF] Request starting HTTP/1.1 GET http://localhost:5092/lib/jquery-validation-unobtrusive/jquery.validate.unobtrusive.min.js - null null
2024-10-14 15:10:52.809 +02:00 [INF] Request finished HTTP/1.1 GET http://localhost:5092/lib/jquery-validation-unobtrusive/jquery.validate.unobtrusive.min.js - 404 0 null 0.3131ms
2024-10-14 15:10:52.809 +02:00 [INF] Request reached the end of the middleware pipeline without being handled by application code. Request path: GET http://localhost:5092/lib/jquery-validation-unobtrusive/jquery.validate.unobtrusive.min.js, Response status code: 404
2024-10-14 15:10:52.809 +02:00 [INF] Request finished HTTP/1.1 GET http://localhost:5092/lib/jquery-validation/dist/jquery.validate.min.js - 404 0 null 0.4958ms
2024-10-14 15:10:52.809 +02:00 [INF] Request reached the end of the middleware pipeline without being handled by application code. Request path: GET http://localhost:5092/lib/jquery-validation/dist/jquery.validate.min.js, Response status code: 404
2024-10-14 15:10:56.695 +02:00 [INF] Request starting HTTP/1.1 GET http://localhost:5092/Order/Table - null null
2024-10-14 15:10:56.695 +02:00 [INF] Executing endpoint 'MyShop.Controllers.OrderController.Table (MyShop)'
2024-10-14 15:10:56.698 +02:00 [INF] Route matched with {action = "Table", controller = "Order", page = "", area = ""}. Executing controller action with signature System.Threading.Tasks.Task`1[Microsoft.AspNetCore.Mvc.IActionResult] Table() on controller MyShop.Controllers.OrderController (MyShop).
2024-10-14 15:10:56.702 +02:00 [INF] Executing ViewResult, running view Table.
2024-10-14 15:10:56.728 +02:00 [INF] Executed ViewResult - view Table executed in 26.3208ms.
2024-10-14 15:10:56.728 +02:00 [INF] Executed action MyShop.Controllers.OrderController.Table (MyShop) in 30.5596ms
2024-10-14 15:10:56.728 +02:00 [INF] Executed endpoint 'MyShop.Controllers.OrderController.Table (MyShop)'
2024-10-14 15:10:56.729 +02:00 [INF] Request finished HTTP/1.1 GET http://localhost:5092/Order/Table - 200 null text/html; charset=utf-8 33.9423ms
2024-10-14 15:10:56.740 +02:00 [INF] Request starting HTTP/1.1 GET http://localhost:5092/lib/jquery-validate/jquery.validate.js - null null
2024-10-14 15:10:56.740 +02:00 [INF] Request starting HTTP/1.1 GET http://localhost:5092/lib/jquery-validation-unobtrusive/jquery.validate.unobtrusive.js - null null
2024-10-14 15:10:56.740 +02:00 [INF] Request finished HTTP/1.1 GET http://localhost:5092/lib/jquery-validate/jquery.validate.js - 404 0 null 0.4127ms
2024-10-14 15:10:56.740 +02:00 [INF] Request finished HTTP/1.1 GET http://localhost:5092/lib/jquery-validation-unobtrusive/jquery.validate.unobtrusive.js - 404 0 null 0.2859ms
2024-10-14 15:10:56.740 +02:00 [INF] Request reached the end of the middleware pipeline without being handled by application code. Request path: GET http://localhost:5092/lib/jquery-validate/jquery.validate.js, Response status code: 404
2024-10-14 15:10:56.740 +02:00 [INF] Request reached the end of the middleware pipeline without being handled by application code. Request path: GET http://localhost:5092/lib/jquery-validation-unobtrusive/jquery.validate.unobtrusive.js, Response status code: 404
2024-10-14 15:10:59.345 +02:00 [INF] Request starting HTTP/1.1 GET http://localhost:5092/Customer/Table - null null
2024-10-14 15:10:59.346 +02:00 [INF] Executing endpoint 'MyShop.Controllers.CustomerController.Table (MyShop)'
2024-10-14 15:10:59.348 +02:00 [INF] Route matched with {action = "Table", controller = "Customer", page = "", area = ""}. Executing controller action with signature System.Threading.Tasks.Task`1[Microsoft.AspNetCore.Mvc.IActionResult] Table() on controller MyShop.Controllers.CustomerController (MyShop).
2024-10-14 15:10:59.353 +02:00 [INF] Executing ViewResult, running view Table.
2024-10-14 15:10:59.362 +02:00 [INF] Executed ViewResult - view Table executed in 9.9665ms.
2024-10-14 15:10:59.362 +02:00 [INF] Executed action MyShop.Controllers.CustomerController.Table (MyShop) in 14.5489ms
2024-10-14 15:10:59.362 +02:00 [INF] Executed endpoint 'MyShop.Controllers.CustomerController.Table (MyShop)'
2024-10-14 15:10:59.362 +02:00 [INF] Request finished HTTP/1.1 GET http://localhost:5092/Customer/Table - 200 null text/html; charset=utf-8 17.2574ms
2024-10-14 15:10:59.382 +02:00 [INF] Request starting HTTP/1.1 GET http://localhost:5092/lib/jquery-validation-unobtrusive/jquery.validate.unobtrusive.js - null null
2024-10-14 15:10:59.382 +02:00 [INF] Request starting HTTP/1.1 GET http://localhost:5092/lib/jquery-validate/jquery.validate.js - null null
2024-10-14 15:10:59.382 +02:00 [INF] Request finished HTTP/1.1 GET http://localhost:5092/lib/jquery-validation-unobtrusive/jquery.validate.unobtrusive.js - 404 0 null 0.3892ms
2024-10-14 15:10:59.382 +02:00 [INF] Request finished HTTP/1.1 GET http://localhost:5092/lib/jquery-validate/jquery.validate.js - 404 0 null 0.3945ms
2024-10-14 15:10:59.382 +02:00 [INF] Request reached the end of the middleware pipeline without being handled by application code. Request path: GET http://localhost:5092/lib/jquery-validation-unobtrusive/jquery.validate.unobtrusive.js, Response status code: 404
2024-10-14 15:10:59.382 +02:00 [INF] Request reached the end of the middleware pipeline without being handled by application code. Request path: GET http://localhost:5092/lib/jquery-validate/jquery.validate.js, Response status code: 404
2024-10-14 15:11:00.656 +02:00 [INF] Request starting HTTP/1.1 GET http://localhost:5092/Item/Table - null null
2024-10-14 15:11:00.656 +02:00 [INF] Executing endpoint 'MyShop.Controllers.ItemController.Table (MyShop)'
2024-10-14 15:11:00.656 +02:00 [INF] Route matched with {action = "Table", controller = "Item", page = "", area = ""}. Executing controller action with signature System.Threading.Tasks.Task`1[Microsoft.AspNetCore.Mvc.IActionResult] Table() on controller MyShop.Controllers.ItemController (MyShop).
2024-10-14 15:11:00.657 +02:00 [INF] Executing ViewResult, running view Table.
2024-10-14 15:11:00.658 +02:00 [INF] Executed ViewResult - view Table executed in 0.5231ms.
2024-10-14 15:11:00.658 +02:00 [INF] Executed action MyShop.Controllers.ItemController.Table (MyShop) in 1.5795ms
2024-10-14 15:11:00.658 +02:00 [INF] Executed endpoint 'MyShop.Controllers.ItemController.Table (MyShop)'
2024-10-14 15:11:00.658 +02:00 [INF] Request finished HTTP/1.1 GET http://localhost:5092/Item/Table - 200 null text/html; charset=utf-8 2.0543ms
2024-10-14 15:11:00.676 +02:00 [INF] Request starting HTTP/1.1 GET http://localhost:5092/lib/jquery-validation-unobtrusive/jquery.validate.unobtrusive.js - null null
2024-10-14 15:11:00.676 +02:00 [INF] Request starting HTTP/1.1 GET http://localhost:5092/lib/jquery-validate/jquery.validate.js - null null
2024-10-14 15:11:00.676 +02:00 [INF] Request finished HTTP/1.1 GET http://localhost:5092/lib/jquery-validation-unobtrusive/jquery.validate.unobtrusive.js - 404 0 null 0.3184ms
2024-10-14 15:11:00.677 +02:00 [INF] Request finished HTTP/1.1 GET http://localhost:5092/lib/jquery-validate/jquery.validate.js - 404 0 null 0.3569ms
2024-10-14 15:11:00.677 +02:00 [INF] Request reached the end of the middleware pipeline without being handled by application code. Request path: GET http://localhost:5092/lib/jquery-validation-unobtrusive/jquery.validate.unobtrusive.js, Response status code: 404
2024-10-14 15:11:00.677 +02:00 [INF] Request reached the end of the middleware pipeline without being handled by application code. Request path: GET http://localhost:5092/lib/jquery-validate/jquery.validate.js, Response status code: 404
2024-10-14 15:11:46.174 +02:00 [INF] Application is shutting down...
